<?xml version="1.0" encoding="UTF-8"?>
<testsuites name="sanity_iOS" time="3747.082" tests="14" failures="5" skips="0" errors="0">
   <testsuite name="sanity_iOS" tests="14" failures="5" errors="0" time="3747.082" skips="0" timestamp="2021-10-06 21:55:02" hostname="sahil.vidaysingh - 192.168.29.216" id="Test Suites/sanity_iOS">
      <properties>
[...]
</properties>
      <testcase name="Test Cases/iOS/LogIn/Login_Page_Verfication" time="68.353" classname="Test Cases/iOS/LogIn/Login_Page_Verfication" status="PASSED">
         <system-out><![CDATA[2021-10-06 21:55:03 - [TEST_CASE][PASSED] - Test Cases/iOS/LogIn/Login_Page_Verfication: Test Cases/iOS/LogIn/Login_Page_Verfication

2021-10-06 21:55:03 - [TEST_STEP][PASSED] - ios_common_keywords.Start_Application.custom(): ios_common_keywords.Start_Application.custom is PASSED

2021-10-06 21:55:05 - [MESSAGE][INFO] - ios_webkit_debug_proxy server started on port 60518

2021-10-06 21:55:07 - [MESSAGE][INFO] - Appium server started on port 60,521

2021-10-06 21:56:02 - [MESSAGE][PASSED] - Started app at: '/Users/sahil.vidaysingh/Downloads/Hatch 3.app'

2021-10-06 21:56:02 - [MESSAGE][PASSED] - ios_common_keywords.Start_Application.custom is PASSED

2021-10-06 21:56:02 - [TEST_STEP][PASSED] - ios_login.Login_Screen.verify_LoginPage_Details(): ios_login.Login_Screen.verify_LoginPage_Details is PASSED

2021-10-06 21:56:02 - [MESSAGE][WARNING] - Timeout '0' is invalid. Using default page load timeout: '30'

2021-10-06 21:56:03 - [MESSAGE][PASSED] - Element 'Object Repository/iOS/LogIn/Login_Details_Screen/Forget_Password_Text' is exist

2021-10-06 21:56:03 - [MESSAGE][WARNING] - Timeout '0' is invalid. Using default page load timeout: '30'

2021-10-06 21:56:03 - [MESSAGE][PASSED] - Element 'Object Repository/iOS/LogIn/Login_Details_Screen/Welcome_Text' is exist

2021-10-06 21:56:03 - [MESSAGE][WARNING] - Timeout '0' is invalid. Using default page load timeout: '30'

2021-10-06 21:56:03 - [MESSAGE][PASSED] - Element 'Object Repository/iOS/LogIn/Login_Details_Screen/Order Express_Logo' is exist

2021-10-06 21:56:03 - [MESSAGE][PASSED] - ios_login.Login_Screen.verify_LoginPage_Details is PASSED

2021-10-06 21:56:03 - [TEST_STEP][PASSED] - ios_login.Login_Screen.login(password): ios_login.Login_Screen.login is PASSED

2021-10-06 21:56:04 - [MESSAGE][PASSED] - Element 'Object Repository/iOS/LogIn/Environment_Selection_Screen/Environment Selection_Text' is exist

2021-10-06 21:56:04 - [MESSAGE][WARNING] - Timeout '0' is invalid. Using default page load timeout: '30'

2021-10-06 21:56:05 - [MESSAGE][PASSED] - Tapped on element 'Object Repository/iOS/LogIn/Environment_Selection_Screen/Environment Selection_Text'

2021-10-06 21:56:05 - [MESSAGE][WARNING] - Timeout '0' is invalid. Using default page load timeout: '30'

2021-10-06 21:56:05 - [MESSAGE][PASSED] - Tapped on element 'Object Repository/iOS/LogIn/Environment_Selection_Screen/Environment_Button'

2021-10-06 21:56:05 - [MESSAGE][WARNING] - Timeout '0' is invalid. Using default page load timeout: '30'

2021-10-06 21:56:07 - [MESSAGE][PASSED] - Tapped on element 'Object Repository/iOS/LogIn/Login_Details_Screen/Login UserName_Button'

2021-10-06 21:56:07 - [MESSAGE][WARNING] - Timeout '0' is invalid. Using default page load timeout: '30'

2021-10-06 21:56:07 - [MESSAGE][PASSED] - Text 'kavan.mobile.r' has been set to element 'Object Repository/iOS/LogIn/Login_Details_Screen/UserName_Text_Field'

2021-10-06 21:56:07 - [MESSAGE][WARNING] - Timeout '0' is invalid. Using default page load timeout: '30'

2021-10-06 21:56:09 - [MESSAGE][PASSED] - Tapped on element 'Object Repository/iOS/LogIn/Login_Details_Screen/LoginBar-ButtonDown'

2021-10-06 21:56:09 - [MESSAGE][WARNING] - Timeout '0' is invalid. Using default page load timeout: '30'

2021-10-06 21:56:09 - [MESSAGE][PASSED] - Tapped on element 'Object Repository/iOS/LogIn/Login_Details_Screen/Password-Button'

2021-10-06 21:56:09 - [MESSAGE][WARNING] - Timeout '0' is invalid. Using default page load timeout: '30'

2021-10-06 21:56:10 - [MESSAGE][PASSED] - Text 'C@rdinal!' has been set to element 'Object Repository/iOS/LogIn/Login_Details_Screen/Password-Secure_Text_Field'

2021-10-06 21:56:10 - [MESSAGE][WARNING] - Timeout '0' is invalid. Using default page load timeout: '30'

2021-10-06 21:56:11 - [MESSAGE][PASSED] - Tapped on element 'Object Repository/iOS/LogIn/Login_Details_Screen/SignIn_Button'

2021-10-06 21:56:11 - [MESSAGE][PASSED] - ios_login.Login_Screen.login is PASSED]]></system-out>
         <system-err><![CDATA[]]></system-err>
      </testcase>
      <testcase name="Test Cases/iOS/Carts/Submit_Order_After_Edit_Order" time="251.214" classname="Test Cases/iOS/Carts/Submit_Order_After_Edit_Order" status="PASSED">
         <system-out><![CDATA[2021-10-06 21:56:11 - [TEST_CASE][PASSED] - Test Cases/iOS/Carts/Submit_Order_After_Edit_Order: Test Cases/iOS/Carts/Submit_Order_After_Edit_Order

2021-10-06 21:56:11 - [TEST_STEP][PASSED] - ios_common_keywords.Start_Application.custom(): ios_common_keywords.Start_Application.custom is PASSED

2021-10-06 21:57:00 - [MESSAGE][PASSED] - Started app at: '/Users/sahil.vidaysingh/Downloads/Hatch 3.app'

2021-10-06 21:57:00 - [MESSAGE][PASSED] - ios_common_keywords.Start_Application.custom is PASSED

2021-10-06 21:57:00 - [TEST_STEP][PASSED] - ios_login.Login_Screen.login(Password): ios_login.Login_Screen.login is PASSED

2021-10-06 21:57:00 - [MESSAGE][PASSED] - Element 'Object Repository/iOS/LogIn/Environment_Selection_Screen/Environment Selection_Text' is exist

2021-10-06 21:57:00 - [MESSAGE][WARNING] - Timeout '0' is invalid. Using default page load timeout: '30'

2021-10-06 21:57:01 - [MESSAGE][PASSED] - Tapped on element 'Object Repository/iOS/LogIn/Environment_Selection_Screen/Environment Selection_Text'

2021-10-06 21:57:01 - [MESSAGE][WARNING] - Timeout '0' is invalid. Using default page load timeout: '30'

2021-10-06 21:57:02 - [MESSAGE][PASSED] - Tapped on element 'Object Repository/iOS/LogIn/Environment_Selection_Screen/Environment_Button'

2021-10-06 21:57:02 - [MESSAGE][WARNING] - Timeout '0' is invalid. Using default page load timeout: '30'

2021-10-06 21:57:03 - [MESSAGE][PASSED] - Tapped on element 'Object Repository/iOS/LogIn/Login_Details_Screen/Login UserName_Button'

2021-10-06 21:57:03 - [MESSAGE][WARNING] - Timeout '0' is invalid. Using default page load timeout: '30'

2021-10-06 21:57:04 - [MESSAGE][PASSED] - Text 'kavan.mobile.r' has been set to element 'Object Repository/iOS/LogIn/Login_Details_Screen/UserName_Text_Field'

2021-10-06 21:57:04 - [MESSAGE][WARNING] - Timeout '0' is invalid. Using default page load timeout: '30'

2021-10-06 21:57:05 - [MESSAGE][PASSED] - Tapped on element 'Object Repository/iOS/LogIn/Login_Details_Screen/LoginBar-ButtonDown'

2021-10-06 21:57:05 - [MESSAGE][WARNING] - Timeout '0' is invalid. Using default page load timeout: '30'

2021-10-06 21:57:05 - [MESSAGE][PASSED] - Tapped on element 'Object Repository/iOS/LogIn/Login_Details_Screen/Password-Button'

2021-10-06 21:57:05 - [MESSAGE][WARNING] - Timeout '0' is invalid. Using default page load timeout: '30'

2021-10-06 21:57:06 - [MESSAGE][PASSED] - Text 'C@rdinal!' has been set to element 'Object Repository/iOS/LogIn/Login_Details_Screen/Password-Secure_Text_Field'

2021-10-06 21:57:06 - [MESSAGE][WARNING] - Timeout '0' is invalid. Using default page load timeout: '30'

2021-10-06 21:57:07 - [MESSAGE][PASSED] - Tapped on element 'Object Repository/iOS/LogIn/Login_Details_Screen/SignIn_Button'

2021-10-06 21:57:07 - [MESSAGE][PASSED] - ios_login.Login_Screen.login is PASSED

2021-10-06 21:57:07 - [TEST_STEP][PASSED] - ios_account_selection.Select_An_Account.Custom(Account): ios_account_selection.Select_An_Account.Custom is PASSED

2021-10-06 21:57:08 - [MESSAGE][PASSED] - Element 'Object Repository/iOS/Product_Search/Progress_Bar' is exist

2021-10-06 21:57:09 - [MESSAGE][PASSED] - Delayed 1 second(s)

2021-10-06 21:57:09 - [MESSAGE][PASSED] - Element 'Object Repository/iOS/Product_Search/Progress_Bar' is exist

2021-10-06 21:57:10 - [MESSAGE][PASSED] - Delayed 1 second(s)

2021-10-06 21:57:10 - [MESSAGE][PASSED] - Element 'Object Repository/iOS/Product_Search/Progress_Bar' is exist

2021-10-06 21:57:11 - [MESSAGE][PASSED] - Delayed 1 second(s)

2021-10-06 21:57:12 - [MESSAGE][PASSED] - Element 'Object Repository/iOS/Product_Search/Progress_Bar' is exist

2021-10-06 21:57:13 - [MESSAGE][PASSED] - Delayed 1 second(s)

2021-10-06 21:57:13 - [MESSAGE][PASSED] - Element 'Object Repository/iOS/Product_Search/Progress_Bar' is exist

2021-10-06 21:57:14 - [MESSAGE][PASSED] - Delayed 1 second(s)

2021-10-06 21:57:14 - [MESSAGE][PASSED] - Element 'Object Repository/iOS/Product_Search/Progress_Bar' is exist

2021-10-06 21:57:15 - [MESSAGE][PASSED] - Delayed 1 second(s)

2021-10-06 21:57:16 - [MESSAGE][PASSED] - Element 'Object Repository/iOS/Product_Search/Progress_Bar' is exist

2021-10-06 21:57:17 - [MESSAGE][PASSED] - Delayed 1 second(s)

2021-10-06 21:57:17 - [MESSAGE][PASSED] - Element 'Object Repository/iOS/Product_Search/Progress_Bar' is exist

2021-10-06 21:57:18 - [MESSAGE][PASSED] - Delayed 1 second(s)

2021-10-06 21:57:19 - [MESSAGE][PASSED] - Element 'Object Repository/iOS/Product_Search/Progress_Bar' is exist

2021-10-06 21:57:20 - [MESSAGE][PASSED] - Delayed 1 second(s)

2021-10-06 21:57:20 - [MESSAGE][PASSED] - Element 'Object Repository/iOS/Product_Search/Progress_Bar' is exist

2021-10-06 21:57:21 - [MESSAGE][PASSED] - Delayed 1 second(s)

2021-10-06 21:57:21 - [MESSAGE][PASSED] - Element 'Object Repository/iOS/Product_Search/Progress_Bar' is exist

2021-10-06 21:57:22 - [MESSAGE][PASSED] - Delayed 1 second(s)

2021-10-06 21:57:23 - [MESSAGE][PASSED] - Element 'Object Repository/iOS/Product_Search/Progress_Bar' is exist

2021-10-06 21:57:24 - [MESSAGE][PASSED] - Delayed 1 second(s)

2021-10-06 21:57:24 - [MESSAGE][PASSED] - Element 'Object Repository/iOS/Product_Search/Progress_Bar' is exist

2021-10-06 21:57:25 - [MESSAGE][PASSED] - Delayed 1 second(s)

2021-10-06 21:57:25 - [MESSAGE][PASSED] - Element 'Object Repository/iOS/Product_Search/Progress_Bar' is exist

2021-10-06 21:57:26 - [MESSAGE][PASSED] - Delayed 1 second(s)

2021-10-06 21:57:27 - [MESSAGE][PASSED] - Element 'Object Repository/iOS/Product_Search/Progress_Bar' is exist

2021-10-06 21:57:28 - [MESSAGE][PASSED] - Delayed 1 second(s)

2021-10-06 21:57:28 - [MESSAGE][PASSED] - Element 'Object Repository/iOS/Product_Search/Progress_Bar' is exist

2021-10-06 21:57:29 - [MESSAGE][PASSED] - Delayed 1 second(s)

2021-10-06 21:57:29 - [MESSAGE][PASSED] - Element 'Object Repository/iOS/Product_Search/Progress_Bar' is exist

2021-10-06 21:57:30 - [MESSAGE][PASSED] - Delayed 1 second(s)

2021-10-06 21:57:31 - [MESSAGE][PASSED] - Element 'Object Repository/iOS/Product_Search/Progress_Bar' is exist

2021-10-06 21:57:32 - [MESSAGE][PASSED] - Delayed 1 second(s)

2021-10-06 21:57:32 - [MESSAGE][PASSED] - Element 'Object Repository/iOS/Product_Search/Progress_Bar' is exist

2021-10-06 21:57:33 - [MESSAGE][PASSED] - Delayed 1 second(s)

2021-10-06 21:57:33 - [MESSAGE][PASSED] - Element 'Object Repository/iOS/Product_Search/Progress_Bar' is exist

2021-10-06 21:57:34 - [MESSAGE][PASSED] - Delayed 1 second(s)

2021-10-06 21:57:35 - [MESSAGE][PASSED] - Element 'Object Repository/iOS/Product_Search/Progress_Bar' is exist

2021-10-06 21:57:36 - [MESSAGE][PASSED] - Delayed 1 second(s)

2021-10-06 21:57:36 - [MESSAGE][PASSED] - Element 'Object Repository/iOS/Product_Search/Progress_Bar' is exist

2021-10-06 21:57:37 - [MESSAGE][PASSED] - Delayed 1 second(s)

2021-10-06 21:57:37 - [MESSAGE][PASSED] - Element 'Object Repository/iOS/Product_Search/Progress_Bar' is exist

2021-10-06 21:57:38 - [MESSAGE][PASSED] - Delayed 1 second(s)

2021-10-06 21:57:39 - [MESSAGE][PASSED] - Element 'Object Repository/iOS/Product_Search/Progress_Bar' is exist

2021-10-06 21:57:40 - [MESSAGE][PASSED] - Delayed 1 second(s)

2021-10-06 21:57:40 - [MESSAGE][PASSED] - Element 'Object Repository/iOS/Product_Search/Progress_Bar' is exist

2021-10-06 21:57:41 - [MESSAGE][PASSED] - Delayed 1 second(s)

2021-10-06 21:57:41 - [MESSAGE][PASSED] - Element 'Object Repository/iOS/Product_Search/Progress_Bar' is exist

2021-10-06 21:57:42 - [MESSAGE][PASSED] - Delayed 1 second(s)

2021-10-06 21:57:42 - [MESSAGE][PASSED] - Element 'Object Repository/iOS/Product_Search/Progress_Bar' is exist

2021-10-06 21:57:43 - [MESSAGE][PASSED] - Delayed 1 second(s)

2021-10-06 21:57:44 - [MESSAGE][PASSED] - Element 'Object Repository/iOS/Product_Search/Progress_Bar' is exist

2021-10-06 21:57:45 - [MESSAGE][PASSED] - Delayed 1 second(s)

2021-10-06 21:57:45 - [MESSAGE][PASSED] - Element 'Object Repository/iOS/Product_Search/Progress_Bar' is exist

2021-10-06 21:57:46 - [MESSAGE][PASSED] - Delayed 1 second(s)

2021-10-06 21:57:46 - [MESSAGE][PASSED] - Element 'Object Repository/iOS/Product_Search/Progress_Bar' is exist

2021-10-06 21:57:47 - [MESSAGE][PASSED] - Delayed 1 second(s)

2021-10-06 21:57:48 - [MESSAGE][PASSED] - Element 'Object Repository/iOS/Product_Search/Progress_Bar' is exist

2021-10-06 21:57:49 - [MESSAGE][PASSED] - Delayed 1 second(s)

2021-10-06 21:57:49 - [MESSAGE][PASSED] - Element 'Object Repository/iOS/Product_Search/Progress_Bar' is exist

2021-10-06 21:57:50 - [MESSAGE][PASSED] - Delayed 1 second(s)

2021-10-06 21:57:50 - [MESSAGE][PASSED] - Element 'Object Repository/iOS/Product_Search/Progress_Bar' is exist

2021-10-06 21:57:51 - [MESSAGE][PASSED] - Delayed 1 second(s)

2021-10-06 21:57:52 - [MESSAGE][PASSED] - Element 'Object Repository/iOS/Product_Search/Progress_Bar' is exist

2021-10-06 21:57:53 - [MESSAGE][PASSED] - Delayed 1 second(s)

2021-10-06 21:57:53 - [MESSAGE][PASSED] - Element 'Object Repository/iOS/Product_Search/Progress_Bar' is exist

2021-10-06 21:57:54 - [MESSAGE][PASSED] - Delayed 1 second(s)

2021-10-06 21:57:54 - [MESSAGE][PASSED] - Element 'Object Repository/iOS/Product_Search/Progress_Bar' is exist

2021-10-06 21:57:55 - [MESSAGE][PASSED] - Delayed 1 second(s)

2021-10-06 21:57:56 - [MESSAGE][PASSED] - Element 'Object Repository/iOS/Product_Search/Progress_Bar' is exist

2021-10-06 21:57:57 - [MESSAGE][PASSED] - Delayed 1 second(s)

2021-10-06 21:57:57 - [MESSAGE][PASSED] - Element 'Object Repository/iOS/Product_Search/Progress_Bar' is exist

2021-10-06 21:57:58 - [MESSAGE][PASSED] - Delayed 1 second(s)

2021-10-06 21:57:58 - [MESSAGE][PASSED] - Element 'Object Repository/iOS/Product_Search/Progress_Bar' is exist

2021-10-06 21:57:59 - [MESSAGE][PASSED] - Delayed 1 second(s)

2021-10-06 21:58:00 - [MESSAGE][PASSED] - Element 'Object Repository/iOS/Product_Search/Progress_Bar' is exist

2021-10-06 21:58:01 - [MESSAGE][PASSED] - Delayed 1 second(s)

2021-10-06 21:58:01 - [MESSAGE][PASSED] - Element 'Object Repository/iOS/Product_Search/Progress_Bar' is exist

2021-10-06 21:58:02 - [MESSAGE][PASSED] - Delayed 1 second(s)

2021-10-06 21:58:02 - [MESSAGE][PASSED] - Element 'Object Repository/iOS/Product_Search/Progress_Bar' is exist

2021-10-06 21:58:03 - [MESSAGE][PASSED] - Delayed 1 second(s)

2021-10-06 21:58:04 - [MESSAGE][PASSED] - Element 'Object Repository/iOS/Product_Search/Progress_Bar' is exist

2021-10-06 21:58:05 - [MESSAGE][PASSED] - Delayed 1 second(s)

2021-10-06 21:58:05 - [MESSAGE][PASSED] - Element 'Object Repository/iOS/Product_Search/Progress_Bar' is exist

2021-10-06 21:58:06 - [MESSAGE][PASSED] - Delayed 1 second(s)

2021-10-06 21:58:07 - [MESSAGE][PASSED] - Element 'Object Repository/iOS/Product_Search/Progress_Bar' is exist

2021-10-06 21:58:08 - [MESSAGE][PASSED] - Delayed 1 second(s)

2021-10-06 21:58:09 - [MESSAGE][PASSED] - Element 'Object Repository/iOS/Product_Search/Progress_Bar' is exist

2021-10-06 21:58:10 - [MESSAGE][PASSED] - Delayed 1 second(s)

2021-10-06 21:58:10 - [MESSAGE][PASSED] - Element 'Object Repository/iOS/Product_Search/Progress_Bar' is exist

2021-10-06 21:58:11 - [MESSAGE][PASSED] - Delayed 1 second(s)

2021-10-06 21:58:11 - [MESSAGE][PASSED] - Element 'Object Repository/iOS/Product_Search/Progress_Bar' is exist

2021-10-06 21:58:12 - [MESSAGE][PASSED] - Delayed 1 second(s)

2021-10-06 21:58:14 - [MESSAGE][WARNING] - Element 'Object Repository/iOS/Product_Search/Progress_Bar' not found
[[ATTACHMENT|/Users/sahil.vidaysingh/Katalon Studio/testing/Reports/20211006_215455/sanity_iOS/20211006_215455/1633537694266.png]]

2021-10-06 21:58:14 - [MESSAGE][WARNING] - Timeout '0' is invalid. Using default page load timeout: '30'

2021-10-06 21:58:15 - [MESSAGE][PASSED] - Element 'Object Repository/iOS/Account_Selection/You must select an account to continue_Text' is present

2021-10-06 21:58:20 - [MESSAGE][PASSED] - Scrolling to text '10-676018' successfully

2021-10-06 21:58:20 - [MESSAGE][WARNING] - Timeout '0' is invalid. Using default page load timeout: '30'

2021-10-06 21:58:22 - [MESSAGE][PASSED] - Tapped on element 'Object Repository/iOS/Account_Selection/AccountNo_Text'

2021-10-06 21:58:23 - [MESSAGE][WARNING] - Element 'Object Repository/iOS/Product_Search/Progress_Bar' not found
[[ATTACHMENT|/Users/sahil.vidaysingh/Katalon Studio/testing/Reports/20211006_215455/sanity_iOS/20211006_215455/1633537703640.png]]

2021-10-06 21:58:23 - [MESSAGE][PASSED] - ios_account_selection.Select_An_Account.Custom is PASSED

2021-10-06 21:58:23 - [TEST_STEP][PASSED] - ios_dashboard.dashboard_details.click_On_Orders(): ios_dashboard.dashboard_details.click_On_Orders is PASSED

2021-10-06 21:58:23 - [MESSAGE][WARNING] - Timeout '0' is invalid. Using default page load timeout: '30'

2021-10-06 21:58:24 - [MESSAGE][PASSED] - Tapped on element 'Object Repository/iOS/Dashboard/Orders_Tab'

2021-10-06 21:58:24 - [MESSAGE][PASSED] - ios_dashboard.dashboard_details.click_On_Orders is PASSED

2021-10-06 21:58:24 - [TEST_STEP][PASSED] - ios_orders.Cart_Screen.verify_Cart_Screen_Details_without_Adding_any_Product(): ios_orders.Cart_Screen.verify_Cart_Screen_Details_without_Adding_any_Product is PASSED

2021-10-06 21:58:24 - [MESSAGE][WARNING] - Timeout '0' is invalid. Using default page load timeout: '30'

2021-10-06 21:58:25 - [MESSAGE][PASSED] - Element 'Object Repository/iOS/Orders/Verification Details/Lines_Text' is exist

2021-10-06 21:58:25 - [MESSAGE][WARNING] - Timeout '0' is invalid. Using default page load timeout: '30'

2021-10-06 21:58:25 - [MESSAGE][PASSED] - Element 'Object Repository/iOS/Orders/Cart Page/Place All Orders/Disabled_Place All Orders_Button' is exist

2021-10-06 21:58:25 - [MESSAGE][WARNING] - Timeout '0' is invalid. Using default page load timeout: '30'

2021-10-06 21:58:26 - [MESSAGE][PASSED] - Element 'Object Repository/iOS/Orders/Cart Page/Upload All Orders/Disabled_Upload All Orders_Button' is exist

2021-10-06 21:58:26 - [MESSAGE][WARNING] - Timeout '0' is invalid. Using default page load timeout: '30'

2021-10-06 21:58:27 - [MESSAGE][PASSED] - Element 'Object Repository/iOS/Orders/Orders_Common_Screen/Cart Page_Tab' is exist

2021-10-06 21:58:27 - [MESSAGE][WARNING] - Timeout '0' is invalid. Using default page load timeout: '30'

2021-10-06 21:58:27 - [MESSAGE][PASSED] - Element 'Object Repository/iOS/Orders/Verification Details/Cart Header_Label' is exist

2021-10-06 21:58:27 - [MESSAGE][PASSED] - ios_orders.Cart_Screen.verify_Cart_Screen_Details_without_Adding_any_Product is PASSED

2021-10-06 21:58:27 - [TEST_STEP][PASSED] - ios_orders.Orders_Screen.click_On_NewOrder(): ios_orders.Orders_Screen.click_On_NewOrder is PASSED

2021-10-06 21:58:27 - [MESSAGE][WARNING] - Timeout '0' is invalid. Using default page load timeout: '30'

2021-10-06 21:58:28 - [MESSAGE][PASSED] - Tapped on element 'Object Repository/iOS/Orders/Orders_Common_Screen/New Order_Tab'

2021-10-06 21:58:28 - [MESSAGE][PASSED] - ios_orders.Orders_Screen.click_On_NewOrder is PASSED

2021-10-06 21:58:28 - [TEST_STEP][PASSED] - ios_orders.New_Order_Screen.verify_NewOrder_Screen_Details(): ios_orders.New_Order_Screen.verify_NewOrder_Screen_Details is PASSED

2021-10-06 21:58:28 - [MESSAGE][WARNING] - Timeout '0' is invalid. Using default page load timeout: '30'

2021-10-06 21:58:29 - [MESSAGE][PASSED] - Element 'Object Repository/iOS/Orders/New Order Page/Create a new order_Text' is exist

2021-10-06 21:58:29 - [MESSAGE][WARNING] - Timeout '0' is invalid. Using default page load timeout: '30'

2021-10-06 21:58:30 - [MESSAGE][PASSED] - Element 'Object Repository/iOS/Orders/New Order Page/Account_Text' is exist

2021-10-06 21:58:30 - [MESSAGE][WARNING] - Timeout '0' is invalid. Using default page load timeout: '30'

2021-10-06 21:58:30 - [MESSAGE][PASSED] - Element 'Object Repository/iOS/Orders/New Order Page/Purchase Order Details_Text' is exist

2021-10-06 21:58:30 - [MESSAGE][WARNING] - Timeout '0' is invalid. Using default page load timeout: '30'

2021-10-06 21:58:31 - [MESSAGE][PASSED] - Element 'Object Repository/iOS/Orders/New Order Page/Change Account_Text' is exist

2021-10-06 21:58:31 - [MESSAGE][PASSED] - ios_orders.New_Order_Screen.verify_NewOrder_Screen_Details is PASSED

2021-10-06 21:58:31 - [TEST_STEP][PASSED] - ios_orders.New_Order_Screen.enter_Purchase_Order_Details(PO_Name, PO_Memo): ios_orders.New_Order_Screen.enter_Purchase_Order_Details is PASSED

2021-10-06 21:58:31 - [MESSAGE][WARNING] - Duration '0' is invalid. Using default duration.

2021-10-06 21:58:31 - [MESSAGE][WARNING] - Timeout '0' is invalid. Using default page load timeout: '30'

2021-10-06 21:58:32 - [MESSAGE][PASSED] - Tapped and held on element 'Object Repository/iOS/Orders/Order Details Page/Edit PO Name and Memo/PO Name_TextField' with duration (default)

2021-10-06 21:58:32 - [MESSAGE][WARNING] - Timeout '0' is invalid. Using default page load timeout: '30'

2021-10-06 21:58:36 - [MESSAGE][PASSED] - Text 'po_name' has been set to element 'Object Repository/iOS/Orders/Order Details Page/Edit PO Name and Memo/PO Name_TextField'

2021-10-06 21:58:36 - [MESSAGE][WARNING] - Timeout '0' is invalid. Using default page load timeout: '30'

2021-10-06 21:58:37 - [MESSAGE][PASSED] - Tapped on element 'Object Repository/iOS/Product_Search/Return Keypad_Button'

2021-10-06 21:58:37 - [MESSAGE][WARNING] - Duration '0' is invalid. Using default duration.

2021-10-06 21:58:37 - [MESSAGE][WARNING] - Timeout '0' is invalid. Using default page load timeout: '30'

2021-10-06 21:58:38 - [MESSAGE][PASSED] - Tapped and held on element 'Object Repository/iOS/Orders/Order Details Page/Edit PO Name and Memo/poMemo Field_Button' with duration (default)

2021-10-06 21:58:38 - [MESSAGE][WARNING] - Timeout '0' is invalid. Using default page load timeout: '30'

2021-10-06 21:58:39 - [MESSAGE][PASSED] - Text 'po_memo' has been set to element 'Object Repository/iOS/Orders/Order Details Page/Edit PO Name and Memo/poMemoField_TextField'

2021-10-06 21:58:39 - [MESSAGE][WARNING] - Timeout '0' is invalid. Using default page load timeout: '30'

2021-10-06 21:58:41 - [MESSAGE][PASSED] - Tapped on element 'Object Repository/iOS/Product_Search/Return Keypad_Button'

2021-10-06 21:58:41 - [MESSAGE][PASSED] - ios_orders.New_Order_Screen.enter_Purchase_Order_Details is PASSED

2021-10-06 21:58:41 - [TEST_STEP][PASSED] - ios_orders.New_Order_Screen.verify_NewOrder_Screen_Details(): ios_orders.New_Order_Screen.verify_NewOrder_Screen_Details is PASSED

2021-10-06 21:58:41 - [MESSAGE][WARNING] - Timeout '0' is invalid. Using default page load timeout: '30'

2021-10-06 21:58:42 - [MESSAGE][PASSED] - Element 'Object Repository/iOS/Orders/New Order Page/Create a new order_Text' is exist

2021-10-06 21:58:42 - [MESSAGE][WARNING] - Timeout '0' is invalid. Using default page load timeout: '30'

2021-10-06 21:58:43 - [MESSAGE][PASSED] - Element 'Object Repository/iOS/Orders/New Order Page/Account_Text' is exist

2021-10-06 21:58:43 - [MESSAGE][WARNING] - Timeout '0' is invalid. Using default page load timeout: '30'

2021-10-06 21:58:43 - [MESSAGE][PASSED] - Element 'Object Repository/iOS/Orders/New Order Page/Purchase Order Details_Text' is exist

2021-10-06 21:58:43 - [MESSAGE][WARNING] - Timeout '0' is invalid. Using default page load timeout: '30'

2021-10-06 21:58:44 - [MESSAGE][PASSED] - Element 'Object Repository/iOS/Orders/New Order Page/Change Account_Text' is exist

2021-10-06 21:58:44 - [MESSAGE][PASSED] - ios_orders.New_Order_Screen.verify_NewOrder_Screen_Details is PASSED

2021-10-06 21:58:44 - [TEST_STEP][PASSED] - ios_orders.New_Order_Screen.create_Order(): ios_orders.New_Order_Screen.create_Order is PASSED

2021-10-06 21:58:44 - [MESSAGE][WARNING] - Timeout '0' is invalid. Using default page load timeout: '30'

2021-10-06 21:58:46 - [MESSAGE][PASSED] - Tapped on element 'Object Repository/iOS/Orders/New Order Page/Create Order_Button'

2021-10-06 21:58:46 - [MESSAGE][PASSED] - ios_orders.New_Order_Screen.create_Order is PASSED

2021-10-06 21:58:46 - [TEST_STEP][PASSED] - ios_orders.Order_details_Screen.add_Product_to_Order(Product_Name, Quantity): ios_orders.Order_details_Screen.add_Product_to_Order is PASSED

2021-10-06 21:58:48 - [MESSAGE][WARNING] - Element 'Object Repository/iOS/Product_Search/Progress_Bar' not found
[[ATTACHMENT|/Users/sahil.vidaysingh/Katalon Studio/testing/Reports/20211006_215455/sanity_iOS/20211006_215455/1633537727918.png]]

2021-10-06 21:58:48 - [MESSAGE][WARNING] - Duration '0' is invalid. Using default duration.

2021-10-06 21:58:48 - [MESSAGE][WARNING] - Timeout '0' is invalid. Using default page load timeout: '30'

2021-10-06 21:58:49 - [MESSAGE][PASSED] - Tapped and held on element 'Object Repository/iOS/Inventory/Location Details_Screen/Add Product to Location/Product SearchField' with duration (default)

2021-10-06 21:58:50 - [MESSAGE][WARNING] - Element 'Object Repository/iOS/Product_Search/Progress_Bar' not found
[[ATTACHMENT|/Users/sahil.vidaysingh/Katalon Studio/testing/Reports/20211006_215455/sanity_iOS/20211006_215455/1633537730600.png]]

2021-10-06 21:58:50 - [MESSAGE][WARNING] - Timeout '0' is invalid. Using default page load timeout: '30'

2021-10-06 21:58:52 - [MESSAGE][PASSED] - Text '4023347' has been set to element 'Object Repository/iOS/Product_Search/Product SearchField'

2021-10-06 21:58:52 - [MESSAGE][WARNING] - Duration '0' is invalid. Using default duration.

2021-10-06 21:58:52 - [MESSAGE][WARNING] - Timeout '0' is invalid. Using default page load timeout: '30'

2021-10-06 21:58:53 - [MESSAGE][PASSED] - Tapped and held on element 'Object Repository/iOS/Product_Search/Search Key_Button' with duration (default)

2021-10-06 21:58:53 - [MESSAGE][WARNING] - Timeout '0' is invalid. Using default page load timeout: '30'

2021-10-06 21:58:59 - [MESSAGE][PASSED] - Text '2' has been set to element 'Object Repository/iOS/Product_Search/Quantity_TextField'

2021-10-06 21:58:59 - [MESSAGE][PASSED] - Element 'Object Repository/iOS/Product_Search/Progress_Bar' is exist

2021-10-06 21:59:00 - [MESSAGE][PASSED] - Delayed 1 second(s)

2021-10-06 21:59:01 - [MESSAGE][PASSED] - Element 'Object Repository/iOS/Product_Search/Progress_Bar' is exist

2021-10-06 21:59:02 - [MESSAGE][PASSED] - Delayed 1 second(s)

2021-10-06 21:59:03 - [MESSAGE][PASSED] - Element 'Object Repository/iOS/Product_Search/Progress_Bar' is exist

2021-10-06 21:59:04 - [MESSAGE][PASSED] - Delayed 1 second(s)

2021-10-06 21:59:05 - [MESSAGE][PASSED] - Element 'Object Repository/iOS/Product_Search/Progress_Bar' is exist

2021-10-06 21:59:06 - [MESSAGE][PASSED] - Delayed 1 second(s)

2021-10-06 21:59:07 - [MESSAGE][WARNING] - Element 'Object Repository/iOS/Product_Search/Progress_Bar' not found
[[ATTACHMENT|/Users/sahil.vidaysingh/Katalon Studio/testing/Reports/20211006_215455/sanity_iOS/20211006_215455/1633537747238.png]]

2021-10-06 21:59:07 - [MESSAGE][WARNING] - Timeout '0' is invalid. Using default page load timeout: '30'

2021-10-06 21:59:08 - [MESSAGE][PASSED] - Tapped on element 'Object Repository/iOS/Orders/Cart Page/Place All Orders/Done_Keypad'

2021-10-06 21:59:08 - [MESSAGE][WARNING] - Timeout '0' is invalid. Using default page load timeout: '30'

2021-10-06 21:59:10 - [MESSAGE][PASSED] - Tapped on element 'Object Repository/iOS/Inventory/Inventory Details Screen/Add Product to Inventory using Search from Dashoboard/Add to Order_Text'

2021-10-06 21:59:10 - [MESSAGE][WARNING] - Timeout '0' is invalid. Using default page load timeout: '30'

2021-10-06 21:59:10 - [MESSAGE][PASSED] - Element 'Object Repository/iOS/Product_Search/Confirmation_Text' is exist

2021-10-06 21:59:10 - [MESSAGE][WARNING] - Timeout '0' is invalid. Using default page load timeout: '30'

2021-10-06 21:59:11 - [MESSAGE][PASSED] - Tapped on element 'Object Repository/iOS/Orders/Order Details Page/Upload Order/Continue Ordering_Text'

2021-10-06 21:59:11 - [MESSAGE][PASSED] - ios_orders.Order_details_Screen.add_Product_to_Order is PASSED

2021-10-06 21:59:11 - [TEST_STEP][PASSED] - ios_common_keywords.Go_Back.Custom(): ios_common_keywords.Go_Back.Custom is PASSED

2021-10-06 21:59:13 - [MESSAGE][WARNING] - Element 'Object Repository/iOS/Product_Search/Progress_Bar' not found
[[ATTACHMENT|/Users/sahil.vidaysingh/Katalon Studio/testing/Reports/20211006_215455/sanity_iOS/20211006_215455/1633537753602.png]]

2021-10-06 21:59:18 - [MESSAGE][WARNING] - Element 'Object Repository/iOS/Product_Search/Back_Text' not found
[[ATTACHMENT|/Users/sahil.vidaysingh/Katalon Studio/testing/Reports/20211006_215455/sanity_iOS/20211006_215455/1633537757911.png]]

2021-10-06 21:59:18 - [MESSAGE][PASSED] - Tapped on element 'Object Repository/iOS/Inventory/Location Details_Screen/Add Product to Location/Back Button_Text'

2021-10-06 21:59:19 - [MESSAGE][PASSED] - Element 'Object Repository/iOS/Product_Search/Progress_Bar' is exist

2021-10-06 21:59:21 - [MESSAGE][PASSED] - Delayed 2 second(s)

2021-10-06 21:59:23 - [MESSAGE][WARNING] - Element 'Object Repository/iOS/Product_Search/Progress_Bar' not found
[[ATTACHMENT|/Users/sahil.vidaysingh/Katalon Studio/testing/Reports/20211006_215455/sanity_iOS/20211006_215455/1633537763524.png]]

2021-10-06 21:59:23 - [MESSAGE][PASSED] - ios_common_keywords.Go_Back.Custom is PASSED

2021-10-06 21:59:23 - [TEST_STEP][PASSED] - ios_common_keywords.Go_Back.Custom(): ios_common_keywords.Go_Back.Custom is PASSED

2021-10-06 21:59:25 - [MESSAGE][WARNING] - Element 'Object Repository/iOS/Product_Search/Progress_Bar' not found
[[ATTACHMENT|/Users/sahil.vidaysingh/Katalon Studio/testing/Reports/20211006_215455/sanity_iOS/20211006_215455/1633537765826.png]]

2021-10-06 21:59:30 - [MESSAGE][WARNING] - Element 'Object Repository/iOS/Product_Search/Back_Text' not found
[[ATTACHMENT|/Users/sahil.vidaysingh/Katalon Studio/testing/Reports/20211006_215455/sanity_iOS/20211006_215455/1633537770009.png]]

2021-10-06 21:59:30 - [MESSAGE][PASSED] - Tapped on element 'Object Repository/iOS/Inventory/Location Details_Screen/Add Product to Location/Back Button_Text'

2021-10-06 21:59:33 - [MESSAGE][WARNING] - Element 'Object Repository/iOS/Product_Search/Progress_Bar' not found
[[ATTACHMENT|/Users/sahil.vidaysingh/Katalon Studio/testing/Reports/20211006_215455/sanity_iOS/20211006_215455/1633537773217.png]]

2021-10-06 21:59:33 - [MESSAGE][PASSED] - ios_common_keywords.Go_Back.Custom is PASSED

2021-10-06 21:59:33 - [TEST_STEP][PASSED] - ios_orders.Cart_Screen.verify_Cart_Screen_Details_with_Added_Product(): ios_orders.Cart_Screen.verify_Cart_Screen_Details_with_Added_Product is PASSED

2021-10-06 21:59:33 - [MESSAGE][WARNING] - Timeout '0' is invalid. Using default page load timeout: '30'

2021-10-06 21:59:34 - [MESSAGE][PASSED] - Element 'Object Repository/iOS/Orders/Orders_Common_Screen/Cart Page_Tab' is exist

2021-10-06 21:59:34 - [MESSAGE][WARNING] - Timeout '0' is invalid. Using default page load timeout: '30'

2021-10-06 21:59:34 - [MESSAGE][PASSED] - Element 'Object Repository/iOS/Orders/Cart Page/Upload All Orders/Enabled_Upload All Orders_Button' is exist

2021-10-06 21:59:34 - [MESSAGE][WARNING] - Timeout '0' is invalid. Using default page load timeout: '30'

2021-10-06 21:59:35 - [MESSAGE][PASSED] - Element 'Object Repository/iOS/Orders/Verification Details/Cart Header_Label' is exist

2021-10-06 21:59:35 - [MESSAGE][WARNING] - Timeout '0' is invalid. Using default page load timeout: '30'

2021-10-06 21:59:36 - [MESSAGE][PASSED] - Element 'Object Repository/iOS/Orders/Verification Details/All Mobile Orders_Text' is exist

2021-10-06 21:59:36 - [MESSAGE][WARNING] - Timeout '0' is invalid. Using default page load timeout: '30'

2021-10-06 21:59:36 - [MESSAGE][PASSED] - Element 'Object Repository/iOS/Orders/Verification Details/OrderList_Text' is exist

2021-10-06 21:59:36 - [MESSAGE][WARNING] - Timeout '0' is invalid. Using default page load timeout: '30'

2021-10-06 21:59:37 - [MESSAGE][PASSED] - Element 'Object Repository/iOS/Orders/Verification Details/Cart Total_Text' is exist

2021-10-06 21:59:37 - [MESSAGE][WARNING] - Timeout '0' is invalid. Using default page load timeout: '30'

2021-10-06 21:59:38 - [MESSAGE][PASSED] - Element 'Object Repository/iOS/Orders/Verification Details/OrderList_Amount_Text' is exist

2021-10-06 21:59:38 - [MESSAGE][PASSED] - ios_orders.Cart_Screen.verify_Cart_Screen_Details_with_Added_Product is PASSED

2021-10-06 21:59:38 - [TEST_STEP][PASSED] - ios_orders.Cart_Screen.click_On_Order(Account): ios_orders.Cart_Screen.click_On_Order is PASSED

2021-10-06 21:59:38 - [MESSAGE][WARNING] - Timeout '0' is invalid. Using default page load timeout: '30'

2021-10-06 21:59:39 - [MESSAGE][PASSED] - Tapped on element 'Object Repository/iOS/Orders/Order Details Page/Order Details_Text'

2021-10-06 21:59:39 - [MESSAGE][PASSED] - ios_orders.Cart_Screen.click_On_Order is PASSED

2021-10-06 21:59:39 - [TEST_STEP][PASSED] - ios_orders.Order_details_Screen.verify_Order_Details_Screen_Details_with_added_product(): ios_orders.Order_details_Screen.verify_Order_Details_Screen_Details_with_added_product is PASSED

2021-10-06 21:59:39 - [MESSAGE][WARNING] - Timeout '0' is invalid. Using default page load timeout: '30'

2021-10-06 21:59:40 - [MESSAGE][PASSED] - Element 'Object Repository/iOS/Orders/Order Details Page/Verification Details/Order Total_Text' is exist

2021-10-06 21:59:40 - [MESSAGE][WARNING] - Timeout '0' is invalid. Using default page load timeout: '30'

2021-10-06 21:59:41 - [MESSAGE][PASSED] - Element 'Object Repository/iOS/Orders/Order Details Page/Verification Details/Product Cost_Text' is exist

2021-10-06 21:59:41 - [MESSAGE][WARNING] - Timeout '0' is invalid. Using default page load timeout: '30'

2021-10-06 21:59:41 - [MESSAGE][PASSED] - Element 'Object Repository/iOS/Orders/Order Details Page/Verification Details/Remove Item_Button' is exist

2021-10-06 21:59:41 - [MESSAGE][WARNING] - Timeout '0' is invalid. Using default page load timeout: '30'

2021-10-06 21:59:42 - [MESSAGE][PASSED] - Element 'Object Repository/iOS/Product_Details/UOI_Text' is exist

2021-10-06 21:59:42 - [MESSAGE][WARNING] - Timeout '0' is invalid. Using default page load timeout: '30'

2021-10-06 21:59:42 - [MESSAGE][PASSED] - Element 'Object Repository/iOS/Product_Details/AMU_Text' is exist

2021-10-06 21:59:42 - [MESSAGE][WARNING] - Timeout '0' is invalid. Using default page load timeout: '30'

2021-10-06 21:59:43 - [MESSAGE][PASSED] - Element 'Object Repository/iOS/Product_Details/NDCLabel_Text' is exist

2021-10-06 21:59:43 - [MESSAGE][WARNING] - Timeout '0' is invalid. Using default page load timeout: '30'

2021-10-06 21:59:43 - [MESSAGE][PASSED] - Element 'Object Repository/iOS/Product_Details/ManufacturerName_Text' is exist

2021-10-06 21:59:43 - [MESSAGE][PASSED] - ios_orders.Order_details_Screen.verify_Order_Details_Screen_Details_with_added_product is PASSED

2021-10-06 21:59:43 - [TEST_STEP][PASSED] - ios_orders.Order_details_Screen.edit_PO_Name_and_Memo(New_PO_Name, New_PO_Memo): ios_orders.Order_details_Screen.edit_PO_Name_and_Memo is PASSED

2021-10-06 21:59:46 - [MESSAGE][PASSED] - Scrolling to text 'Edit' successfully

2021-10-06 21:59:46 - [MESSAGE][WARNING] - Timeout '0' is invalid. Using default page load timeout: '30'

2021-10-06 21:59:48 - [MESSAGE][PASSED] - Tapped on element 'Object Repository/iOS/Orders/Order Details Page/Edit PO Name and Memo/SearchEditOrderLabel'

2021-10-06 21:59:48 - [MESSAGE][WARNING] - Duration '0' is invalid. Using default duration.

2021-10-06 21:59:48 - [MESSAGE][WARNING] - Timeout '0' is invalid. Using default page load timeout: '30'

2021-10-06 21:59:49 - [MESSAGE][PASSED] - Tapped and held on element 'Object Repository/iOS/Orders/Order Details Page/Edit PO Name and Memo/poMemoField_TextField' with duration (default)

2021-10-06 21:59:49 - [MESSAGE][WARNING] - Timeout '0' is invalid. Using default page load timeout: '30'

2021-10-06 21:59:50 - [MESSAGE][PASSED] - Element 'Object Repository/iOS/Orders/Order Details Page/Edit PO Name and Memo/poMemoField_TextField' text is cleared

2021-10-06 21:59:50 - [MESSAGE][WARNING] - Timeout '0' is invalid. Using default page load timeout: '30'

2021-10-06 21:59:51 - [MESSAGE][PASSED] - Text 'new_PO_Name' has been set to element 'Object Repository/iOS/Orders/Order Details Page/Edit PO Name and Memo/poMemoField_TextField'

2021-10-06 21:59:51 - [MESSAGE][WARNING] - Duration '0' is invalid. Using default duration.

2021-10-06 21:59:51 - [MESSAGE][WARNING] - Timeout '0' is invalid. Using default page load timeout: '30'

2021-10-06 21:59:53 - [MESSAGE][PASSED] - Tapped and held on element 'Object Repository/iOS/Product_Search/Return Keypad_Button' with duration (default)

2021-10-06 21:59:53 - [MESSAGE][WARNING] - Duration '0' is invalid. Using default duration.

2021-10-06 21:59:53 - [MESSAGE][WARNING] - Timeout '0' is invalid. Using default page load timeout: '30'

2021-10-06 21:59:54 - [MESSAGE][PASSED] - Tapped and held on element 'Object Repository/iOS/Orders/Order Details Page/Edit PO Name and Memo/EditPOButton' with duration (default)

2021-10-06 21:59:54 - [MESSAGE][WARNING] - Timeout '0' is invalid. Using default page load timeout: '30'

2021-10-06 21:59:54 - [MESSAGE][PASSED] - Element 'Object Repository/iOS/Orders/Order Details Page/Edit PO Name and Memo/Edit P.O_TextField' text is cleared

2021-10-06 21:59:54 - [MESSAGE][WARNING] - Timeout '0' is invalid. Using default page load timeout: '30'

2021-10-06 21:59:55 - [MESSAGE][PASSED] - Text 'new_PO_Memo' has been set to element 'Object Repository/iOS/Orders/Order Details Page/Edit PO Name and Memo/Edit P.O_TextField'

2021-10-06 21:59:55 - [MESSAGE][WARNING] - Timeout '0' is invalid. Using default page load timeout: '30'

2021-10-06 21:59:56 - [MESSAGE][PASSED] - Tapped on element 'Object Repository/iOS/Orders/Order Details Page/Edit PO Name and Memo/Update Order_Button'

2021-10-06 21:59:56 - [MESSAGE][PASSED] - ios_orders.Order_details_Screen.edit_PO_Name_and_Memo is PASSED

2021-10-06 21:59:56 - [TEST_STEP][PASSED] - ios_common_keywords.Go_Back.Custom(): ios_common_keywords.Go_Back.Custom is PASSED

2021-10-06 21:59:57 - [MESSAGE][PASSED] - Element 'Object Repository/iOS/Product_Search/Progress_Bar' is exist

2021-10-06 21:59:59 - [MESSAGE][PASSED] - Delayed 2 second(s)

2021-10-06 22:00:01 - [MESSAGE][WARNING] - Element 'Object Repository/iOS/Product_Search/Progress_Bar' not found
[[ATTACHMENT|/Users/sahil.vidaysingh/Katalon Studio/testing/Reports/20211006_215455/sanity_iOS/20211006_215455/1633537801624.png]]

2021-10-06 22:00:05 - [MESSAGE][WARNING] - Element 'Object Repository/iOS/Product_Search/Back_Text' not found
[[ATTACHMENT|/Users/sahil.vidaysingh/Katalon Studio/testing/Reports/20211006_215455/sanity_iOS/20211006_215455/1633537805851.png]]

2021-10-06 22:00:07 - [MESSAGE][PASSED] - Tapped on element 'Object Repository/iOS/Inventory/Location Details_Screen/Add Product to Location/Back Button_Text'

2021-10-06 22:00:09 - [MESSAGE][WARNING] - Element 'Object Repository/iOS/Product_Search/Progress_Bar' not found
[[ATTACHMENT|/Users/sahil.vidaysingh/Katalon Studio/testing/Reports/20211006_215455/sanity_iOS/20211006_215455/1633537809600.png]]

2021-10-06 22:00:09 - [MESSAGE][PASSED] - ios_common_keywords.Go_Back.Custom is PASSED

2021-10-06 22:00:09 - [TEST_STEP][PASSED] - ios_orders.Cart_Screen.delete_Order(Account): ios_orders.Cart_Screen.delete_Order is PASSED

2021-10-06 22:00:15 - [MESSAGE][WARNING] - Element 'Object Repository/iOS/Product_Search/Progress_Bar' not found
[[ATTACHMENT|/Users/sahil.vidaysingh/Katalon Studio/testing/Reports/20211006_215455/sanity_iOS/20211006_215455/1633537815887.png]]

2021-10-06 22:00:16 - [MESSAGE][WARNING] - Timeout '0' is invalid. Using default page load timeout: '30'

2021-10-06 22:00:16 - [MESSAGE][PASSED] - Object 'Object Repository/iOS/Orders/Order Details Page/Order Details_Text' has top position '375'

2021-10-06 22:00:16 - [MESSAGE][WARNING] - Timeout '0' is invalid. Using default page load timeout: '30'

2021-10-06 22:00:17 - [MESSAGE][PASSED] - Object 'Object Repository/iOS/Orders/Order Details Page/Order Details_Text' has height: '17'

2021-10-06 22:00:19 - [MESSAGE][PASSED] - Swiped from 1,300,383 to 0,383

2021-10-06 22:00:19 - [MESSAGE][WARNING] - Timeout '0' is invalid. Using default page load timeout: '30'

2021-10-06 22:00:19 - [MESSAGE][PASSED] - Element 'Object Repository/iOS/Orders/Cart Page/Delete_Order/Success_Text' is exist

2021-10-06 22:00:19 - [MESSAGE][WARNING] - Timeout '0' is invalid. Using default page load timeout: '30'

2021-10-06 22:00:20 - [MESSAGE][PASSED] - Element 'Object Repository/iOS/Orders/Cart Page/Delete_Order/Order(s) deleted successfully_Text' is exist

2021-10-06 22:00:20 - [MESSAGE][WARNING] - Duration '0' is invalid. Using default duration.

2021-10-06 22:00:20 - [MESSAGE][WARNING] - Timeout '0' is invalid. Using default page load timeout: '30'

2021-10-06 22:00:22 - [MESSAGE][PASSED] - Tapped and held on element 'Object Repository/iOS/Orders/Cart Page/Delete_Order/OK_Button' with duration (default)

2021-10-06 22:00:22 - [MESSAGE][PASSED] - ios_orders.Cart_Screen.delete_Order is PASSED]]></system-out>
         <system-err><![CDATA[]]></system-err>
      </testcase>
      <testcase name="Test Cases/iOS/Carts/Create_Delete_Order" time="116.435" classname="Test Cases/iOS/Carts/Create_Delete_Order" status="PASSED">
         <system-out><![CDATA[2021-10-06 22:00:22 - [TEST_CASE][PASSED] - Test Cases/iOS/Carts/Create_Delete_Order: Test Cases/iOS/Carts/Create_Delete_Order

2021-10-06 22:00:22 - [TEST_STEP][PASSED] - ios_common_keywords.Start_Application.custom(): ios_common_keywords.Start_Application.custom is PASSED

2021-10-06 22:01:13 - [MESSAGE][PASSED] - Started app at: '/Users/sahil.vidaysingh/Downloads/Hatch 3.app'

2021-10-06 22:01:13 - [MESSAGE][PASSED] - ios_common_keywords.Start_Application.custom is PASSED

2021-10-06 22:01:13 - [TEST_STEP][PASSED] - ios_login.Login_Screen.login(Password): ios_login.Login_Screen.login is PASSED

2021-10-06 22:01:14 - [MESSAGE][PASSED] - Element 'Object Repository/iOS/LogIn/Environment_Selection_Screen/Environment Selection_Text' is exist

2021-10-06 22:01:14 - [MESSAGE][WARNING] - Timeout '0' is invalid. Using default page load timeout: '30'

2021-10-06 22:01:15 - [MESSAGE][PASSED] - Tapped on element 'Object Repository/iOS/LogIn/Environment_Selection_Screen/Environment Selection_Text'

2021-10-06 22:01:15 - [MESSAGE][WARNING] - Timeout '0' is invalid. Using default page load timeout: '30'

2021-10-06 22:01:15 - [MESSAGE][PASSED] - Tapped on element 'Object Repository/iOS/LogIn/Environment_Selection_Screen/Environment_Button'

2021-10-06 22:01:15 - [MESSAGE][WARNING] - Timeout '0' is invalid. Using default page load timeout: '30'

2021-10-06 22:01:17 - [MESSAGE][PASSED] - Tapped on element 'Object Repository/iOS/LogIn/Login_Details_Screen/Login UserName_Button'

2021-10-06 22:01:17 - [MESSAGE][WARNING] - Timeout '0' is invalid. Using default page load timeout: '30'

2021-10-06 22:01:17 - [MESSAGE][PASSED] - Text 'kavan.mobile.r' has been set to element 'Object Repository/iOS/LogIn/Login_Details_Screen/UserName_Text_Field'

2021-10-06 22:01:17 - [MESSAGE][WARNING] - Timeout '0' is invalid. Using default page load timeout: '30'

2021-10-06 22:01:18 - [MESSAGE][PASSED] - Tapped on element 'Object Repository/iOS/LogIn/Login_Details_Screen/LoginBar-ButtonDown'

2021-10-06 22:01:18 - [MESSAGE][WARNING] - Timeout '0' is invalid. Using default page load timeout: '30'

2021-10-06 22:01:19 - [MESSAGE][PASSED] - Tapped on element 'Object Repository/iOS/LogIn/Login_Details_Screen/Password-Button'

2021-10-06 22:01:19 - [MESSAGE][WARNING] - Timeout '0' is invalid. Using default page load timeout: '30'

2021-10-06 22:01:20 - [MESSAGE][PASSED] - Text 'C@rdinal!' has been set to element 'Object Repository/iOS/LogIn/Login_Details_Screen/Password-Secure_Text_Field'

2021-10-06 22:01:20 - [MESSAGE][WARNING] - Timeout '0' is invalid. Using default page load timeout: '30'

2021-10-06 22:01:21 - [MESSAGE][PASSED] - Tapped on element 'Object Repository/iOS/LogIn/Login_Details_Screen/SignIn_Button'

2021-10-06 22:01:21 - [MESSAGE][PASSED] - ios_login.Login_Screen.login is PASSED

2021-10-06 22:01:21 - [TEST_STEP][PASSED] - ios_account_selection.Select_An_Account.Custom(account): ios_account_selection.Select_An_Account.Custom is PASSED

2021-10-06 22:01:21 - [MESSAGE][PASSED] - Element 'Object Repository/iOS/Product_Search/Progress_Bar' is exist

2021-10-06 22:01:22 - [MESSAGE][PASSED] - Delayed 1 second(s)

2021-10-06 22:01:22 - [MESSAGE][PASSED] - Element 'Object Repository/iOS/Product_Search/Progress_Bar' is exist

2021-10-06 22:01:23 - [MESSAGE][PASSED] - Delayed 1 second(s)

2021-10-06 22:01:24 - [MESSAGE][PASSED] - Element 'Object Repository/iOS/Product_Search/Progress_Bar' is exist

2021-10-06 22:01:25 - [MESSAGE][PASSED] - Delayed 1 second(s)

2021-10-06 22:01:25 - [MESSAGE][PASSED] - Element 'Object Repository/iOS/Product_Search/Progress_Bar' is exist

2021-10-06 22:01:26 - [MESSAGE][PASSED] - Delayed 1 second(s)

2021-10-06 22:01:26 - [MESSAGE][PASSED] - Element 'Object Repository/iOS/Product_Search/Progress_Bar' is exist

2021-10-06 22:01:27 - [MESSAGE][PASSED] - Delayed 1 second(s)

2021-10-06 22:01:28 - [MESSAGE][PASSED] - Element 'Object Repository/iOS/Product_Search/Progress_Bar' is exist

2021-10-06 22:01:29 - [MESSAGE][PASSED] - Delayed 1 second(s)

2021-10-06 22:01:31 - [MESSAGE][WARNING] - Element 'Object Repository/iOS/Product_Search/Progress_Bar' not found
[[ATTACHMENT|/Users/sahil.vidaysingh/Katalon Studio/testing/Reports/20211006_215455/sanity_iOS/20211006_215455/1633537891285.png]]

2021-10-06 22:01:31 - [MESSAGE][WARNING] - Timeout '0' is invalid. Using default page load timeout: '30'

2021-10-06 22:01:31 - [MESSAGE][PASSED] - Element 'Object Repository/iOS/Account_Selection/You must select an account to continue_Text' is present

2021-10-06 22:01:40 - [MESSAGE][PASSED] - Scrolling to text '10-676018' successfully

2021-10-06 22:01:40 - [MESSAGE][WARNING] - Timeout '0' is invalid. Using default page load timeout: '30'

2021-10-06 22:01:41 - [MESSAGE][PASSED] - Tapped on element 'Object Repository/iOS/Account_Selection/AccountNo_Text'

2021-10-06 22:01:42 - [MESSAGE][WARNING] - Element 'Object Repository/iOS/Product_Search/Progress_Bar' not found
[[ATTACHMENT|/Users/sahil.vidaysingh/Katalon Studio/testing/Reports/20211006_215455/sanity_iOS/20211006_215455/1633537902572.png]]

2021-10-06 22:01:42 - [MESSAGE][PASSED] - ios_account_selection.Select_An_Account.Custom is PASSED

2021-10-06 22:01:42 - [TEST_STEP][PASSED] - ios_dashboard.dashboard_details.click_On_Orders(): ios_dashboard.dashboard_details.click_On_Orders is PASSED

2021-10-06 22:01:42 - [MESSAGE][WARNING] - Timeout '0' is invalid. Using default page load timeout: '30'

2021-10-06 22:01:43 - [MESSAGE][PASSED] - Tapped on element 'Object Repository/iOS/Dashboard/Orders_Tab'

2021-10-06 22:01:43 - [MESSAGE][PASSED] - ios_dashboard.dashboard_details.click_On_Orders is PASSED

2021-10-06 22:01:43 - [TEST_STEP][PASSED] - ios_orders.Orders_Screen.click_On_NewOrder(): ios_orders.Orders_Screen.click_On_NewOrder is PASSED

2021-10-06 22:01:43 - [MESSAGE][WARNING] - Timeout '0' is invalid. Using default page load timeout: '30'

2021-10-06 22:01:44 - [MESSAGE][PASSED] - Tapped on element 'Object Repository/iOS/Orders/Orders_Common_Screen/New Order_Tab'

2021-10-06 22:01:44 - [MESSAGE][PASSED] - ios_orders.Orders_Screen.click_On_NewOrder is PASSED

2021-10-06 22:01:44 - [TEST_STEP][PASSED] - ios_orders.New_Order_Screen.enter_Purchase_Order_Details(PO_Name, PO_Memo): ios_orders.New_Order_Screen.enter_Purchase_Order_Details is PASSED

2021-10-06 22:01:44 - [MESSAGE][WARNING] - Duration '0' is invalid. Using default duration.

2021-10-06 22:01:44 - [MESSAGE][WARNING] - Timeout '0' is invalid. Using default page load timeout: '30'

2021-10-06 22:01:46 - [MESSAGE][PASSED] - Tapped and held on element 'Object Repository/iOS/Orders/Order Details Page/Edit PO Name and Memo/PO Name_TextField' with duration (default)

2021-10-06 22:01:46 - [MESSAGE][WARNING] - Timeout '0' is invalid. Using default page load timeout: '30'

2021-10-06 22:01:49 - [MESSAGE][PASSED] - Text 'po_name' has been set to element 'Object Repository/iOS/Orders/Order Details Page/Edit PO Name and Memo/PO Name_TextField'

2021-10-06 22:01:49 - [MESSAGE][WARNING] - Timeout '0' is invalid. Using default page load timeout: '30'

2021-10-06 22:01:50 - [MESSAGE][PASSED] - Tapped on element 'Object Repository/iOS/Product_Search/Return Keypad_Button'

2021-10-06 22:01:50 - [MESSAGE][WARNING] - Duration '0' is invalid. Using default duration.

2021-10-06 22:01:50 - [MESSAGE][WARNING] - Timeout '0' is invalid. Using default page load timeout: '30'

2021-10-06 22:01:52 - [MESSAGE][PASSED] - Tapped and held on element 'Object Repository/iOS/Orders/Order Details Page/Edit PO Name and Memo/poMemo Field_Button' with duration (default)

2021-10-06 22:01:52 - [MESSAGE][WARNING] - Timeout '0' is invalid. Using default page load timeout: '30'

2021-10-06 22:01:53 - [MESSAGE][PASSED] - Text 'po_memo' has been set to element 'Object Repository/iOS/Orders/Order Details Page/Edit PO Name and Memo/poMemoField_TextField'

2021-10-06 22:01:53 - [MESSAGE][WARNING] - Timeout '0' is invalid. Using default page load timeout: '30'

2021-10-06 22:01:54 - [MESSAGE][PASSED] - Tapped on element 'Object Repository/iOS/Product_Search/Return Keypad_Button'

2021-10-06 22:01:54 - [MESSAGE][PASSED] - ios_orders.New_Order_Screen.enter_Purchase_Order_Details is PASSED

2021-10-06 22:01:54 - [TEST_STEP][PASSED] - ios_orders.New_Order_Screen.create_Order(): ios_orders.New_Order_Screen.create_Order is PASSED

2021-10-06 22:01:54 - [MESSAGE][WARNING] - Timeout '0' is invalid. Using default page load timeout: '30'

2021-10-06 22:01:56 - [MESSAGE][PASSED] - Tapped on element 'Object Repository/iOS/Orders/New Order Page/Create Order_Button'

2021-10-06 22:01:56 - [MESSAGE][PASSED] - ios_orders.New_Order_Screen.create_Order is PASSED

2021-10-06 22:01:56 - [TEST_STEP][PASSED] - ios_common_keywords.Go_Back.Custom(): ios_common_keywords.Go_Back.Custom is PASSED

2021-10-06 22:01:58 - [MESSAGE][WARNING] - Element 'Object Repository/iOS/Product_Search/Progress_Bar' not found
[[ATTACHMENT|/Users/sahil.vidaysingh/Katalon Studio/testing/Reports/20211006_215455/sanity_iOS/20211006_215455/1633537918529.png]]

2021-10-06 22:02:02 - [MESSAGE][WARNING] - Element 'Object Repository/iOS/Product_Search/Back_Text' not found
[[ATTACHMENT|/Users/sahil.vidaysingh/Katalon Studio/testing/Reports/20211006_215455/sanity_iOS/20211006_215455/1633537922809.png]]

2021-10-06 22:02:04 - [MESSAGE][PASSED] - Tapped on element 'Object Repository/iOS/Inventory/Location Details_Screen/Add Product to Location/Back Button_Text'

2021-10-06 22:02:06 - [MESSAGE][WARNING] - Element 'Object Repository/iOS/Product_Search/Progress_Bar' not found
[[ATTACHMENT|/Users/sahil.vidaysingh/Katalon Studio/testing/Reports/20211006_215455/sanity_iOS/20211006_215455/1633537926552.png]]

2021-10-06 22:02:06 - [MESSAGE][PASSED] - ios_common_keywords.Go_Back.Custom is PASSED

2021-10-06 22:02:06 - [TEST_STEP][PASSED] - ios_orders.Cart_Screen.delete_Order(account): ios_orders.Cart_Screen.delete_Order is PASSED

2021-10-06 22:02:12 - [MESSAGE][WARNING] - Element 'Object Repository/iOS/Product_Search/Progress_Bar' not found
[[ATTACHMENT|/Users/sahil.vidaysingh/Katalon Studio/testing/Reports/20211006_215455/sanity_iOS/20211006_215455/1633537932676.png]]

2021-10-06 22:02:12 - [MESSAGE][WARNING] - Timeout '0' is invalid. Using default page load timeout: '30'

2021-10-06 22:02:13 - [MESSAGE][PASSED] - Object 'Object Repository/iOS/Orders/Order Details Page/Order Details_Text' has top position '375'

2021-10-06 22:02:13 - [MESSAGE][WARNING] - Timeout '0' is invalid. Using default page load timeout: '30'

2021-10-06 22:02:14 - [MESSAGE][PASSED] - Object 'Object Repository/iOS/Orders/Order Details Page/Order Details_Text' has height: '17'

2021-10-06 22:02:15 - [MESSAGE][PASSED] - Swiped from 1,300,383 to 0,383

2021-10-06 22:02:15 - [MESSAGE][WARNING] - Timeout '0' is invalid. Using default page load timeout: '30'

2021-10-06 22:02:16 - [MESSAGE][PASSED] - Element 'Object Repository/iOS/Orders/Cart Page/Delete_Order/Success_Text' is exist

2021-10-06 22:02:16 - [MESSAGE][WARNING] - Timeout '0' is invalid. Using default page load timeout: '30'

2021-10-06 22:02:17 - [MESSAGE][PASSED] - Element 'Object Repository/iOS/Orders/Cart Page/Delete_Order/Order(s) deleted successfully_Text' is exist

2021-10-06 22:02:17 - [MESSAGE][WARNING] - Duration '0' is invalid. Using default duration.

2021-10-06 22:02:17 - [MESSAGE][WARNING] - Timeout '0' is invalid. Using default page load timeout: '30'

2021-10-06 22:02:19 - [MESSAGE][PASSED] - Tapped and held on element 'Object Repository/iOS/Orders/Cart Page/Delete_Order/OK_Button' with duration (default)

2021-10-06 22:02:19 - [MESSAGE][PASSED] - ios_orders.Cart_Screen.delete_Order is PASSED]]></system-out>
         <system-err><![CDATA[]]></system-err>
      </testcase>
      <testcase name="Test Cases/iOS/Carts/Place and Upload All Orders" time="651.441" classname="Test Cases/iOS/Carts/Place and Upload All Orders" status="FAILED">
         <failure type="FAILED" message="Test Cases/iOS/Carts/Place and Upload All Orders FAILED.
Reason:
com.kms.katalon.core.exception.StepFailedException: Object Object Repository/iOS/Orders/Orders_Common_Screen/New Order_Tab not found
	at com.kms.katalon.core.keyword.internal.KeywordMain.stepFailed(KeywordMain.groovy:50)
	at com.kms.katalon.core.mobile.keyword.internal.MobileKeywordMain.stepFailed(MobileKeywordMain.groovy:40)
	at com.kms.katalon.core.mobile.keyword.builtin.TapKeyword$_tap_closure1.doCall(TapKeyword.groovy:79)
	at com.kms.katalon.core.mobile.keyword.builtin.TapKeyword$_tap_closure1.call(TapKeyword.groovy)
	at com.kms.katalon.core.mobile.keyword.internal.MobileKeywordMain.runKeyword(MobileKeywordMain.groovy:21)
	at com.kms.katalon.core.mobile.keyword.builtin.TapKeyword.tap(TapKeyword.groovy:86)
	at com.kms.katalon.core.mobile.keyword.builtin.TapKeyword.execute(TapKeyword.groovy:68)
	at com.kms.katalon.core.keyword.internal.KeywordExecutor.executeKeywordForPlatform(KeywordExecutor.groovy:73)
	at com.kms.katalon.core.mobile.keyword.MobileBuiltInKeywords.tap(MobileBuiltInKeywords.groovy:1354)
	at com.kms.katalon.core.mobile.keyword.MobileBuiltInKeywords$tap$3.call(Unknown Source)
	at ios_orders.Orders_Screen.click_On_NewOrder(Orders_Screen.groovy:48)
	at ios_orders.Orders_Screen.invokeMethod(Orders_Screen.groovy)
	at com.kms.katalon.core.main.CustomKeywordDelegatingMetaClass.invokeStaticMethod(CustomKeywordDelegatingMetaClass.java:50)
	at Place and Upload All Orders.run(Place and Upload All Orders:40)
	at com.kms.katalon.core.main.ScriptEngine.run(ScriptEngine.java:194)
	at com.kms.katalon.core.main.ScriptEngine.runScriptAsRawText(ScriptEngine.java:119)
	at com.kms.katalon.core.main.TestCaseExecutor.runScript(TestCaseExecutor.java:398)
	at com.kms.katalon.core.main.TestCaseExecutor.doExecute(TestCaseExecutor.java:389)
	at com.kms.katalon.core.main.TestCaseExecutor.processExecutionPhase(TestCaseExecutor.java:368)
	at com.kms.katalon.core.main.TestCaseExecutor.accessMainPhase(TestCaseExecutor.java:360)
	at com.kms.katalon.core.main.TestCaseExecutor.execute(TestCaseExecutor.java:255)
	at com.kms.katalon.core.main.TestSuiteExecutor.accessTestCaseMainPhase(TestSuiteExecutor.java:203)
	at com.kms.katalon.core.main.TestSuiteExecutor.accessTestSuiteMainPhase(TestSuiteExecutor.java:152)
	at com.kms.katalon.core.main.TestSuiteExecutor.execute(TestSuiteExecutor.java:95)
	at com.kms.katalon.core.main.TestCaseMain.startTestSuite(TestCaseMain.java:157)
	at com.kms.katalon.core.main.TestCaseMain$startTestSuite$0.call(Unknown Source)
	at TempTestSuite1633537495900.run(TempTestSuite1633537495900.groovy:39)
"/>
         <system-out><![CDATA[2021-10-06 22:02:19 - [TEST_CASE][FAILED] - Test Cases/iOS/Carts/Place and Upload All Orders: Test Cases/iOS/Carts/Place and Upload All Orders FAILED.
Reason:
com.kms.katalon.core.exception.StepFailedException: Object Object Repository/iOS/Orders/Orders_Common_Screen/New Order_Tab not found
	at com.kms.katalon.core.keyword.internal.KeywordMain.stepFailed(KeywordMain.groovy:50)
	at com.kms.katalon.core.mobile.keyword.internal.MobileKeywordMain.stepFailed(MobileKeywordMain.groovy:40)
	at com.kms.katalon.core.mobile.keyword.builtin.TapKeyword$_tap_closure1.doCall(TapKeyword.groovy:79)
	at com.kms.katalon.core.mobile.keyword.builtin.TapKeyword$_tap_closure1.call(TapKeyword.groovy)
	at com.kms.katalon.core.mobile.keyword.internal.MobileKeywordMain.runKeyword(MobileKeywordMain.groovy:21)
	at com.kms.katalon.core.mobile.keyword.builtin.TapKeyword.tap(TapKeyword.groovy:86)
	at com.kms.katalon.core.mobile.keyword.builtin.TapKeyword.execute(TapKeyword.groovy:68)
	at com.kms.katalon.core.keyword.internal.KeywordExecutor.executeKeywordForPlatform(KeywordExecutor.groovy:73)
	at com.kms.katalon.core.mobile.keyword.MobileBuiltInKeywords.tap(MobileBuiltInKeywords.groovy:1354)
	at com.kms.katalon.core.mobile.keyword.MobileBuiltInKeywords$tap$3.call(Unknown Source)
	at ios_orders.Orders_Screen.click_On_NewOrder(Orders_Screen.groovy:48)
	at ios_orders.Orders_Screen.invokeMethod(Orders_Screen.groovy)
	at com.kms.katalon.core.main.CustomKeywordDelegatingMetaClass.invokeStaticMethod(CustomKeywordDelegatingMetaClass.java:50)
	at Place and Upload All Orders.run(Place and Upload All Orders:40)
	at com.kms.katalon.core.main.ScriptEngine.run(ScriptEngine.java:194)
	at com.kms.katalon.core.main.ScriptEngine.runScriptAsRawText(ScriptEngine.java:119)
	at com.kms.katalon.core.main.TestCaseExecutor.runScript(TestCaseExecutor.java:398)
	at com.kms.katalon.core.main.TestCaseExecutor.doExecute(TestCaseExecutor.java:389)
	at com.kms.katalon.core.main.TestCaseExecutor.processExecutionPhase(TestCaseExecutor.java:368)
	at com.kms.katalon.core.main.TestCaseExecutor.accessMainPhase(TestCaseExecutor.java:360)
	at com.kms.katalon.core.main.TestCaseExecutor.execute(TestCaseExecutor.java:255)
	at com.kms.katalon.core.main.TestSuiteExecutor.accessTestCaseMainPhase(TestSuiteExecutor.java:203)
	at com.kms.katalon.core.main.TestSuiteExecutor.accessTestSuiteMainPhase(TestSuiteExecutor.java:152)
	at com.kms.katalon.core.main.TestSuiteExecutor.execute(TestSuiteExecutor.java:95)
	at com.kms.katalon.core.main.TestCaseMain.startTestSuite(TestCaseMain.java:157)
	at com.kms.katalon.core.main.TestCaseMain$startTestSuite$0.call(Unknown Source)
	at TempTestSuite1633537495900.run(TempTestSuite1633537495900.groovy:39)


2021-10-06 22:02:19 - [TEST_STEP][PASSED] - ios_common_keywords.Start_Application.custom(): ios_common_keywords.Start_Application.custom is PASSED

2021-10-06 22:03:11 - [MESSAGE][PASSED] - Started app at: '/Users/sahil.vidaysingh/Downloads/Hatch 3.app'

2021-10-06 22:03:11 - [MESSAGE][PASSED] - ios_common_keywords.Start_Application.custom is PASSED

2021-10-06 22:03:11 - [TEST_STEP][PASSED] - ios_login.Login_Screen.login(Password): ios_login.Login_Screen.login is PASSED

2021-10-06 22:03:11 - [MESSAGE][PASSED] - Element 'Object Repository/iOS/LogIn/Environment_Selection_Screen/Environment Selection_Text' is exist

2021-10-06 22:03:11 - [MESSAGE][WARNING] - Timeout '0' is invalid. Using default page load timeout: '30'

2021-10-06 22:03:12 - [MESSAGE][PASSED] - Tapped on element 'Object Repository/iOS/LogIn/Environment_Selection_Screen/Environment Selection_Text'

2021-10-06 22:03:12 - [MESSAGE][WARNING] - Timeout '0' is invalid. Using default page load timeout: '30'

2021-10-06 22:03:13 - [MESSAGE][PASSED] - Tapped on element 'Object Repository/iOS/LogIn/Environment_Selection_Screen/Environment_Button'

2021-10-06 22:03:13 - [MESSAGE][WARNING] - Timeout '0' is invalid. Using default page load timeout: '30'

2021-10-06 22:03:14 - [MESSAGE][PASSED] - Tapped on element 'Object Repository/iOS/LogIn/Login_Details_Screen/Login UserName_Button'

2021-10-06 22:03:14 - [MESSAGE][WARNING] - Timeout '0' is invalid. Using default page load timeout: '30'

2021-10-06 22:03:15 - [MESSAGE][PASSED] - Text 'kavan.mobile.r' has been set to element 'Object Repository/iOS/LogIn/Login_Details_Screen/UserName_Text_Field'

2021-10-06 22:03:15 - [MESSAGE][WARNING] - Timeout '0' is invalid. Using default page load timeout: '30'

2021-10-06 22:03:15 - [MESSAGE][PASSED] - Tapped on element 'Object Repository/iOS/LogIn/Login_Details_Screen/LoginBar-ButtonDown'

2021-10-06 22:03:15 - [MESSAGE][WARNING] - Timeout '0' is invalid. Using default page load timeout: '30'

2021-10-06 22:03:16 - [MESSAGE][PASSED] - Tapped on element 'Object Repository/iOS/LogIn/Login_Details_Screen/Password-Button'

2021-10-06 22:03:16 - [MESSAGE][WARNING] - Timeout '0' is invalid. Using default page load timeout: '30'

2021-10-06 22:03:17 - [MESSAGE][PASSED] - Text 'C@rdinal!' has been set to element 'Object Repository/iOS/LogIn/Login_Details_Screen/Password-Secure_Text_Field'

2021-10-06 22:03:17 - [MESSAGE][WARNING] - Timeout '0' is invalid. Using default page load timeout: '30'

2021-10-06 22:03:18 - [MESSAGE][PASSED] - Tapped on element 'Object Repository/iOS/LogIn/Login_Details_Screen/SignIn_Button'

2021-10-06 22:03:18 - [MESSAGE][PASSED] - ios_login.Login_Screen.login is PASSED

2021-10-06 22:03:18 - [TEST_STEP][PASSED] - ios_account_selection.Select_An_Account.Custom(Account): ios_account_selection.Select_An_Account.Custom is PASSED

2021-10-06 22:03:18 - [MESSAGE][PASSED] - Element 'Object Repository/iOS/Product_Search/Progress_Bar' is exist

2021-10-06 22:03:19 - [MESSAGE][PASSED] - Delayed 1 second(s)

2021-10-06 22:03:20 - [MESSAGE][PASSED] - Element 'Object Repository/iOS/Product_Search/Progress_Bar' is exist

2021-10-06 22:03:21 - [MESSAGE][PASSED] - Delayed 1 second(s)

2021-10-06 22:03:21 - [MESSAGE][PASSED] - Element 'Object Repository/iOS/Product_Search/Progress_Bar' is exist

2021-10-06 22:03:22 - [MESSAGE][PASSED] - Delayed 1 second(s)

2021-10-06 22:03:22 - [MESSAGE][PASSED] - Element 'Object Repository/iOS/Product_Search/Progress_Bar' is exist

2021-10-06 22:03:23 - [MESSAGE][PASSED] - Delayed 1 second(s)

2021-10-06 22:03:24 - [MESSAGE][PASSED] - Element 'Object Repository/iOS/Product_Search/Progress_Bar' is exist

2021-10-06 22:03:25 - [MESSAGE][PASSED] - Delayed 1 second(s)

2021-10-06 22:03:25 - [MESSAGE][PASSED] - Element 'Object Repository/iOS/Product_Search/Progress_Bar' is exist

2021-10-06 22:03:26 - [MESSAGE][PASSED] - Delayed 1 second(s)

2021-10-06 22:03:26 - [MESSAGE][PASSED] - Element 'Object Repository/iOS/Product_Search/Progress_Bar' is exist

2021-10-06 22:03:27 - [MESSAGE][PASSED] - Delayed 1 second(s)

2021-10-06 22:03:30 - [MESSAGE][WARNING] - Element 'Object Repository/iOS/Product_Search/Progress_Bar' not found
[[ATTACHMENT|/Users/sahil.vidaysingh/Katalon Studio/testing/Reports/20211006_215455/sanity_iOS/20211006_215455/1633538009834.png]]

2021-10-06 22:03:30 - [MESSAGE][WARNING] - Timeout '0' is invalid. Using default page load timeout: '30'

2021-10-06 22:03:30 - [MESSAGE][PASSED] - Element 'Object Repository/iOS/Account_Selection/You must select an account to continue_Text' is present

2021-10-06 22:03:38 - [MESSAGE][PASSED] - Scrolling to text '10-676018' successfully

2021-10-06 22:03:38 - [MESSAGE][WARNING] - Timeout '0' is invalid. Using default page load timeout: '30'

2021-10-06 22:03:39 - [MESSAGE][PASSED] - Tapped on element 'Object Repository/iOS/Account_Selection/AccountNo_Text'

2021-10-06 22:03:41 - [MESSAGE][WARNING] - Element 'Object Repository/iOS/Product_Search/Progress_Bar' not found
[[ATTACHMENT|/Users/sahil.vidaysingh/Katalon Studio/testing/Reports/20211006_215455/sanity_iOS/20211006_215455/1633538021178.png]]

2021-10-06 22:03:41 - [MESSAGE][PASSED] - ios_account_selection.Select_An_Account.Custom is PASSED

2021-10-06 22:03:41 - [TEST_STEP][PASSED] - ios_dashboard.dashboard_details.click_On_Orders(): ios_dashboard.dashboard_details.click_On_Orders is PASSED

2021-10-06 22:03:41 - [MESSAGE][WARNING] - Timeout '0' is invalid. Using default page load timeout: '30'

2021-10-06 22:03:41 - [MESSAGE][PASSED] - Tapped on element 'Object Repository/iOS/Dashboard/Orders_Tab'

2021-10-06 22:03:42 - [MESSAGE][PASSED] - ios_dashboard.dashboard_details.click_On_Orders is PASSED

2021-10-06 22:03:42 - [TEST_STEP][PASSED] - ios_orders.Orders_Screen.click_On_NewOrder(): ios_orders.Orders_Screen.click_On_NewOrder is PASSED

2021-10-06 22:03:42 - [MESSAGE][WARNING] - Timeout '0' is invalid. Using default page load timeout: '30'

2021-10-06 22:03:43 - [MESSAGE][PASSED] - Tapped on element 'Object Repository/iOS/Orders/Orders_Common_Screen/New Order_Tab'

2021-10-06 22:03:43 - [MESSAGE][PASSED] - ios_orders.Orders_Screen.click_On_NewOrder is PASSED

2021-10-06 22:03:43 - [TEST_STEP][PASSED] - ios_orders.New_Order_Screen.enter_Purchase_Order_Details(PO_Name, PO_Memo): ios_orders.New_Order_Screen.enter_Purchase_Order_Details is PASSED

2021-10-06 22:03:43 - [MESSAGE][WARNING] - Duration '0' is invalid. Using default duration.

2021-10-06 22:03:43 - [MESSAGE][WARNING] - Timeout '0' is invalid. Using default page load timeout: '30'

2021-10-06 22:03:44 - [MESSAGE][PASSED] - Tapped and held on element 'Object Repository/iOS/Orders/Order Details Page/Edit PO Name and Memo/PO Name_TextField' with duration (default)

2021-10-06 22:03:44 - [MESSAGE][WARNING] - Timeout '0' is invalid. Using default page load timeout: '30'

2021-10-06 22:03:48 - [MESSAGE][PASSED] - Text 'po_name' has been set to element 'Object Repository/iOS/Orders/Order Details Page/Edit PO Name and Memo/PO Name_TextField'

2021-10-06 22:03:48 - [MESSAGE][WARNING] - Timeout '0' is invalid. Using default page load timeout: '30'

2021-10-06 22:03:49 - [MESSAGE][PASSED] - Tapped on element 'Object Repository/iOS/Product_Search/Return Keypad_Button'

2021-10-06 22:03:49 - [MESSAGE][WARNING] - Duration '0' is invalid. Using default duration.

2021-10-06 22:03:49 - [MESSAGE][WARNING] - Timeout '0' is invalid. Using default page load timeout: '30'

2021-10-06 22:03:50 - [MESSAGE][PASSED] - Tapped and held on element 'Object Repository/iOS/Orders/Order Details Page/Edit PO Name and Memo/poMemo Field_Button' with duration (default)

2021-10-06 22:03:50 - [MESSAGE][WARNING] - Timeout '0' is invalid. Using default page load timeout: '30'

2021-10-06 22:03:51 - [MESSAGE][PASSED] - Text 'po_memo' has been set to element 'Object Repository/iOS/Orders/Order Details Page/Edit PO Name and Memo/poMemoField_TextField'

2021-10-06 22:03:51 - [MESSAGE][WARNING] - Timeout '0' is invalid. Using default page load timeout: '30'

2021-10-06 22:03:53 - [MESSAGE][PASSED] - Tapped on element 'Object Repository/iOS/Product_Search/Return Keypad_Button'

2021-10-06 22:03:53 - [MESSAGE][PASSED] - ios_orders.New_Order_Screen.enter_Purchase_Order_Details is PASSED

2021-10-06 22:03:53 - [TEST_STEP][PASSED] - ios_orders.New_Order_Screen.create_Order(): ios_orders.New_Order_Screen.create_Order is PASSED

2021-10-06 22:03:53 - [MESSAGE][WARNING] - Timeout '0' is invalid. Using default page load timeout: '30'

2021-10-06 22:03:54 - [MESSAGE][PASSED] - Tapped on element 'Object Repository/iOS/Orders/New Order Page/Create Order_Button'

2021-10-06 22:03:54 - [MESSAGE][PASSED] - ios_orders.New_Order_Screen.create_Order is PASSED

2021-10-06 22:03:54 - [TEST_STEP][PASSED] - ios_orders.Order_details_Screen.add_Product_to_Order(Product_Name, Quantity): ios_orders.Order_details_Screen.add_Product_to_Order is PASSED

2021-10-06 22:03:55 - [MESSAGE][WARNING] - Element 'Object Repository/iOS/Product_Search/Progress_Bar' not found
[[ATTACHMENT|/Users/sahil.vidaysingh/Katalon Studio/testing/Reports/20211006_215455/sanity_iOS/20211006_215455/1633538035900.png]]

2021-10-06 22:03:56 - [MESSAGE][WARNING] - Duration '0' is invalid. Using default duration.

2021-10-06 22:03:56 - [MESSAGE][WARNING] - Timeout '0' is invalid. Using default page load timeout: '30'

2021-10-06 22:03:57 - [MESSAGE][PASSED] - Tapped and held on element 'Object Repository/iOS/Inventory/Location Details_Screen/Add Product to Location/Product SearchField' with duration (default)

2021-10-06 22:03:58 - [MESSAGE][WARNING] - Element 'Object Repository/iOS/Product_Search/Progress_Bar' not found
[[ATTACHMENT|/Users/sahil.vidaysingh/Katalon Studio/testing/Reports/20211006_215455/sanity_iOS/20211006_215455/1633538038617.png]]

2021-10-06 22:03:58 - [MESSAGE][WARNING] - Timeout '0' is invalid. Using default page load timeout: '30'

2021-10-06 22:04:00 - [MESSAGE][PASSED] - Text 'tyl' has been set to element 'Object Repository/iOS/Product_Search/Product SearchField'

2021-10-06 22:04:00 - [MESSAGE][WARNING] - Duration '0' is invalid. Using default duration.

2021-10-06 22:04:00 - [MESSAGE][WARNING] - Timeout '0' is invalid. Using default page load timeout: '30'

2021-10-06 22:04:01 - [MESSAGE][PASSED] - Tapped and held on element 'Object Repository/iOS/Product_Search/Search Key_Button' with duration (default)

2021-10-06 22:04:01 - [MESSAGE][WARNING] - Timeout '0' is invalid. Using default page load timeout: '30'

2021-10-06 22:04:23 - [MESSAGE][PASSED] - Text '2' has been set to element 'Object Repository/iOS/Product_Search/Quantity_TextField'

2021-10-06 22:04:27 - [MESSAGE][PASSED] - Element 'Object Repository/iOS/Product_Search/Progress_Bar' is exist

2021-10-06 22:04:28 - [MESSAGE][PASSED] - Delayed 1 second(s)

2021-10-06 22:04:32 - [MESSAGE][PASSED] - Element 'Object Repository/iOS/Product_Search/Progress_Bar' is exist

2021-10-06 22:04:33 - [MESSAGE][PASSED] - Delayed 1 second(s)

2021-10-06 22:04:37 - [MESSAGE][PASSED] - Element 'Object Repository/iOS/Product_Search/Progress_Bar' is exist

2021-10-06 22:04:38 - [MESSAGE][PASSED] - Delayed 1 second(s)

2021-10-06 22:04:42 - [MESSAGE][PASSED] - Element 'Object Repository/iOS/Product_Search/Progress_Bar' is exist

2021-10-06 22:04:43 - [MESSAGE][PASSED] - Delayed 1 second(s)

2021-10-06 22:04:47 - [MESSAGE][PASSED] - Element 'Object Repository/iOS/Product_Search/Progress_Bar' is exist

2021-10-06 22:04:48 - [MESSAGE][PASSED] - Delayed 1 second(s)

2021-10-06 22:04:52 - [MESSAGE][PASSED] - Element 'Object Repository/iOS/Product_Search/Progress_Bar' is exist

2021-10-06 22:04:53 - [MESSAGE][PASSED] - Delayed 1 second(s)

2021-10-06 22:04:58 - [MESSAGE][PASSED] - Element 'Object Repository/iOS/Product_Search/Progress_Bar' is exist

2021-10-06 22:04:59 - [MESSAGE][PASSED] - Delayed 1 second(s)

2021-10-06 22:05:03 - [MESSAGE][PASSED] - Element 'Object Repository/iOS/Product_Search/Progress_Bar' is exist

2021-10-06 22:05:04 - [MESSAGE][PASSED] - Delayed 1 second(s)

2021-10-06 22:05:08 - [MESSAGE][PASSED] - Element 'Object Repository/iOS/Product_Search/Progress_Bar' is exist

2021-10-06 22:05:09 - [MESSAGE][PASSED] - Delayed 1 second(s)

2021-10-06 22:05:13 - [MESSAGE][PASSED] - Element 'Object Repository/iOS/Product_Search/Progress_Bar' is exist

2021-10-06 22:05:14 - [MESSAGE][PASSED] - Delayed 1 second(s)

2021-10-06 22:05:18 - [MESSAGE][PASSED] - Element 'Object Repository/iOS/Product_Search/Progress_Bar' is exist

2021-10-06 22:05:19 - [MESSAGE][PASSED] - Delayed 1 second(s)

2021-10-06 22:05:23 - [MESSAGE][PASSED] - Element 'Object Repository/iOS/Product_Search/Progress_Bar' is exist

2021-10-06 22:05:24 - [MESSAGE][PASSED] - Delayed 1 second(s)

2021-10-06 22:05:28 - [MESSAGE][PASSED] - Element 'Object Repository/iOS/Product_Search/Progress_Bar' is exist

2021-10-06 22:05:29 - [MESSAGE][PASSED] - Delayed 1 second(s)

2021-10-06 22:05:34 - [MESSAGE][PASSED] - Element 'Object Repository/iOS/Product_Search/Progress_Bar' is exist

2021-10-06 22:05:35 - [MESSAGE][PASSED] - Delayed 1 second(s)

2021-10-06 22:05:39 - [MESSAGE][PASSED] - Element 'Object Repository/iOS/Product_Search/Progress_Bar' is exist

2021-10-06 22:05:40 - [MESSAGE][PASSED] - Delayed 1 second(s)

2021-10-06 22:05:44 - [MESSAGE][PASSED] - Element 'Object Repository/iOS/Product_Search/Progress_Bar' is exist

2021-10-06 22:05:45 - [MESSAGE][PASSED] - Delayed 1 second(s)

2021-10-06 22:05:49 - [MESSAGE][PASSED] - Element 'Object Repository/iOS/Product_Search/Progress_Bar' is exist

2021-10-06 22:05:50 - [MESSAGE][PASSED] - Delayed 1 second(s)

2021-10-06 22:05:54 - [MESSAGE][PASSED] - Element 'Object Repository/iOS/Product_Search/Progress_Bar' is exist

2021-10-06 22:05:55 - [MESSAGE][PASSED] - Delayed 1 second(s)

2021-10-06 22:05:59 - [MESSAGE][PASSED] - Element 'Object Repository/iOS/Product_Search/Progress_Bar' is exist

2021-10-06 22:06:00 - [MESSAGE][PASSED] - Delayed 1 second(s)

2021-10-06 22:06:04 - [MESSAGE][PASSED] - Element 'Object Repository/iOS/Product_Search/Progress_Bar' is exist

2021-10-06 22:06:05 - [MESSAGE][PASSED] - Delayed 1 second(s)

2021-10-06 22:06:09 - [MESSAGE][PASSED] - Element 'Object Repository/iOS/Product_Search/Progress_Bar' is exist

2021-10-06 22:06:10 - [MESSAGE][PASSED] - Delayed 1 second(s)

2021-10-06 22:06:15 - [MESSAGE][PASSED] - Element 'Object Repository/iOS/Product_Search/Progress_Bar' is exist

2021-10-06 22:06:16 - [MESSAGE][PASSED] - Delayed 1 second(s)

2021-10-06 22:06:20 - [MESSAGE][PASSED] - Element 'Object Repository/iOS/Product_Search/Progress_Bar' is exist

2021-10-06 22:06:21 - [MESSAGE][PASSED] - Delayed 1 second(s)

2021-10-06 22:06:25 - [MESSAGE][PASSED] - Element 'Object Repository/iOS/Product_Search/Progress_Bar' is exist

2021-10-06 22:06:26 - [MESSAGE][PASSED] - Delayed 1 second(s)

2021-10-06 22:06:30 - [MESSAGE][PASSED] - Element 'Object Repository/iOS/Product_Search/Progress_Bar' is exist

2021-10-06 22:06:31 - [MESSAGE][PASSED] - Delayed 1 second(s)

2021-10-06 22:06:35 - [MESSAGE][PASSED] - Element 'Object Repository/iOS/Product_Search/Progress_Bar' is exist

2021-10-06 22:06:36 - [MESSAGE][PASSED] - Delayed 1 second(s)

2021-10-06 22:06:40 - [MESSAGE][PASSED] - Element 'Object Repository/iOS/Product_Search/Progress_Bar' is exist

2021-10-06 22:06:41 - [MESSAGE][PASSED] - Delayed 1 second(s)

2021-10-06 22:06:45 - [MESSAGE][PASSED] - Element 'Object Repository/iOS/Product_Search/Progress_Bar' is exist

2021-10-06 22:06:46 - [MESSAGE][PASSED] - Delayed 1 second(s)

2021-10-06 22:06:50 - [MESSAGE][PASSED] - Element 'Object Repository/iOS/Product_Search/Progress_Bar' is exist

2021-10-06 22:06:52 - [MESSAGE][PASSED] - Delayed 1 second(s)

2021-10-06 22:06:56 - [MESSAGE][PASSED] - Element 'Object Repository/iOS/Product_Search/Progress_Bar' is exist

2021-10-06 22:06:57 - [MESSAGE][PASSED] - Delayed 1 second(s)

2021-10-06 22:07:01 - [MESSAGE][PASSED] - Element 'Object Repository/iOS/Product_Search/Progress_Bar' is exist

2021-10-06 22:07:02 - [MESSAGE][PASSED] - Delayed 1 second(s)

2021-10-06 22:07:07 - [MESSAGE][PASSED] - Element 'Object Repository/iOS/Product_Search/Progress_Bar' is exist

2021-10-06 22:07:08 - [MESSAGE][PASSED] - Delayed 1 second(s)

2021-10-06 22:07:12 - [MESSAGE][PASSED] - Element 'Object Repository/iOS/Product_Search/Progress_Bar' is exist

2021-10-06 22:07:13 - [MESSAGE][PASSED] - Delayed 1 second(s)

2021-10-06 22:07:18 - [MESSAGE][PASSED] - Element 'Object Repository/iOS/Product_Search/Progress_Bar' is exist

2021-10-06 22:07:19 - [MESSAGE][PASSED] - Delayed 1 second(s)

2021-10-06 22:07:23 - [MESSAGE][PASSED] - Element 'Object Repository/iOS/Product_Search/Progress_Bar' is exist

2021-10-06 22:07:24 - [MESSAGE][PASSED] - Delayed 1 second(s)

2021-10-06 22:07:28 - [MESSAGE][PASSED] - Element 'Object Repository/iOS/Product_Search/Progress_Bar' is exist

2021-10-06 22:07:29 - [MESSAGE][PASSED] - Delayed 1 second(s)

2021-10-06 22:07:34 - [MESSAGE][PASSED] - Element 'Object Repository/iOS/Product_Search/Progress_Bar' is exist

2021-10-06 22:07:35 - [MESSAGE][PASSED] - Delayed 1 second(s)

2021-10-06 22:07:39 - [MESSAGE][PASSED] - Element 'Object Repository/iOS/Product_Search/Progress_Bar' is exist

2021-10-06 22:07:40 - [MESSAGE][PASSED] - Delayed 1 second(s)

2021-10-06 22:07:45 - [MESSAGE][PASSED] - Element 'Object Repository/iOS/Product_Search/Progress_Bar' is exist

2021-10-06 22:07:46 - [MESSAGE][PASSED] - Delayed 1 second(s)

2021-10-06 22:07:50 - [MESSAGE][PASSED] - Element 'Object Repository/iOS/Product_Search/Progress_Bar' is exist

2021-10-06 22:07:51 - [MESSAGE][PASSED] - Delayed 1 second(s)

2021-10-06 22:07:55 - [MESSAGE][PASSED] - Element 'Object Repository/iOS/Product_Search/Progress_Bar' is exist

2021-10-06 22:07:56 - [MESSAGE][PASSED] - Delayed 1 second(s)

2021-10-06 22:08:01 - [MESSAGE][PASSED] - Element 'Object Repository/iOS/Product_Search/Progress_Bar' is exist

2021-10-06 22:08:02 - [MESSAGE][PASSED] - Delayed 1 second(s)

2021-10-06 22:08:06 - [MESSAGE][PASSED] - Element 'Object Repository/iOS/Product_Search/Progress_Bar' is exist

2021-10-06 22:08:07 - [MESSAGE][PASSED] - Delayed 1 second(s)

2021-10-06 22:08:12 - [MESSAGE][PASSED] - Element 'Object Repository/iOS/Product_Search/Progress_Bar' is exist

2021-10-06 22:08:13 - [MESSAGE][PASSED] - Delayed 1 second(s)

2021-10-06 22:08:17 - [MESSAGE][PASSED] - Element 'Object Repository/iOS/Product_Search/Progress_Bar' is exist

2021-10-06 22:08:18 - [MESSAGE][PASSED] - Delayed 1 second(s)

2021-10-06 22:08:22 - [MESSAGE][PASSED] - Element 'Object Repository/iOS/Product_Search/Progress_Bar' is exist

2021-10-06 22:08:23 - [MESSAGE][PASSED] - Delayed 1 second(s)

2021-10-06 22:08:28 - [MESSAGE][PASSED] - Element 'Object Repository/iOS/Product_Search/Progress_Bar' is exist

2021-10-06 22:08:29 - [MESSAGE][PASSED] - Delayed 1 second(s)

2021-10-06 22:08:33 - [MESSAGE][PASSED] - Element 'Object Repository/iOS/Product_Search/Progress_Bar' is exist

2021-10-06 22:08:34 - [MESSAGE][PASSED] - Delayed 1 second(s)

2021-10-06 22:08:39 - [MESSAGE][PASSED] - Element 'Object Repository/iOS/Product_Search/Progress_Bar' is exist

2021-10-06 22:08:40 - [MESSAGE][PASSED] - Delayed 1 second(s)

2021-10-06 22:08:44 - [MESSAGE][PASSED] - Element 'Object Repository/iOS/Product_Search/Progress_Bar' is exist

2021-10-06 22:08:45 - [MESSAGE][PASSED] - Delayed 1 second(s)

2021-10-06 22:08:50 - [MESSAGE][PASSED] - Element 'Object Repository/iOS/Product_Search/Progress_Bar' is exist

2021-10-06 22:08:51 - [MESSAGE][PASSED] - Delayed 1 second(s)

2021-10-06 22:08:55 - [MESSAGE][PASSED] - Element 'Object Repository/iOS/Product_Search/Progress_Bar' is exist

2021-10-06 22:08:56 - [MESSAGE][PASSED] - Delayed 1 second(s)

2021-10-06 22:09:01 - [MESSAGE][PASSED] - Element 'Object Repository/iOS/Product_Search/Progress_Bar' is exist

2021-10-06 22:09:02 - [MESSAGE][PASSED] - Delayed 1 second(s)

2021-10-06 22:09:06 - [MESSAGE][PASSED] - Element 'Object Repository/iOS/Product_Search/Progress_Bar' is exist

2021-10-06 22:09:07 - [MESSAGE][PASSED] - Delayed 1 second(s)

2021-10-06 22:09:12 - [MESSAGE][PASSED] - Element 'Object Repository/iOS/Product_Search/Progress_Bar' is exist

2021-10-06 22:09:13 - [MESSAGE][PASSED] - Delayed 1 second(s)

2021-10-06 22:09:17 - [MESSAGE][PASSED] - Element 'Object Repository/iOS/Product_Search/Progress_Bar' is exist

2021-10-06 22:09:18 - [MESSAGE][PASSED] - Delayed 1 second(s)

2021-10-06 22:09:22 - [MESSAGE][PASSED] - Element 'Object Repository/iOS/Product_Search/Progress_Bar' is exist

[...]

2021-10-06 22:55:27 - [MESSAGE][PASSED] - Delayed 1 second(s)

2021-10-06 22:55:27 - [MESSAGE][PASSED] - Element 'Object Repository/iOS/Product_Search/Progress_Bar' is exist

2021-10-06 22:55:28 - [MESSAGE][PASSED] - Delayed 1 second(s)

2021-10-06 22:55:29 - [MESSAGE][PASSED] - Element 'Object Repository/iOS/Product_Search/Progress_Bar' is exist

2021-10-06 22:55:30 - [MESSAGE][PASSED] - Delayed 1 second(s)

2021-10-06 22:55:30 - [MESSAGE][PASSED] - Element 'Object Repository/iOS/Product_Search/Progress_Bar' is exist

2021-10-06 22:55:31 - [MESSAGE][PASSED] - Delayed 1 second(s)

2021-10-06 22:55:31 - [MESSAGE][PASSED] - Element 'Object Repository/iOS/Product_Search/Progress_Bar' is exist

2021-10-06 22:55:32 - [MESSAGE][PASSED] - Delayed 1 second(s)

2021-10-06 22:55:32 - [MESSAGE][PASSED] - Element 'Object Repository/iOS/Product_Search/Progress_Bar' is exist

2021-10-06 22:55:33 - [MESSAGE][PASSED] - Delayed 1 second(s)

2021-10-06 22:55:34 - [MESSAGE][PASSED] - Element 'Object Repository/iOS/Product_Search/Progress_Bar' is exist

2021-10-06 22:55:35 - [MESSAGE][PASSED] - Delayed 1 second(s)

2021-10-06 22:55:35 - [MESSAGE][PASSED] - Element 'Object Repository/iOS/Product_Search/Progress_Bar' is exist

2021-10-06 22:55:36 - [MESSAGE][PASSED] - Delayed 1 second(s)

2021-10-06 22:55:36 - [MESSAGE][PASSED] - Element 'Object Repository/iOS/Product_Search/Progress_Bar' is exist

2021-10-06 22:55:37 - [MESSAGE][PASSED] - Delayed 1 second(s)

2021-10-06 22:55:38 - [MESSAGE][PASSED] - Element 'Object Repository/iOS/Product_Search/Progress_Bar' is exist

2021-10-06 22:55:39 - [MESSAGE][PASSED] - Delayed 1 second(s)

2021-10-06 22:55:39 - [MESSAGE][PASSED] - Element 'Object Repository/iOS/Product_Search/Progress_Bar' is exist

2021-10-06 22:55:40 - [MESSAGE][PASSED] - Delayed 1 second(s)

2021-10-06 22:55:40 - [MESSAGE][PASSED] - Element 'Object Repository/iOS/Product_Search/Progress_Bar' is exist

2021-10-06 22:55:41 - [MESSAGE][PASSED] - Delayed 1 second(s)

2021-10-06 22:55:42 - [MESSAGE][PASSED] - Element 'Object Repository/iOS/Product_Search/Progress_Bar' is exist

2021-10-06 22:55:43 - [MESSAGE][PASSED] - Delayed 1 second(s)

2021-10-06 22:55:43 - [MESSAGE][PASSED] - Element 'Object Repository/iOS/Product_Search/Progress_Bar' is exist

2021-10-06 22:55:44 - [MESSAGE][PASSED] - Delayed 1 second(s)

2021-10-06 22:55:44 - [MESSAGE][PASSED] - Element 'Object Repository/iOS/Product_Search/Progress_Bar' is exist

2021-10-06 22:55:45 - [MESSAGE][PASSED] - Delayed 1 second(s)

2021-10-06 22:55:46 - [MESSAGE][PASSED] - Element 'Object Repository/iOS/Product_Search/Progress_Bar' is exist

2021-10-06 22:55:47 - [MESSAGE][PASSED] - Delayed 1 second(s)

2021-10-06 22:55:47 - [MESSAGE][PASSED] - Element 'Object Repository/iOS/Product_Search/Progress_Bar' is exist

2021-10-06 22:55:48 - [MESSAGE][PASSED] - Delayed 1 second(s)

2021-10-06 22:55:48 - [MESSAGE][PASSED] - Element 'Object Repository/iOS/Product_Search/Progress_Bar' is exist

2021-10-06 22:55:49 - [MESSAGE][PASSED] - Delayed 1 second(s)

2021-10-06 22:55:50 - [MESSAGE][PASSED] - Element 'Object Repository/iOS/Product_Search/Progress_Bar' is exist

2021-10-06 22:55:51 - [MESSAGE][PASSED] - Delayed 1 second(s)

2021-10-06 22:55:51 - [MESSAGE][PASSED] - Element 'Object Repository/iOS/Product_Search/Progress_Bar' is exist

2021-10-06 22:55:52 - [MESSAGE][PASSED] - Delayed 1 second(s)

2021-10-06 22:55:52 - [MESSAGE][PASSED] - Element 'Object Repository/iOS/Product_Search/Progress_Bar' is exist

2021-10-06 22:55:53 - [MESSAGE][PASSED] - Delayed 1 second(s)

2021-10-06 22:55:53 - [MESSAGE][PASSED] - Element 'Object Repository/iOS/Product_Search/Progress_Bar' is exist

2021-10-06 22:55:54 - [MESSAGE][PASSED] - Delayed 1 second(s)

2021-10-06 22:55:55 - [MESSAGE][PASSED] - Element 'Object Repository/iOS/Product_Search/Progress_Bar' is exist

2021-10-06 22:55:56 - [MESSAGE][PASSED] - Delayed 1 second(s)

2021-10-06 22:55:56 - [MESSAGE][PASSED] - Element 'Object Repository/iOS/Product_Search/Progress_Bar' is exist

2021-10-06 22:55:57 - [MESSAGE][PASSED] - Delayed 1 second(s)

2021-10-06 22:55:57 - [MESSAGE][PASSED] - Element 'Object Repository/iOS/Product_Search/Progress_Bar' is exist

2021-10-06 22:55:58 - [MESSAGE][PASSED] - Delayed 1 second(s)

2021-10-06 22:55:59 - [MESSAGE][PASSED] - Element 'Object Repository/iOS/Product_Search/Progress_Bar' is exist

2021-10-06 22:56:00 - [MESSAGE][PASSED] - Delayed 1 second(s)

2021-10-06 22:56:00 - [MESSAGE][PASSED] - Element 'Object Repository/iOS/Product_Search/Progress_Bar' is exist

2021-10-06 22:56:01 - [MESSAGE][PASSED] - Delayed 1 second(s)

2021-10-06 22:56:01 - [MESSAGE][PASSED] - Element 'Object Repository/iOS/Product_Search/Progress_Bar' is exist

2021-10-06 22:56:02 - [MESSAGE][PASSED] - Delayed 1 second(s)

2021-10-06 22:56:03 - [MESSAGE][PASSED] - Element 'Object Repository/iOS/Product_Search/Progress_Bar' is exist

2021-10-06 22:56:04 - [MESSAGE][PASSED] - Delayed 1 second(s)

2021-10-06 22:56:04 - [MESSAGE][PASSED] - Element 'Object Repository/iOS/Product_Search/Progress_Bar' is exist

2021-10-06 22:56:05 - [MESSAGE][PASSED] - Delayed 1 second(s)

2021-10-06 22:56:05 - [MESSAGE][PASSED] - Element 'Object Repository/iOS/Product_Search/Progress_Bar' is exist

2021-10-06 22:56:06 - [MESSAGE][PASSED] - Delayed 1 second(s)

2021-10-06 22:56:07 - [MESSAGE][PASSED] - Element 'Object Repository/iOS/Product_Search/Progress_Bar' is exist

2021-10-06 22:56:08 - [MESSAGE][PASSED] - Delayed 1 second(s)

2021-10-06 22:56:08 - [MESSAGE][PASSED] - Element 'Object Repository/iOS/Product_Search/Progress_Bar' is exist

2021-10-06 22:56:09 - [MESSAGE][PASSED] - Delayed 1 second(s)

2021-10-06 22:56:09 - [MESSAGE][PASSED] - Element 'Object Repository/iOS/Product_Search/Progress_Bar' is exist

2021-10-06 22:56:10 - [MESSAGE][PASSED] - Delayed 1 second(s)

2021-10-06 22:56:11 - [MESSAGE][PASSED] - Element 'Object Repository/iOS/Product_Search/Progress_Bar' is exist

2021-10-06 22:56:12 - [MESSAGE][PASSED] - Delayed 1 second(s)

2021-10-06 22:56:12 - [MESSAGE][PASSED] - Element 'Object Repository/iOS/Product_Search/Progress_Bar' is exist

2021-10-06 22:56:13 - [MESSAGE][PASSED] - Delayed 1 second(s)

2021-10-06 22:56:13 - [MESSAGE][PASSED] - Element 'Object Repository/iOS/Product_Search/Progress_Bar' is exist

2021-10-06 22:56:14 - [MESSAGE][PASSED] - Delayed 1 second(s)

2021-10-06 22:56:14 - [MESSAGE][PASSED] - Element 'Object Repository/iOS/Product_Search/Progress_Bar' is exist

2021-10-06 22:56:15 - [MESSAGE][PASSED] - Delayed 1 second(s)

2021-10-06 22:56:16 - [MESSAGE][PASSED] - Element 'Object Repository/iOS/Product_Search/Progress_Bar' is exist

2021-10-06 22:56:17 - [MESSAGE][PASSED] - Delayed 1 second(s)

2021-10-06 22:56:17 - [MESSAGE][PASSED] - Element 'Object Repository/iOS/Product_Search/Progress_Bar' is exist

2021-10-06 22:56:18 - [MESSAGE][PASSED] - Delayed 1 second(s)

2021-10-06 22:56:18 - [MESSAGE][PASSED] - Element 'Object Repository/iOS/Product_Search/Progress_Bar' is exist

2021-10-06 22:56:19 - [MESSAGE][PASSED] - Delayed 1 second(s)

2021-10-06 22:56:20 - [MESSAGE][PASSED] - Element 'Object Repository/iOS/Product_Search/Progress_Bar' is exist

2021-10-06 22:56:21 - [MESSAGE][PASSED] - Delayed 1 second(s)

2021-10-06 22:56:21 - [MESSAGE][PASSED] - Element 'Object Repository/iOS/Product_Search/Progress_Bar' is exist

2021-10-06 22:56:22 - [MESSAGE][PASSED] - Delayed 1 second(s)

2021-10-06 22:56:23 - [MESSAGE][WARNING] - Element 'Object Repository/iOS/Product_Search/Progress_Bar' not found
[[ATTACHMENT|/Users/sahil.vidaysingh/Katalon Studio/testing/Reports/20211006_215455/sanity_iOS/20211006_215455/1633541183697.png]]

2021-10-06 22:56:23 - [MESSAGE][WARNING] - Timeout '0' is invalid. Using default page load timeout: '30'

2021-10-06 22:56:54 - [MESSAGE][WARNING] - Object Object Repository/iOS/Account_Selection/You must select an account to continue_Text not found

2021-10-06 22:57:25 - [MESSAGE][FAILED] - Text '10-676018' not found.
[[ATTACHMENT|/Users/sahil.vidaysingh/Katalon Studio/testing/Reports/20211006_215455/sanity_iOS/20211006_215455/1633541245143.png]]

2021-10-06 22:57:25 - [MESSAGE][FAILED] - Unable to scroll to text '10-676018' (Root cause: com.kms.katalon.core.exception.StepFailedException: Text '10-676018' not found.
	at com.kms.katalon.core.keyword.internal.KeywordMain.stepFailed(KeywordMain.groovy:50)
	at com.kms.katalon.core.mobile.keyword.internal.MobileKeywordMain.stepFailed(MobileKeywordMain.groovy:40)
	at com.kms.katalon.core.mobile.keyword.internal.MobileKeywordMain$stepFailed$0.call(Unknown Source)
	at com.kms.katalon.core.mobile.keyword.builtin.ScrollToTextKeyword$_scrollToText_closure1.doCall(ScrollToTextKeyword.groovy:80)
	at com.kms.katalon.core.mobile.keyword.builtin.ScrollToTextKeyword$_scrollToText_closure1.doCall(ScrollToTextKeyword.groovy)
	at com.kms.katalon.core.mobile.keyword.internal.MobileKeywordMain.runKeyword(MobileKeywordMain.groovy:21)
	at com.kms.katalon.core.mobile.keyword.internal.MobileKeywordMain$runKeyword.call(Unknown Source)
	at com.kms.katalon.core.mobile.keyword.builtin.ScrollToTextKeyword.scrollToText(ScrollToTextKeyword.groovy:85)
	at com.kms.katalon.core.mobile.keyword.builtin.ScrollToTextKeyword.execute(ScrollToTextKeyword.groovy:41)
	at com.kms.katalon.core.keyword.internal.KeywordExecutor.executeKeywordForPlatform(KeywordExecutor.groovy:73)
	at com.kms.katalon.core.mobile.keyword.MobileBuiltInKeywords.scrollToText(MobileBuiltInKeywords.groovy:1818)
	at com.kms.katalon.core.mobile.keyword.MobileBuiltInKeywords$scrollToText$6.call(Unknown Source)
	at ios_account_selection.Select_An_Account.Custom(Select_An_Account.groovy:56)
	at ios_account_selection.Select_An_Account.invokeMethod(Select_An_Account.groovy)
	at com.kms.katalon.core.main.CustomKeywordDelegatingMetaClass.invokeStaticMethod(CustomKeywordDelegatingMetaClass.java:50)
	at Inventory(Verify add,copy,move between location).run(Inventory(Verify add,copy,move between location):24)
	at com.kms.katalon.core.main.ScriptEngine.run(ScriptEngine.java:194)
	at com.kms.katalon.core.main.ScriptEngine.runScriptAsRawText(ScriptEngine.java:119)
	at com.kms.katalon.core.main.TestCaseExecutor.runScript(TestCaseExecutor.java:398)
	at com.kms.katalon.core.main.TestCaseExecutor.doExecute(TestCaseExecutor.java:389)
	at com.kms.katalon.core.main.TestCaseExecutor.processExecutionPhase(TestCaseExecutor.java:368)
	at com.kms.katalon.core.main.TestCaseExecutor.accessMainPhase(TestCaseExecutor.java:360)
	at com.kms.katalon.core.main.TestCaseExecutor.execute(TestCaseExecutor.java:255)
	at com.kms.katalon.core.main.TestSuiteExecutor.accessTestCaseMainPhase(TestSuiteExecutor.java:203)
	at com.kms.katalon.core.main.TestSuiteExecutor.accessTestSuiteMainPhase(TestSuiteExecutor.java:152)
	at com.kms.katalon.core.main.TestSuiteExecutor.execute(TestSuiteExecutor.java:95)
	at com.kms.katalon.core.main.TestCaseMain.startTestSuite(TestCaseMain.java:157)
	at com.kms.katalon.core.main.TestCaseMain$startTestSuite$0.call(Unknown Source)
	at TempTestSuite1633537495900.run(TempTestSuite1633537495900.groovy:39)
)
[[ATTACHMENT|/Users/sahil.vidaysingh/Katalon Studio/testing/Reports/20211006_215455/sanity_iOS/20211006_215455/1633541245270.png]]

2021-10-06 22:57:25 - [MESSAGE][FAILED] - Text '10-676018' not found.]]></system-out>
         <system-err><![CDATA[2021-10-06 22:54:10 - [TEST_CASE][FAILED] - Test Cases/iOS/Inventory/Inventory(Verify add,copy,move between location): Test Cases/iOS/Inventory/Inventory(Verify add,copy,move between location) FAILED.
Reason:
com.kms.katalon.core.exception.StepFailedException: Text '10-676018' not found.
	at com.kms.katalon.core.keyword.internal.KeywordMain.stepFailed(KeywordMain.groovy:50)
	at com.kms.katalon.core.mobile.keyword.internal.MobileKeywordMain.stepFailed(MobileKeywordMain.groovy:40)
	at com.kms.katalon.core.mobile.keyword.internal.MobileKeywordMain$stepFailed$0.call(Unknown Source)
	at com.kms.katalon.core.mobile.keyword.builtin.ScrollToTextKeyword$_scrollToText_closure1.doCall(ScrollToTextKeyword.groovy:80)
	at com.kms.katalon.core.mobile.keyword.builtin.ScrollToTextKeyword$_scrollToText_closure1.doCall(ScrollToTextKeyword.groovy)
	at com.kms.katalon.core.mobile.keyword.internal.MobileKeywordMain.runKeyword(MobileKeywordMain.groovy:21)
	at com.kms.katalon.core.mobile.keyword.internal.MobileKeywordMain$runKeyword.call(Unknown Source)
	at com.kms.katalon.core.mobile.keyword.builtin.ScrollToTextKeyword.scrollToText(ScrollToTextKeyword.groovy:85)
	at com.kms.katalon.core.mobile.keyword.builtin.ScrollToTextKeyword.execute(ScrollToTextKeyword.groovy:41)
	at com.kms.katalon.core.keyword.internal.KeywordExecutor.executeKeywordForPlatform(KeywordExecutor.groovy:73)
	at com.kms.katalon.core.mobile.keyword.MobileBuiltInKeywords.scrollToText(MobileBuiltInKeywords.groovy:1818)
	at com.kms.katalon.core.mobile.keyword.MobileBuiltInKeywords$scrollToText$6.call(Unknown Source)
	at ios_account_selection.Select_An_Account.Custom(Select_An_Account.groovy:56)
	at ios_account_selection.Select_An_Account.invokeMethod(Select_An_Account.groovy)
	at com.kms.katalon.core.main.CustomKeywordDelegatingMetaClass.invokeStaticMethod(CustomKeywordDelegatingMetaClass.java:50)
	at Inventory(Verify add,copy,move between location).run(Inventory(Verify add,copy,move between location):24)
	at com.kms.katalon.core.main.ScriptEngine.run(ScriptEngine.java:194)
	at com.kms.katalon.core.main.ScriptEngine.runScriptAsRawText(ScriptEngine.java:119)
	at com.kms.katalon.core.main.TestCaseExecutor.runScript(TestCaseExecutor.java:398)
	at com.kms.katalon.core.main.TestCaseExecutor.doExecute(TestCaseExecutor.java:389)
	at com.kms.katalon.core.main.TestCaseExecutor.processExecutionPhase(TestCaseExecutor.java:368)
	at com.kms.katalon.core.main.TestCaseExecutor.accessMainPhase(TestCaseExecutor.java:360)
	at com.kms.katalon.core.main.TestCaseExecutor.execute(TestCaseExecutor.java:255)
	at com.kms.katalon.core.main.TestSuiteExecutor.accessTestCaseMainPhase(TestSuiteExecutor.java:203)
	at com.kms.katalon.core.main.TestSuiteExecutor.accessTestSuiteMainPhase(TestSuiteExecutor.java:152)
	at com.kms.katalon.core.main.TestSuiteExecutor.execute(TestSuiteExecutor.java:95)
	at com.kms.katalon.core.main.TestCaseMain.startTestSuite(TestCaseMain.java:157)
	at com.kms.katalon.core.main.TestCaseMain$startTestSuite$0.call(Unknown Source)
	at TempTestSuite1633537495900.run(TempTestSuite1633537495900.groovy:39)]]></system-err>
      </testcase>
      <system-out><![CDATA[2021-10-06 21:55:02 - [TEST_SUITE][FAILED] - sanity_iOS: Test Cases/iOS/Carts/Place and Upload All Orders FAILED.
Reason:
com.kms.katalon.core.exception.StepFailedException: Object Object Repository/iOS/Orders/Orders_Common_Screen/New Order_Tab not found
	at com.kms.katalon.core.keyword.internal.KeywordMain.stepFailed(KeywordMain.groovy:50)
	at com.kms.katalon.core.mobile.keyword.internal.MobileKeywordMain.stepFailed(MobileKeywordMain.groovy:40)
	at com.kms.katalon.core.mobile.keyword.builtin.TapKeyword$_tap_closure1.doCall(TapKeyword.groovy:79)
	at com.kms.katalon.core.mobile.keyword.builtin.TapKeyword$_tap_closure1.call(TapKeyword.groovy)
	at com.kms.katalon.core.mobile.keyword.internal.MobileKeywordMain.runKeyword(MobileKeywordMain.groovy:21)
	at com.kms.katalon.core.mobile.keyword.builtin.TapKeyword.tap(TapKeyword.groovy:86)
	at com.kms.katalon.core.mobile.keyword.builtin.TapKeyword.execute(TapKeyword.groovy:68)
	at com.kms.katalon.core.keyword.internal.KeywordExecutor.executeKeywordForPlatform(KeywordExecutor.groovy:73)
	at com.kms.katalon.core.mobile.keyword.MobileBuiltInKeywords.tap(MobileBuiltInKeywords.groovy:1354)
	at com.kms.katalon.core.mobile.keyword.MobileBuiltInKeywords$tap$3.call(Unknown Source)
	at ios_orders.Orders_Screen.click_On_NewOrder(Orders_Screen.groovy:48)
	at ios_orders.Orders_Screen.invokeMethod(Orders_Screen.groovy)
	at com.kms.katalon.core.main.CustomKeywordDelegatingMetaClass.invokeStaticMethod(CustomKeywordDelegatingMetaClass.java:50)
	at Place and Upload All Orders.run(Place and Upload All Orders:40)
	at com.kms.katalon.core.main.ScriptEngine.run(ScriptEngine.java:194)
	at com.kms.katalon.core.main.ScriptEngine.runScriptAsRawText(ScriptEngine.java:119)
	at com.kms.katalon.core.main.TestCaseExecutor.runScript(TestCaseExecutor.java:398)
	at com.kms.katalon.core.main.TestCaseExecutor.doExecute(TestCaseExecutor.java:389)
	at com.kms.katalon.core.main.TestCaseExecutor.processExecutionPhase(TestCaseExecutor.java:368)
	at com.kms.katalon.core.main.TestCaseExecutor.accessMainPhase(TestCaseExecutor.java:360)
	at com.kms.katalon.core.main.TestCaseExecutor.execute(TestCaseExecutor.java:255)
	at com.kms.katalon.core.main.TestSuiteExecutor.accessTestCaseMainPhase(TestSuiteExecutor.java:203)
	at com.kms.katalon.core.main.TestSuiteExecutor.accessTestSuiteMainPhase(TestSuiteExecutor.java:152)
	at com.kms.katalon.core.main.TestSuiteExecutor.execute(TestSuiteExecutor.java:95)
	at com.kms.katalon.core.main.TestCaseMain.startTestSuite(TestCaseMain.java:157)
	at com.kms.katalon.core.main.TestCaseMain$startTestSuite$0.call(Unknown Source)
	at TempTestSuite1633537495900.run(TempTestSuite1633537495900.groovy:39)]]></system-out>
      <system-err><![CDATA[2021-10-06 21:55:02 - [TEST_SUITE][FAILED] - sanity_iOS: Test Cases/iOS/Carts/Place and Upload All Orders FAILED.
Reason:
com.kms.katalon.core.exception.StepFailedException: Object Object Repository/iOS/Orders/Orders_Common_Screen/New Order_Tab not found
	at com.kms.katalon.core.keyword.internal.KeywordMain.stepFailed(KeywordMain.groovy:50)
	at com.kms.katalon.core.mobile.keyword.internal.MobileKeywordMain.stepFailed(MobileKeywordMain.groovy:40)
	at com.kms.katalon.core.mobile.keyword.builtin.TapKeyword$_tap_closure1.doCall(TapKeyword.groovy:79)
	at com.kms.katalon.core.mobile.keyword.builtin.TapKeyword$_tap_closure1.call(TapKeyword.groovy)
	at com.kms.katalon.core.mobile.keyword.internal.MobileKeywordMain.runKeyword(MobileKeywordMain.groovy:21)
	at com.kms.katalon.core.mobile.keyword.builtin.TapKeyword.tap(TapKeyword.groovy:86)
	at com.kms.katalon.core.mobile.keyword.builtin.TapKeyword.execute(TapKeyword.groovy:68)
	at com.kms.katalon.core.keyword.internal.KeywordExecutor.executeKeywordForPlatform(KeywordExecutor.groovy:73)
	at com.kms.katalon.core.mobile.keyword.MobileBuiltInKeywords.tap(MobileBuiltInKeywords.groovy:1354)
	at com.kms.katalon.core.mobile.keyword.MobileBuiltInKeywords$tap$3.call(Unknown Source)
	at ios_orders.Orders_Screen.click_On_NewOrder(Orders_Screen.groovy:48)
	at ios_orders.Orders_Screen.invokeMethod(Orders_Screen.groovy)
	at com.kms.katalon.core.main.CustomKeywordDelegatingMetaClass.invokeStaticMethod(CustomKeywordDelegatingMetaClass.java:50)
	at Place and Upload All Orders.run(Place and Upload All Orders:40)
	at com.kms.katalon.core.main.ScriptEngine.run(ScriptEngine.java:194)
	at com.kms.katalon.core.main.ScriptEngine.runScriptAsRawText(ScriptEngine.java:119)
	at com.kms.katalon.core.main.TestCaseExecutor.runScript(TestCaseExecutor.java:398)
	at com.kms.katalon.core.main.TestCaseExecutor.doExecute(TestCaseExecutor.java:389)
	at com.kms.katalon.core.main.TestCaseExecutor.processExecutionPhase(TestCaseExecutor.java:368)
	at com.kms.katalon.core.main.TestCaseExecutor.accessMainPhase(TestCaseExecutor.java:360)
	at com.kms.katalon.core.main.TestCaseExecutor.execute(TestCaseExecutor.java:255)
	at com.kms.katalon.core.main.TestSuiteExecutor.accessTestCaseMainPhase(TestSuiteExecutor.java:203)
	at com.kms.katalon.core.main.TestSuiteExecutor.accessTestSuiteMainPhase(TestSuiteExecutor.java:152)
	at com.kms.katalon.core.main.TestSuiteExecutor.execute(TestSuiteExecutor.java:95)
	at com.kms.katalon.core.main.TestCaseMain.startTestSuite(TestCaseMain.java:157)
	at com.kms.katalon.core.main.TestCaseMain$startTestSuite$0.call(Unknown Source)
	at TempTestSuite1633537495900.run(TempTestSuite1633537495900.groovy:39)]]></system-err>
   </testsuite>
</testsuites>
