<?xml version="1.0" encoding="UTF-8"?>
<testsuites name="sanity_iOS" time="3949.76" tests="14" failures="4" skips="0" errors="0">
   <testsuite name="sanity_iOS" tests="14" failures="4" errors="0" time="3949.76" skips="0" timestamp="2021-10-06 19:22:56" hostname="sahil.vidaysingh - 192.168.29.216" id="Test Suites/sanity_iOS">
      <properties>
[...]
</properties>
      <testcase name="Test Cases/iOS/LogIn/Login_Page_Verfication" time="84.098" classname="Test Cases/iOS/LogIn/Login_Page_Verfication" status="PASSED">
         <system-out><![CDATA[2021-10-06 19:22:57 - [TEST_CASE][PASSED] - Test Cases/iOS/LogIn/Login_Page_Verfication: Test Cases/iOS/LogIn/Login_Page_Verfication

2021-10-06 19:22:57 - [TEST_STEP][PASSED] - ios_common_keywords.Start_Application.custom(): ios_common_keywords.Start_Application.custom is PASSED

2021-10-06 19:22:59 - [MESSAGE][INFO] - ios_webkit_debug_proxy server started on port 55139

2021-10-06 19:23:01 - [MESSAGE][INFO] - Appium server started on port 55,142

2021-10-06 19:24:11 - [MESSAGE][PASSED] - Started app at: '/Users/sahil.vidaysingh/Downloads/Hatch 3.app'

2021-10-06 19:24:11 - [MESSAGE][PASSED] - ios_common_keywords.Start_Application.custom is PASSED

2021-10-06 19:24:11 - [TEST_STEP][PASSED] - ios_login.Login_Screen.verify_LoginPage_Details(): ios_login.Login_Screen.verify_LoginPage_Details is PASSED

2021-10-06 19:24:11 - [MESSAGE][WARNING] - Timeout '0' is invalid. Using default page load timeout: '30'

2021-10-06 19:24:11 - [MESSAGE][PASSED] - Element 'Object Repository/iOS/LogIn/Login_Details_Screen/Forget_Password_Text' is exist

2021-10-06 19:24:11 - [MESSAGE][WARNING] - Timeout '0' is invalid. Using default page load timeout: '30'

2021-10-06 19:24:12 - [MESSAGE][PASSED] - Element 'Object Repository/iOS/LogIn/Login_Details_Screen/Welcome_Text' is exist

2021-10-06 19:24:12 - [MESSAGE][WARNING] - Timeout '0' is invalid. Using default page load timeout: '30'

2021-10-06 19:24:12 - [MESSAGE][PASSED] - Element 'Object Repository/iOS/LogIn/Login_Details_Screen/Order Express_Logo' is exist

2021-10-06 19:24:12 - [MESSAGE][PASSED] - ios_login.Login_Screen.verify_LoginPage_Details is PASSED

2021-10-06 19:24:12 - [TEST_STEP][PASSED] - ios_login.Login_Screen.login(password): ios_login.Login_Screen.login is PASSED

2021-10-06 19:24:12 - [MESSAGE][PASSED] - Element 'Object Repository/iOS/LogIn/Environment_Selection_Screen/Environment Selection_Text' is exist

2021-10-06 19:24:12 - [MESSAGE][WARNING] - Timeout '0' is invalid. Using default page load timeout: '30'

2021-10-06 19:24:13 - [MESSAGE][PASSED] - Tapped on element 'Object Repository/iOS/LogIn/Environment_Selection_Screen/Environment Selection_Text'

2021-10-06 19:24:14 - [MESSAGE][WARNING] - Timeout '0' is invalid. Using default page load timeout: '30'

2021-10-06 19:24:15 - [MESSAGE][PASSED] - Tapped on element 'Object Repository/iOS/LogIn/Environment_Selection_Screen/Environment_Button'

2021-10-06 19:24:15 - [MESSAGE][WARNING] - Timeout '0' is invalid. Using default page load timeout: '30'

2021-10-06 19:24:15 - [MESSAGE][PASSED] - Tapped on element 'Object Repository/iOS/LogIn/Login_Details_Screen/Login UserName_Button'

2021-10-06 19:24:15 - [MESSAGE][WARNING] - Timeout '0' is invalid. Using default page load timeout: '30'

2021-10-06 19:24:16 - [MESSAGE][PASSED] - Text 'auto_ws_acute' has been set to element 'Object Repository/iOS/LogIn/Login_Details_Screen/UserName_Text_Field'

2021-10-06 19:24:17 - [MESSAGE][WARNING] - Timeout '0' is invalid. Using default page load timeout: '30'

2021-10-06 19:24:18 - [MESSAGE][PASSED] - Tapped on element 'Object Repository/iOS/LogIn/Login_Details_Screen/LoginBar-ButtonDown'

2021-10-06 19:24:18 - [MESSAGE][WARNING] - Timeout '0' is invalid. Using default page load timeout: '30'

2021-10-06 19:24:19 - [MESSAGE][PASSED] - Tapped on element 'Object Repository/iOS/LogIn/Login_Details_Screen/Password-Button'

2021-10-06 19:24:19 - [MESSAGE][WARNING] - Timeout '0' is invalid. Using default page load timeout: '30'

2021-10-06 19:24:20 - [MESSAGE][PASSED] - Text 'Cardinal1' has been set to element 'Object Repository/iOS/LogIn/Login_Details_Screen/Password-Secure_Text_Field'

2021-10-06 19:24:20 - [MESSAGE][WARNING] - Timeout '0' is invalid. Using default page load timeout: '30'

2021-10-06 19:24:21 - [MESSAGE][PASSED] - Tapped on element 'Object Repository/iOS/LogIn/Login_Details_Screen/SignIn_Button'

2021-10-06 19:24:21 - [MESSAGE][PASSED] - ios_login.Login_Screen.login is PASSED]]></system-out>
         <system-err><![CDATA[]]></system-err>
      </testcase>
      <testcase name="Test Cases/iOS/Inventory/Verify Inventory Location(Edit,Update)" time="271.131" classname="Test Cases/iOS/Inventory/Verify Inventory Location(Edit,Update)" status="PASSED">
         <system-out><![CDATA[2021-10-06 19:24:21 - [TEST_CASE][PASSED] - Test Cases/iOS/Inventory/Verify Inventory Location(Edit,Update): Test Cases/iOS/Inventory/Verify Inventory Location(Edit,Update)

2021-10-06 19:24:22 - [TEST_STEP][PASSED] - ios_common_keywords.Start_Application.custom(): ios_common_keywords.Start_Application.custom is PASSED

2021-10-06 19:25:20 - [MESSAGE][PASSED] - Started app at: '/Users/sahil.vidaysingh/Downloads/Hatch 3.app'

2021-10-06 19:25:20 - [MESSAGE][PASSED] - ios_common_keywords.Start_Application.custom is PASSED

2021-10-06 19:25:20 - [TEST_STEP][PASSED] - ios_login.Login_Screen.login(Password): ios_login.Login_Screen.login is PASSED

2021-10-06 19:25:20 - [MESSAGE][PASSED] - Element 'Object Repository/iOS/LogIn/Environment_Selection_Screen/Environment Selection_Text' is exist

2021-10-06 19:25:20 - [MESSAGE][WARNING] - Timeout '0' is invalid. Using default page load timeout: '30'

2021-10-06 19:25:21 - [MESSAGE][PASSED] - Tapped on element 'Object Repository/iOS/LogIn/Environment_Selection_Screen/Environment Selection_Text'

2021-10-06 19:25:22 - [MESSAGE][WARNING] - Timeout '0' is invalid. Using default page load timeout: '30'

2021-10-06 19:25:23 - [MESSAGE][PASSED] - Tapped on element 'Object Repository/iOS/LogIn/Environment_Selection_Screen/Environment_Button'

2021-10-06 19:25:23 - [MESSAGE][WARNING] - Timeout '0' is invalid. Using default page load timeout: '30'

2021-10-06 19:25:24 - [MESSAGE][PASSED] - Tapped on element 'Object Repository/iOS/LogIn/Login_Details_Screen/Login UserName_Button'

2021-10-06 19:25:24 - [MESSAGE][WARNING] - Timeout '0' is invalid. Using default page load timeout: '30'

2021-10-06 19:25:25 - [MESSAGE][PASSED] - Text 'auto_ws_acute' has been set to element 'Object Repository/iOS/LogIn/Login_Details_Screen/UserName_Text_Field'

2021-10-06 19:25:25 - [MESSAGE][WARNING] - Timeout '0' is invalid. Using default page load timeout: '30'

2021-10-06 19:25:26 - [MESSAGE][PASSED] - Tapped on element 'Object Repository/iOS/LogIn/Login_Details_Screen/LoginBar-ButtonDown'

2021-10-06 19:25:26 - [MESSAGE][WARNING] - Timeout '0' is invalid. Using default page load timeout: '30'

2021-10-06 19:25:27 - [MESSAGE][PASSED] - Tapped on element 'Object Repository/iOS/LogIn/Login_Details_Screen/Password-Button'

2021-10-06 19:25:27 - [MESSAGE][WARNING] - Timeout '0' is invalid. Using default page load timeout: '30'

2021-10-06 19:25:28 - [MESSAGE][PASSED] - Text 'Cardinal1' has been set to element 'Object Repository/iOS/LogIn/Login_Details_Screen/Password-Secure_Text_Field'

2021-10-06 19:25:28 - [MESSAGE][WARNING] - Timeout '0' is invalid. Using default page load timeout: '30'

2021-10-06 19:25:29 - [MESSAGE][PASSED] - Tapped on element 'Object Repository/iOS/LogIn/Login_Details_Screen/SignIn_Button'

2021-10-06 19:25:29 - [MESSAGE][PASSED] - ios_login.Login_Screen.login is PASSED

2021-10-06 19:25:29 - [TEST_STEP][PASSED] - ios_account_selection.Select_An_Account.Custom(Account): ios_account_selection.Select_An_Account.Custom is PASSED

2021-10-06 19:25:30 - [MESSAGE][PASSED] - Element 'Object Repository/iOS/Product_Search/Progress_Bar' is exist

2021-10-06 19:25:31 - [MESSAGE][PASSED] - Delayed 1 second(s)

2021-10-06 19:25:31 - [MESSAGE][PASSED] - Element 'Object Repository/iOS/Product_Search/Progress_Bar' is exist

2021-10-06 19:25:32 - [MESSAGE][PASSED] - Delayed 1 second(s)

2021-10-06 19:25:33 - [MESSAGE][PASSED] - Element 'Object Repository/iOS/Product_Search/Progress_Bar' is exist

2021-10-06 19:25:34 - [MESSAGE][PASSED] - Delayed 1 second(s)

2021-10-06 19:25:35 - [MESSAGE][PASSED] - Element 'Object Repository/iOS/Product_Search/Progress_Bar' is exist

2021-10-06 19:25:36 - [MESSAGE][PASSED] - Delayed 1 second(s)

2021-10-06 19:25:36 - [MESSAGE][PASSED] - Element 'Object Repository/iOS/Product_Search/Progress_Bar' is exist

2021-10-06 19:25:37 - [MESSAGE][PASSED] - Delayed 1 second(s)

2021-10-06 19:25:38 - [MESSAGE][PASSED] - Element 'Object Repository/iOS/Product_Search/Progress_Bar' is exist

2021-10-06 19:25:39 - [MESSAGE][PASSED] - Delayed 1 second(s)

2021-10-06 19:25:39 - [MESSAGE][PASSED] - Element 'Object Repository/iOS/Product_Search/Progress_Bar' is exist

2021-10-06 19:25:40 - [MESSAGE][PASSED] - Delayed 1 second(s)

2021-10-06 19:25:41 - [MESSAGE][PASSED] - Element 'Object Repository/iOS/Product_Search/Progress_Bar' is exist

2021-10-06 19:25:42 - [MESSAGE][PASSED] - Delayed 1 second(s)

2021-10-06 19:25:42 - [MESSAGE][PASSED] - Element 'Object Repository/iOS/Product_Search/Progress_Bar' is exist

2021-10-06 19:25:43 - [MESSAGE][PASSED] - Delayed 1 second(s)

2021-10-06 19:25:43 - [MESSAGE][PASSED] - Element 'Object Repository/iOS/Product_Search/Progress_Bar' is exist

2021-10-06 19:25:44 - [MESSAGE][PASSED] - Delayed 1 second(s)

2021-10-06 19:25:45 - [MESSAGE][PASSED] - Element 'Object Repository/iOS/Product_Search/Progress_Bar' is exist

2021-10-06 19:25:46 - [MESSAGE][PASSED] - Delayed 1 second(s)

2021-10-06 19:25:47 - [MESSAGE][PASSED] - Element 'Object Repository/iOS/Product_Search/Progress_Bar' is exist

2021-10-06 19:25:48 - [MESSAGE][PASSED] - Delayed 1 second(s)

2021-10-06 19:25:49 - [MESSAGE][PASSED] - Element 'Object Repository/iOS/Product_Search/Progress_Bar' is exist

2021-10-06 19:25:50 - [MESSAGE][PASSED] - Delayed 1 second(s)

2021-10-06 19:25:51 - [MESSAGE][WARNING] - Element 'Object Repository/iOS/Product_Search/Progress_Bar' not found
[[ATTACHMENT|/Users/sahil.vidaysingh/Katalon Studio/testing/Reports/20211006_192250/sanity_iOS/20211006_192250/1633528551447.png]]

2021-10-06 19:25:51 - [MESSAGE][WARNING] - Timeout '0' is invalid. Using default page load timeout: '30'

2021-10-06 19:25:52 - [MESSAGE][PASSED] - Element 'Object Repository/iOS/Account_Selection/You must select an account to continue_Text' is present

2021-10-06 19:25:53 - [MESSAGE][PASSED] - Scrolling to text '11-487698' successfully

2021-10-06 19:25:53 - [MESSAGE][WARNING] - Timeout '0' is invalid. Using default page load timeout: '30'

2021-10-06 19:25:54 - [MESSAGE][PASSED] - Tapped on element 'Object Repository/iOS/Account_Selection/AccountNo_Text'

2021-10-06 19:25:55 - [MESSAGE][WARNING] - Element 'Object Repository/iOS/Product_Search/Progress_Bar' not found
[[ATTACHMENT|/Users/sahil.vidaysingh/Katalon Studio/testing/Reports/20211006_192250/sanity_iOS/20211006_192250/1633528555693.png]]

2021-10-06 19:25:55 - [MESSAGE][PASSED] - ios_account_selection.Select_An_Account.Custom is PASSED

2021-10-06 19:25:55 - [TEST_STEP][PASSED] - ios_dashboard.dashboard_details.click_On_More_Options(): ios_dashboard.dashboard_details.click_On_More_Options is PASSED

2021-10-06 19:25:55 - [MESSAGE][WARNING] - Timeout '0' is invalid. Using default page load timeout: '30'

2021-10-06 19:25:56 - [MESSAGE][PASSED] - Tapped on element 'Object Repository/iOS/Dashboard/More Options_Tab'

2021-10-06 19:25:56 - [MESSAGE][PASSED] - ios_dashboard.dashboard_details.click_On_More_Options is PASSED

2021-10-06 19:25:56 - [TEST_STEP][PASSED] - ios_more_options_screen.Go_To_Inventory_Listing_Screen.Custom(): ios_more_options_screen.Go_To_Inventory_Listing_Screen.Custom is PASSED

2021-10-06 19:26:01 - [MESSAGE][WARNING] - Element 'Object Repository/iOS/Product_Search/Progress_Bar' not found
[[ATTACHMENT|/Users/sahil.vidaysingh/Katalon Studio/testing/Reports/20211006_192250/sanity_iOS/20211006_192250/1633528560945.png]]

2021-10-06 19:26:01 - [MESSAGE][WARNING] - Timeout '0' is invalid. Using default page load timeout: '30'

2021-10-06 19:26:01 - [MESSAGE][PASSED] - Tapped on element 'Object Repository/iOS/More Options Screen/Inventory Selection Under MoreOptions_Text'

2021-10-06 19:26:02 - [MESSAGE][PASSED] - Element 'Object Repository/iOS/Product_Search/Progress_Bar' is exist

2021-10-06 19:26:06 - [MESSAGE][PASSED] - Delayed 4 second(s)

2021-10-06 19:26:11 - [MESSAGE][WARNING] - Element 'Object Repository/iOS/Product_Search/Progress_Bar' not found
[[ATTACHMENT|/Users/sahil.vidaysingh/Katalon Studio/testing/Reports/20211006_192250/sanity_iOS/20211006_192250/1633528571175.png]]

2021-10-06 19:26:11 - [MESSAGE][PASSED] - ios_more_options_screen.Go_To_Inventory_Listing_Screen.Custom is PASSED

2021-10-06 19:26:11 - [TEST_STEP][PASSED] - ios_inventory.Inventory_listing_Screen.create_Inventory(Inventory_Name): ios_inventory.Inventory_listing_Screen.create_Inventory is PASSED

2021-10-06 19:26:11 - [MESSAGE][WARNING] - Timeout '0' is invalid. Using default page load timeout: '30'

2021-10-06 19:26:12 - [MESSAGE][PASSED] - Element 'Object Repository/iOS/Inventory/Inventory Listing Screen/Verification Details/Create_InventorySectionHeader' is exist

2021-10-06 19:26:12 - [MESSAGE][WARNING] - Timeout '0' is invalid. Using default page load timeout: '30'

2021-10-06 19:26:13 - [MESSAGE][PASSED] - Tapped on element 'Object Repository/iOS/Inventory/Inventory Listing Screen/Verification Details/Create_InventorySectionHeader'

2021-10-06 19:26:13 - [MESSAGE][WARNING] - Timeout '0' is invalid. Using default page load timeout: '30'

2021-10-06 19:26:14 - [MESSAGE][PASSED] - Tapped on element 'Object Repository/iOS/Inventory/Inventory Listing Screen/Verification Details/Inventory Name_Text'

2021-10-06 19:26:14 - [MESSAGE][WARNING] - Timeout '0' is invalid. Using default page load timeout: '30'

2021-10-06 19:26:15 - [MESSAGE][PASSED] - Text 'KatalonInvv' has been set to element 'Object Repository/iOS/Inventory/Inventory Listing Screen/Verification Details/InventoryName TextField'

2021-10-06 19:26:15 - [MESSAGE][WARNING] - Duration '0' is invalid. Using default duration.

2021-10-06 19:26:15 - [MESSAGE][WARNING] - Timeout '0' is invalid. Using default page load timeout: '30'

2021-10-06 19:26:16 - [MESSAGE][PASSED] - Tapped and held on element 'Object Repository/iOS/Inventory/Inventory Listing Screen/Create New Inventory_Screen/Return_Keypad_Button' with duration (default)

2021-10-06 19:26:16 - [MESSAGE][WARNING] - Timeout '0' is invalid. Using default page load timeout: '30'

2021-10-06 19:26:18 - [MESSAGE][PASSED] - Tapped on element 'Object Repository/iOS/Inventory/Inventory Listing Screen/Create New Inventory_Screen/Create Inventory_Text'

2021-10-06 19:26:18 - [MESSAGE][PASSED] - Element 'Object Repository/iOS/Product_Search/Progress_Bar' is exist

2021-10-06 19:26:19 - [MESSAGE][PASSED] - Delayed 1 second(s)

2021-10-06 19:26:20 - [MESSAGE][WARNING] - Element 'Object Repository/iOS/Product_Search/Progress_Bar' not found
[[ATTACHMENT|/Users/sahil.vidaysingh/Katalon Studio/testing/Reports/20211006_192250/sanity_iOS/20211006_192250/1633528580798.png]]

2021-10-06 19:26:20 - [MESSAGE][PASSED] - ios_inventory.Inventory_listing_Screen.create_Inventory is PASSED

2021-10-06 19:26:20 - [TEST_STEP][PASSED] - ios_inventory.Inventory_details_Screen.add_Location(Location_Name, Cost_Type): ios_inventory.Inventory_details_Screen.add_Location is PASSED

2021-10-06 19:26:20 - [MESSAGE][WARNING] - Timeout '0' is invalid. Using default page load timeout: '30'

2021-10-06 19:26:21 - [MESSAGE][PASSED] - Tapped on element 'Object Repository/iOS/Inventory/Inventory Details Screen/Add Location/Add location_Text'

2021-10-06 19:26:21 - [MESSAGE][WARNING] - Timeout '0' is invalid. Using default page load timeout: '30'

2021-10-06 19:26:22 - [MESSAGE][PASSED] - Tapped on element 'Object Repository/iOS/Inventory/Inventory Details Screen/Add Location/LocationName_TextField'

2021-10-06 19:26:22 - [MESSAGE][WARNING] - Timeout '0' is invalid. Using default page load timeout: '30'

2021-10-06 19:26:23 - [MESSAGE][PASSED] - Text 'jujutsuu' has been set to element 'Object Repository/iOS/Inventory/Inventory Details Screen/Add Location/LocationName_TextField'

2021-10-06 19:26:23 - [MESSAGE][WARNING] - Timeout '0' is invalid. Using default page load timeout: '30'

2021-10-06 19:26:25 - [MESSAGE][PASSED] - Tapped on element 'Object Repository/iOS/Inventory/Inventory Details Screen/Add Location/Last Price_Button'

2021-10-06 19:26:25 - [MESSAGE][WARNING] - Timeout '0' is invalid. Using default page load timeout: '30'

2021-10-06 19:26:27 - [MESSAGE][PASSED] - Tapped on element 'Object Repository/iOS/Inventory/Inventory Details Screen/Add Location/Create New Location_Text'

2021-10-06 19:26:28 - [MESSAGE][PASSED] - Element 'Object Repository/iOS/Product_Search/Progress_Bar' is exist

2021-10-06 19:26:29 - [MESSAGE][PASSED] - Delayed 1 second(s)

2021-10-06 19:26:30 - [MESSAGE][WARNING] - Element 'Object Repository/iOS/Product_Search/Progress_Bar' not found
[[ATTACHMENT|/Users/sahil.vidaysingh/Katalon Studio/testing/Reports/20211006_192250/sanity_iOS/20211006_192250/1633528590221.png]]

2021-10-06 19:26:30 - [MESSAGE][WARNING] - Timeout '0' is invalid. Using default page load timeout: '30'

2021-10-06 19:26:30 - [MESSAGE][PASSED] - Element 'Object Repository/iOS/Inventory/Inventory Details Screen/Add Location/LocationName Verification_Text' is exist

2021-10-06 19:26:30 - [MESSAGE][PASSED] - ios_inventory.Inventory_details_Screen.add_Location is PASSED

2021-10-06 19:26:30 - [TEST_STEP][PASSED] - ios_inventory.Inventory_details_Screen.click_On_Location(Location_Name): ios_inventory.Inventory_details_Screen.click_On_Location is PASSED

2021-10-06 19:26:31 - [MESSAGE][WARNING] - Timeout '0' is invalid. Using default page load timeout: '30'

2021-10-06 19:26:32 - [MESSAGE][PASSED] - Tapped on element 'Object Repository/iOS/Inventory/Inventory Details Screen/Add Location/Tap On Location_Text'

2021-10-06 19:26:32 - [MESSAGE][PASSED] - ios_inventory.Inventory_details_Screen.click_On_Location is PASSED

2021-10-06 19:26:32 - [TEST_STEP][PASSED] - ios_inventory.Location_details_Screen.add_Product_to_Location(Location_Name, Product_Name): ios_inventory.Location_details_Screen.add_Product_to_Location is PASSED

2021-10-06 19:26:33 - [MESSAGE][PASSED] - Element 'Object Repository/iOS/Product_Search/Progress_Bar' is exist

2021-10-06 19:26:34 - [MESSAGE][PASSED] - Delayed 1 second(s)

2021-10-06 19:26:34 - [MESSAGE][PASSED] - Element 'Object Repository/iOS/Product_Search/Progress_Bar' is exist

2021-10-06 19:26:35 - [MESSAGE][PASSED] - Delayed 1 second(s)

2021-10-06 19:26:37 - [MESSAGE][WARNING] - Element 'Object Repository/iOS/Product_Search/Progress_Bar' not found
[[ATTACHMENT|/Users/sahil.vidaysingh/Katalon Studio/testing/Reports/20211006_192250/sanity_iOS/20211006_192250/1633528597197.png]]

2021-10-06 19:26:37 - [MESSAGE][WARNING] - Duration '0' is invalid. Using default duration.

2021-10-06 19:26:37 - [MESSAGE][WARNING] - Timeout '0' is invalid. Using default page load timeout: '30'

2021-10-06 19:26:38 - [MESSAGE][PASSED] - Tapped and held on element 'Object Repository/iOS/Inventory/Location Details_Screen/Add Product to Location/Product SearchField' with duration (default)

2021-10-06 19:26:39 - [MESSAGE][WARNING] - Element 'Object Repository/iOS/Product_Search/Progress_Bar' not found
[[ATTACHMENT|/Users/sahil.vidaysingh/Katalon Studio/testing/Reports/20211006_192250/sanity_iOS/20211006_192250/1633528599809.png]]

2021-10-06 19:26:39 - [MESSAGE][WARNING] - Timeout '0' is invalid. Using default page load timeout: '30'

2021-10-06 19:26:41 - [MESSAGE][PASSED] - Text 'tyl' has been set to element 'Object Repository/iOS/Inventory/Location Details_Screen/Add Product to Location/Product SearchField'

2021-10-06 19:26:41 - [MESSAGE][WARNING] - Duration '0' is invalid. Using default duration.

2021-10-06 19:26:41 - [MESSAGE][WARNING] - Timeout '0' is invalid. Using default page load timeout: '30'

2021-10-06 19:26:43 - [MESSAGE][PASSED] - Tapped and held on element 'Object Repository/iOS/Product_Search/Search Key_Button' with duration (default)

2021-10-06 19:26:43 - [MESSAGE][PASSED] - Element 'Object Repository/iOS/Product_Search/Progress_Bar' is exist

2021-10-06 19:26:44 - [MESSAGE][PASSED] - Delayed 1 second(s)

2021-10-06 19:26:45 - [MESSAGE][PASSED] - Element 'Object Repository/iOS/Product_Search/Progress_Bar' is exist

2021-10-06 19:26:46 - [MESSAGE][PASSED] - Delayed 1 second(s)

2021-10-06 19:26:46 - [MESSAGE][PASSED] - Element 'Object Repository/iOS/Product_Search/Progress_Bar' is exist

2021-10-06 19:26:47 - [MESSAGE][PASSED] - Delayed 1 second(s)

2021-10-06 19:26:55 - [MESSAGE][PASSED] - Element 'Object Repository/iOS/Product_Search/Progress_Bar' is exist

2021-10-06 19:26:56 - [MESSAGE][PASSED] - Delayed 1 second(s)

2021-10-06 19:27:02 - [MESSAGE][WARNING] - Element 'Object Repository/iOS/Product_Search/Progress_Bar' not found
[[ATTACHMENT|/Users/sahil.vidaysingh/Katalon Studio/testing/Reports/20211006_192250/sanity_iOS/20211006_192250/1633528621970.png]]

2021-10-06 19:27:02 - [MESSAGE][WARNING] - Timeout '0' is invalid. Using default page load timeout: '30'

2021-10-06 19:27:09 - [MESSAGE][PASSED] - Tapped on element 'Object Repository/iOS/Inventory/Location Details_Screen/Add Product to Location/Add Product to Location_Text'

2021-10-06 19:27:09 - [MESSAGE][WARNING] - Timeout '0' is invalid. Using default page load timeout: '30'

2021-10-06 19:27:16 - [MESSAGE][PASSED] - Tapped on element 'Object Repository/iOS/Inventory/Location Details_Screen/Add Product to Location/Continue Browsing After Adding Product_Text'

2021-10-06 19:27:16 - [MESSAGE][PASSED] - ios_inventory.Location_details_Screen.add_Product_to_Location is PASSED

2021-10-06 19:27:16 - [TEST_STEP][PASSED] - ios_common_keywords.Go_Back.Custom(): ios_common_keywords.Go_Back.Custom is PASSED

2021-10-06 19:27:21 - [MESSAGE][WARNING] - Element 'Object Repository/iOS/Product_Search/Progress_Bar' not found
[[ATTACHMENT|/Users/sahil.vidaysingh/Katalon Studio/testing/Reports/20211006_192250/sanity_iOS/20211006_192250/1633528641711.png]]

2021-10-06 19:27:29 - [MESSAGE][WARNING] - Element 'Object Repository/iOS/Product_Search/Back_Text' not found
[[ATTACHMENT|/Users/sahil.vidaysingh/Katalon Studio/testing/Reports/20211006_192250/sanity_iOS/20211006_192250/1633528648854.png]]

2021-10-06 19:27:35 - [MESSAGE][PASSED] - Tapped on element 'Object Repository/iOS/Inventory/Location Details_Screen/Add Product to Location/Back Button_Text'

2021-10-06 19:27:38 - [MESSAGE][WARNING] - Element 'Object Repository/iOS/Product_Search/Progress_Bar' not found
[[ATTACHMENT|/Users/sahil.vidaysingh/Katalon Studio/testing/Reports/20211006_192250/sanity_iOS/20211006_192250/1633528657581.png]]

2021-10-06 19:27:38 - [MESSAGE][PASSED] - ios_common_keywords.Go_Back.Custom is PASSED

2021-10-06 19:27:38 - [TEST_STEP][PASSED] - ios_inventory.Location_details_Screen.edit_Location_Name(new_Location_Name, Cost_Type): ios_inventory.Location_details_Screen.edit_Location_Name is PASSED

2021-10-06 19:27:38 - [MESSAGE][WARNING] - Timeout '0' is invalid. Using default page load timeout: '30'

2021-10-06 19:27:39 - [MESSAGE][PASSED] - Tapped on element 'Object Repository/iOS/Inventory/Location Details_Screen/Edit_Location Name/Edit Location_Text'

2021-10-06 19:27:39 - [MESSAGE][WARNING] - Timeout '0' is invalid. Using default page load timeout: '30'

2021-10-06 19:27:41 - [MESSAGE][PASSED] - Element 'Object Repository/iOS/Inventory/Inventory Details Screen/Add Location/LocationName_TextField' text is cleared

2021-10-06 19:27:41 - [MESSAGE][WARNING] - Timeout '0' is invalid. Using default page load timeout: '30'

2021-10-06 19:27:42 - [MESSAGE][PASSED] - Text 'kaisen' has been set to element 'Object Repository/iOS/Inventory/Inventory Details Screen/Add Location/LocationName_TextField'

2021-10-06 19:27:42 - [MESSAGE][WARNING] - Timeout '0' is invalid. Using default page load timeout: '30'

2021-10-06 19:27:44 - [MESSAGE][PASSED] - Tapped on element 'Object Repository/iOS/Inventory/Inventory Details Screen/Add Location/Current Price_Button'

2021-10-06 19:27:44 - [MESSAGE][WARNING] - Timeout '0' is invalid. Using default page load timeout: '30'

2021-10-06 19:27:46 - [MESSAGE][PASSED] - Tapped on element 'Object Repository/iOS/Inventory/Location Details_Screen/Copy Product from Location/Save Changes_Text'

2021-10-06 19:27:47 - [MESSAGE][PASSED] - Element 'Object Repository/iOS/Product_Search/Progress_Bar' is exist

2021-10-06 19:27:48 - [MESSAGE][PASSED] - Delayed 1 second(s)

2021-10-06 19:27:49 - [MESSAGE][WARNING] - Element 'Object Repository/iOS/Product_Search/Progress_Bar' not found
[[ATTACHMENT|/Users/sahil.vidaysingh/Katalon Studio/testing/Reports/20211006_192250/sanity_iOS/20211006_192250/1633528669508.png]]

2021-10-06 19:27:49 - [MESSAGE][WARNING] - Timeout '0' is invalid. Using default page load timeout: '30'

2021-10-06 19:27:50 - [MESSAGE][PASSED] - Element 'Object Repository/iOS/Inventory/Inventory Details Screen/Add Location/LocationName Verification_Text' is exist

2021-10-06 19:27:50 - [MESSAGE][PASSED] - ios_inventory.Location_details_Screen.edit_Location_Name is PASSED

2021-10-06 19:27:50 - [TEST_STEP][PASSED] - ios_common_keywords.Go_Back.Custom(): ios_common_keywords.Go_Back.Custom is PASSED

2021-10-06 19:27:52 - [MESSAGE][WARNING] - Element 'Object Repository/iOS/Product_Search/Progress_Bar' not found
[[ATTACHMENT|/Users/sahil.vidaysingh/Katalon Studio/testing/Reports/20211006_192250/sanity_iOS/20211006_192250/1633528672633.png]]

2021-10-06 19:27:57 - [MESSAGE][WARNING] - Element 'Object Repository/iOS/Product_Search/Back_Text' not found
[[ATTACHMENT|/Users/sahil.vidaysingh/Katalon Studio/testing/Reports/20211006_192250/sanity_iOS/20211006_192250/1633528676984.png]]

2021-10-06 19:27:58 - [MESSAGE][PASSED] - Tapped on element 'Object Repository/iOS/Inventory/Location Details_Screen/Add Product to Location/Back Button_Text'

2021-10-06 19:28:01 - [MESSAGE][WARNING] - Element 'Object Repository/iOS/Product_Search/Progress_Bar' not found
[[ATTACHMENT|/Users/sahil.vidaysingh/Katalon Studio/testing/Reports/20211006_192250/sanity_iOS/20211006_192250/1633528681025.png]]

2021-10-06 19:28:01 - [MESSAGE][PASSED] - ios_common_keywords.Go_Back.Custom is PASSED

2021-10-06 19:28:01 - [TEST_STEP][PASSED] - ios_common_keywords.Go_Back.Custom(): ios_common_keywords.Go_Back.Custom is PASSED

2021-10-06 19:28:03 - [MESSAGE][WARNING] - Element 'Object Repository/iOS/Product_Search/Progress_Bar' not found
[[ATTACHMENT|/Users/sahil.vidaysingh/Katalon Studio/testing/Reports/20211006_192250/sanity_iOS/20211006_192250/1633528683597.png]]

2021-10-06 19:28:08 - [MESSAGE][WARNING] - Element 'Object Repository/iOS/Product_Search/Back_Text' not found
[[ATTACHMENT|/Users/sahil.vidaysingh/Katalon Studio/testing/Reports/20211006_192250/sanity_iOS/20211006_192250/1633528688008.png]]

2021-10-06 19:28:09 - [MESSAGE][PASSED] - Tapped on element 'Object Repository/iOS/Inventory/Location Details_Screen/Add Product to Location/Back Button_Text'

2021-10-06 19:28:11 - [MESSAGE][WARNING] - Element 'Object Repository/iOS/Product_Search/Progress_Bar' not found
[[ATTACHMENT|/Users/sahil.vidaysingh/Katalon Studio/testing/Reports/20211006_192250/sanity_iOS/20211006_192250/1633528691357.png]]

2021-10-06 19:28:11 - [MESSAGE][PASSED] - ios_common_keywords.Go_Back.Custom is PASSED

2021-10-06 19:28:11 - [TEST_STEP][PASSED] - ios_inventory.Inventory_listing_Screen.delete_Inventory(Inventory_Name): ios_inventory.Inventory_listing_Screen.delete_Inventory is PASSED

2021-10-06 19:28:13 - [MESSAGE][WARNING] - Element 'Object Repository/iOS/Product_Search/Progress_Bar' not found
[[ATTACHMENT|/Users/sahil.vidaysingh/Katalon Studio/testing/Reports/20211006_192250/sanity_iOS/20211006_192250/1633528693135.png]]

2021-10-06 19:28:13 - [MESSAGE][WARNING] - Timeout '0' is invalid. Using default page load timeout: '30'

2021-10-06 19:28:15 - [MESSAGE][PASSED] - Tapped on element 'Object Repository/iOS/Inventory/Inventory Listing Screen/Delete Inventory/Slide_PopUpButton For Inventory Deletion'

2021-10-06 19:28:15 - [MESSAGE][WARNING] - Timeout '0' is invalid. Using default page load timeout: '30'

2021-10-06 19:28:16 - [MESSAGE][PASSED] - Tapped on element 'Object Repository/iOS/Inventory/Inventory Listing Screen/Delete Inventory/Delete Inventory_Text'

2021-10-06 19:28:16 - [MESSAGE][WARNING] - Timeout '0' is invalid. Using default page load timeout: '30'

2021-10-06 19:28:18 - [MESSAGE][PASSED] - Tapped on element 'Object Repository/iOS/Inventory/Inventory Listing Screen/Delete Inventory/Yes for Deletion_Text'

2021-10-06 19:28:19 - [MESSAGE][PASSED] - Element 'Object Repository/iOS/Product_Search/Progress_Bar' is exist

2021-10-06 19:28:20 - [MESSAGE][PASSED] - Delayed 1 second(s)

2021-10-06 19:28:22 - [MESSAGE][WARNING] - Element 'Object Repository/iOS/Product_Search/Progress_Bar' not found
[[ATTACHMENT|/Users/sahil.vidaysingh/Katalon Studio/testing/Reports/20211006_192250/sanity_iOS/20211006_192250/1633528702430.png]]

2021-10-06 19:28:22 - [MESSAGE][WARNING] - Timeout '0' is invalid. Using default page load timeout: '30'

2021-10-06 19:28:52 - [MESSAGE][PASSED] - Element 'Object Repository/iOS/Inventory/Inventory Details Screen/Open Inventory Details/Open Inventory_Text' not found

2021-10-06 19:28:52 - [MESSAGE][PASSED] - ios_inventory.Inventory_listing_Screen.delete_Inventory is PASSED]]></system-out>
         <system-err><![CDATA[]]></system-err>
      </testcase>
      <testcase name="Test Cases/iOS/Inventory/View Location Product Details" time="312.612" classname="Test Cases/iOS/Inventory/View Location Product Details" status="PASSED">
         <system-out><![CDATA[2021-10-06 19:28:52 - [TEST_CASE][PASSED] - Test Cases/iOS/Inventory/View Location Product Details: Test Cases/iOS/Inventory/View Location Product Details

2021-10-06 19:28:53 - [TEST_STEP][PASSED] - ios_common_keywords.Start_Application.custom(): ios_common_keywords.Start_Application.custom is PASSED

2021-10-06 19:29:58 - [MESSAGE][PASSED] - Started app at: '/Users/sahil.vidaysingh/Downloads/Hatch 3.app'

2021-10-06 19:29:58 - [MESSAGE][PASSED] - ios_common_keywords.Start_Application.custom is PASSED

2021-10-06 19:29:58 - [TEST_STEP][PASSED] - ios_login.Login_Screen.login(Password): ios_login.Login_Screen.login is PASSED

2021-10-06 19:29:58 - [MESSAGE][PASSED] - Element 'Object Repository/iOS/LogIn/Environment_Selection_Screen/Environment Selection_Text' is exist

2021-10-06 19:29:58 - [MESSAGE][WARNING] - Timeout '0' is invalid. Using default page load timeout: '30'

2021-10-06 19:29:59 - [MESSAGE][PASSED] - Tapped on element 'Object Repository/iOS/LogIn/Environment_Selection_Screen/Environment Selection_Text'

2021-10-06 19:29:59 - [MESSAGE][WARNING] - Timeout '0' is invalid. Using default page load timeout: '30'

2021-10-06 19:30:01 - [MESSAGE][PASSED] - Tapped on element 'Object Repository/iOS/LogIn/Environment_Selection_Screen/Environment_Button'

2021-10-06 19:30:01 - [MESSAGE][WARNING] - Timeout '0' is invalid. Using default page load timeout: '30'

2021-10-06 19:30:02 - [MESSAGE][PASSED] - Tapped on element 'Object Repository/iOS/LogIn/Login_Details_Screen/Login UserName_Button'

2021-10-06 19:30:02 - [MESSAGE][WARNING] - Timeout '0' is invalid. Using default page load timeout: '30'

2021-10-06 19:30:03 - [MESSAGE][PASSED] - Text 'auto_ws_acute' has been set to element 'Object Repository/iOS/LogIn/Login_Details_Screen/UserName_Text_Field'

2021-10-06 19:30:03 - [MESSAGE][WARNING] - Timeout '0' is invalid. Using default page load timeout: '30'

2021-10-06 19:30:05 - [MESSAGE][PASSED] - Tapped on element 'Object Repository/iOS/LogIn/Login_Details_Screen/LoginBar-ButtonDown'

2021-10-06 19:30:05 - [MESSAGE][WARNING] - Timeout '0' is invalid. Using default page load timeout: '30'

2021-10-06 19:30:06 - [MESSAGE][PASSED] - Tapped on element 'Object Repository/iOS/LogIn/Login_Details_Screen/Password-Button'

2021-10-06 19:30:06 - [MESSAGE][WARNING] - Timeout '0' is invalid. Using default page load timeout: '30'

2021-10-06 19:30:07 - [MESSAGE][PASSED] - Text 'Cardinal1' has been set to element 'Object Repository/iOS/LogIn/Login_Details_Screen/Password-Secure_Text_Field'

2021-10-06 19:30:07 - [MESSAGE][WARNING] - Timeout '0' is invalid. Using default page load timeout: '30'

2021-10-06 19:30:08 - [MESSAGE][PASSED] - Tapped on element 'Object Repository/iOS/LogIn/Login_Details_Screen/SignIn_Button'

2021-10-06 19:30:08 - [MESSAGE][PASSED] - ios_login.Login_Screen.login is PASSED

2021-10-06 19:30:08 - [TEST_STEP][PASSED] - ios_account_selection.Select_An_Account.Custom(Account): ios_account_selection.Select_An_Account.Custom is PASSED

2021-10-06 19:30:11 - [MESSAGE][PASSED] - Element 'Object Repository/iOS/Product_Search/Progress_Bar' is exist

2021-10-06 19:30:12 - [MESSAGE][PASSED] - Delayed 1 second(s)

2021-10-06 19:30:12 - [MESSAGE][PASSED] - Element 'Object Repository/iOS/Product_Search/Progress_Bar' is exist

2021-10-06 19:30:13 - [MESSAGE][PASSED] - Delayed 1 second(s)

2021-10-06 19:30:14 - [MESSAGE][PASSED] - Element 'Object Repository/iOS/Product_Search/Progress_Bar' is exist

2021-10-06 19:30:15 - [MESSAGE][PASSED] - Delayed 1 second(s)

2021-10-06 19:30:16 - [MESSAGE][PASSED] - Element 'Object Repository/iOS/Product_Search/Progress_Bar' is exist

2021-10-06 19:30:17 - [MESSAGE][PASSED] - Delayed 1 second(s)

2021-10-06 19:30:17 - [MESSAGE][PASSED] - Element 'Object Repository/iOS/Product_Search/Progress_Bar' is exist

2021-10-06 19:30:18 - [MESSAGE][PASSED] - Delayed 1 second(s)

2021-10-06 19:30:19 - [MESSAGE][PASSED] - Element 'Object Repository/iOS/Product_Search/Progress_Bar' is exist

2021-10-06 19:30:20 - [MESSAGE][PASSED] - Delayed 1 second(s)

2021-10-06 19:30:20 - [MESSAGE][PASSED] - Element 'Object Repository/iOS/Product_Search/Progress_Bar' is exist

2021-10-06 19:30:21 - [MESSAGE][PASSED] - Delayed 1 second(s)

2021-10-06 19:30:22 - [MESSAGE][PASSED] - Element 'Object Repository/iOS/Product_Search/Progress_Bar' is exist

2021-10-06 19:30:23 - [MESSAGE][PASSED] - Delayed 1 second(s)

2021-10-06 19:30:24 - [MESSAGE][WARNING] - Element 'Object Repository/iOS/Product_Search/Progress_Bar' not found
[[ATTACHMENT|/Users/sahil.vidaysingh/Katalon Studio/testing/Reports/20211006_192250/sanity_iOS/20211006_192250/1633528824538.png]]

2021-10-06 19:30:24 - [MESSAGE][WARNING] - Timeout '0' is invalid. Using default page load timeout: '30'

2021-10-06 19:30:25 - [MESSAGE][PASSED] - Element 'Object Repository/iOS/Account_Selection/You must select an account to continue_Text' is present

2021-10-06 19:30:29 - [MESSAGE][PASSED] - Scrolling to text '11-487698' successfully

2021-10-06 19:30:29 - [MESSAGE][WARNING] - Timeout '0' is invalid. Using default page load timeout: '30'

2021-10-06 19:30:30 - [MESSAGE][PASSED] - Tapped on element 'Object Repository/iOS/Account_Selection/AccountNo_Text'

2021-10-06 19:30:31 - [MESSAGE][WARNING] - Element 'Object Repository/iOS/Product_Search/Progress_Bar' not found
[[ATTACHMENT|/Users/sahil.vidaysingh/Katalon Studio/testing/Reports/20211006_192250/sanity_iOS/20211006_192250/1633528831782.png]]

2021-10-06 19:30:31 - [MESSAGE][PASSED] - ios_account_selection.Select_An_Account.Custom is PASSED

2021-10-06 19:30:31 - [TEST_STEP][PASSED] - ios_dashboard.dashboard_details.click_On_More_Options(): ios_dashboard.dashboard_details.click_On_More_Options is PASSED

2021-10-06 19:30:31 - [MESSAGE][WARNING] - Timeout '0' is invalid. Using default page load timeout: '30'

2021-10-06 19:30:32 - [MESSAGE][PASSED] - Tapped on element 'Object Repository/iOS/Dashboard/More Options_Tab'

2021-10-06 19:30:32 - [MESSAGE][PASSED] - ios_dashboard.dashboard_details.click_On_More_Options is PASSED

2021-10-06 19:30:32 - [TEST_STEP][PASSED] - ios_more_options_screen.Go_To_Inventory_Listing_Screen.Custom(): ios_more_options_screen.Go_To_Inventory_Listing_Screen.Custom is PASSED

2021-10-06 19:30:37 - [MESSAGE][WARNING] - Element 'Object Repository/iOS/Product_Search/Progress_Bar' not found
[[ATTACHMENT|/Users/sahil.vidaysingh/Katalon Studio/testing/Reports/20211006_192250/sanity_iOS/20211006_192250/1633528837558.png]]

2021-10-06 19:30:37 - [MESSAGE][WARNING] - Timeout '0' is invalid. Using default page load timeout: '30'

2021-10-06 19:30:38 - [MESSAGE][PASSED] - Tapped on element 'Object Repository/iOS/More Options Screen/Inventory Selection Under MoreOptions_Text'

2021-10-06 19:30:40 - [MESSAGE][PASSED] - Element 'Object Repository/iOS/Product_Search/Progress_Bar' is exist

2021-10-06 19:30:44 - [MESSAGE][PASSED] - Delayed 4 second(s)

2021-10-06 19:30:49 - [MESSAGE][WARNING] - Element 'Object Repository/iOS/Product_Search/Progress_Bar' not found
[[ATTACHMENT|/Users/sahil.vidaysingh/Katalon Studio/testing/Reports/20211006_192250/sanity_iOS/20211006_192250/1633528848576.png]]

2021-10-06 19:30:49 - [MESSAGE][PASSED] - ios_more_options_screen.Go_To_Inventory_Listing_Screen.Custom is PASSED

2021-10-06 19:30:49 - [TEST_STEP][PASSED] - ios_inventory.Inventory_listing_Screen.create_Inventory(Inventory_Name): ios_inventory.Inventory_listing_Screen.create_Inventory is PASSED

2021-10-06 19:30:49 - [MESSAGE][WARNING] - Timeout '0' is invalid. Using default page load timeout: '30'

2021-10-06 19:30:50 - [MESSAGE][PASSED] - Element 'Object Repository/iOS/Inventory/Inventory Listing Screen/Verification Details/Create_InventorySectionHeader' is exist

2021-10-06 19:30:50 - [MESSAGE][WARNING] - Timeout '0' is invalid. Using default page load timeout: '30'

2021-10-06 19:30:51 - [MESSAGE][PASSED] - Tapped on element 'Object Repository/iOS/Inventory/Inventory Listing Screen/Verification Details/Create_InventorySectionHeader'

2021-10-06 19:30:52 - [MESSAGE][WARNING] - Timeout '0' is invalid. Using default page load timeout: '30'

2021-10-06 19:30:53 - [MESSAGE][PASSED] - Tapped on element 'Object Repository/iOS/Inventory/Inventory Listing Screen/Verification Details/Inventory Name_Text'

2021-10-06 19:30:53 - [MESSAGE][WARNING] - Timeout '0' is invalid. Using default page load timeout: '30'

2021-10-06 19:30:54 - [MESSAGE][PASSED] - Text 'KatalonInvv' has been set to element 'Object Repository/iOS/Inventory/Inventory Listing Screen/Verification Details/InventoryName TextField'

2021-10-06 19:30:54 - [MESSAGE][WARNING] - Duration '0' is invalid. Using default duration.

2021-10-06 19:30:54 - [MESSAGE][WARNING] - Timeout '0' is invalid. Using default page load timeout: '30'

2021-10-06 19:30:55 - [MESSAGE][PASSED] - Tapped and held on element 'Object Repository/iOS/Inventory/Inventory Listing Screen/Create New Inventory_Screen/Return_Keypad_Button' with duration (default)

2021-10-06 19:30:55 - [MESSAGE][WARNING] - Timeout '0' is invalid. Using default page load timeout: '30'

2021-10-06 19:30:57 - [MESSAGE][PASSED] - Tapped on element 'Object Repository/iOS/Inventory/Inventory Listing Screen/Create New Inventory_Screen/Create Inventory_Text'

2021-10-06 19:30:58 - [MESSAGE][PASSED] - Element 'Object Repository/iOS/Product_Search/Progress_Bar' is exist

2021-10-06 19:30:59 - [MESSAGE][PASSED] - Delayed 1 second(s)

2021-10-06 19:31:00 - [MESSAGE][WARNING] - Element 'Object Repository/iOS/Product_Search/Progress_Bar' not found
[[ATTACHMENT|/Users/sahil.vidaysingh/Katalon Studio/testing/Reports/20211006_192250/sanity_iOS/20211006_192250/1633528860177.png]]

2021-10-06 19:31:00 - [MESSAGE][PASSED] - ios_inventory.Inventory_listing_Screen.create_Inventory is PASSED

2021-10-06 19:31:00 - [TEST_STEP][PASSED] - ios_inventory.Inventory_details_Screen.add_Location(Location_Name, Cost_Type): ios_inventory.Inventory_details_Screen.add_Location is PASSED

2021-10-06 19:31:00 - [MESSAGE][WARNING] - Timeout '0' is invalid. Using default page load timeout: '30'

2021-10-06 19:31:01 - [MESSAGE][PASSED] - Tapped on element 'Object Repository/iOS/Inventory/Inventory Details Screen/Add Location/Add location_Text'

2021-10-06 19:31:01 - [MESSAGE][WARNING] - Timeout '0' is invalid. Using default page load timeout: '30'

2021-10-06 19:31:02 - [MESSAGE][PASSED] - Tapped on element 'Object Repository/iOS/Inventory/Inventory Details Screen/Add Location/LocationName_TextField'

2021-10-06 19:31:02 - [MESSAGE][WARNING] - Timeout '0' is invalid. Using default page load timeout: '30'

2021-10-06 19:31:03 - [MESSAGE][PASSED] - Text 'jujutsuu' has been set to element 'Object Repository/iOS/Inventory/Inventory Details Screen/Add Location/LocationName_TextField'

2021-10-06 19:31:03 - [MESSAGE][WARNING] - Timeout '0' is invalid. Using default page load timeout: '30'

2021-10-06 19:31:05 - [MESSAGE][PASSED] - Tapped on element 'Object Repository/iOS/Inventory/Inventory Details Screen/Add Location/Last Price_Button'

2021-10-06 19:31:05 - [MESSAGE][WARNING] - Timeout '0' is invalid. Using default page load timeout: '30'

2021-10-06 19:31:07 - [MESSAGE][PASSED] - Tapped on element 'Object Repository/iOS/Inventory/Inventory Details Screen/Add Location/Create New Location_Text'

2021-10-06 19:31:08 - [MESSAGE][PASSED] - Element 'Object Repository/iOS/Product_Search/Progress_Bar' is exist

2021-10-06 19:31:09 - [MESSAGE][PASSED] - Delayed 1 second(s)

2021-10-06 19:31:10 - [MESSAGE][WARNING] - Element 'Object Repository/iOS/Product_Search/Progress_Bar' not found
[[ATTACHMENT|/Users/sahil.vidaysingh/Katalon Studio/testing/Reports/20211006_192250/sanity_iOS/20211006_192250/1633528870534.png]]

2021-10-06 19:31:10 - [MESSAGE][WARNING] - Timeout '0' is invalid. Using default page load timeout: '30'

2021-10-06 19:31:11 - [MESSAGE][PASSED] - Element 'Object Repository/iOS/Inventory/Inventory Details Screen/Add Location/LocationName Verification_Text' is exist

2021-10-06 19:31:11 - [MESSAGE][PASSED] - ios_inventory.Inventory_details_Screen.add_Location is PASSED

2021-10-06 19:31:11 - [TEST_STEP][PASSED] - ios_inventory.Inventory_details_Screen.click_On_Location(Location_Name): ios_inventory.Inventory_details_Screen.click_On_Location is PASSED

2021-10-06 19:31:11 - [MESSAGE][WARNING] - Timeout '0' is invalid. Using default page load timeout: '30'

2021-10-06 19:31:12 - [MESSAGE][PASSED] - Tapped on element 'Object Repository/iOS/Inventory/Inventory Details Screen/Add Location/Tap On Location_Text'

2021-10-06 19:31:12 - [MESSAGE][PASSED] - ios_inventory.Inventory_details_Screen.click_On_Location is PASSED

2021-10-06 19:31:12 - [TEST_STEP][PASSED] - ios_inventory.Location_details_Screen.add_Product_to_Location(Location_Name, Product_Name): ios_inventory.Location_details_Screen.add_Product_to_Location is PASSED

2021-10-06 19:31:13 - [MESSAGE][PASSED] - Element 'Object Repository/iOS/Product_Search/Progress_Bar' is exist

2021-10-06 19:31:14 - [MESSAGE][PASSED] - Delayed 1 second(s)

2021-10-06 19:31:16 - [MESSAGE][WARNING] - Element 'Object Repository/iOS/Product_Search/Progress_Bar' not found
[[ATTACHMENT|/Users/sahil.vidaysingh/Katalon Studio/testing/Reports/20211006_192250/sanity_iOS/20211006_192250/1633528875918.png]]

2021-10-06 19:31:16 - [MESSAGE][WARNING] - Duration '0' is invalid. Using default duration.

2021-10-06 19:31:16 - [MESSAGE][WARNING] - Timeout '0' is invalid. Using default page load timeout: '30'

2021-10-06 19:31:17 - [MESSAGE][PASSED] - Tapped and held on element 'Object Repository/iOS/Inventory/Location Details_Screen/Add Product to Location/Product SearchField' with duration (default)

2021-10-06 19:31:18 - [MESSAGE][WARNING] - Element 'Object Repository/iOS/Product_Search/Progress_Bar' not found
[[ATTACHMENT|/Users/sahil.vidaysingh/Katalon Studio/testing/Reports/20211006_192250/sanity_iOS/20211006_192250/1633528878785.png]]

2021-10-06 19:31:18 - [MESSAGE][WARNING] - Timeout '0' is invalid. Using default page load timeout: '30'

2021-10-06 19:31:20 - [MESSAGE][PASSED] - Text 'tyl' has been set to element 'Object Repository/iOS/Inventory/Location Details_Screen/Add Product to Location/Product SearchField'

2021-10-06 19:31:20 - [MESSAGE][WARNING] - Duration '0' is invalid. Using default duration.

2021-10-06 19:31:20 - [MESSAGE][WARNING] - Timeout '0' is invalid. Using default page load timeout: '30'

2021-10-06 19:31:22 - [MESSAGE][PASSED] - Tapped and held on element 'Object Repository/iOS/Product_Search/Search Key_Button' with duration (default)

2021-10-06 19:31:23 - [MESSAGE][PASSED] - Element 'Object Repository/iOS/Product_Search/Progress_Bar' is exist

2021-10-06 19:31:24 - [MESSAGE][PASSED] - Delayed 1 second(s)

2021-10-06 19:31:24 - [MESSAGE][PASSED] - Element 'Object Repository/iOS/Product_Search/Progress_Bar' is exist

2021-10-06 19:31:25 - [MESSAGE][PASSED] - Delayed 1 second(s)

2021-10-06 19:31:26 - [MESSAGE][PASSED] - Element 'Object Repository/iOS/Product_Search/Progress_Bar' is exist

2021-10-06 19:31:27 - [MESSAGE][PASSED] - Delayed 1 second(s)

2021-10-06 19:31:35 - [MESSAGE][PASSED] - Element 'Object Repository/iOS/Product_Search/Progress_Bar' is exist

2021-10-06 19:31:36 - [MESSAGE][PASSED] - Delayed 1 second(s)

2021-10-06 19:31:43 - [MESSAGE][WARNING] - Element 'Object Repository/iOS/Product_Search/Progress_Bar' not found
[[ATTACHMENT|/Users/sahil.vidaysingh/Katalon Studio/testing/Reports/20211006_192250/sanity_iOS/20211006_192250/1633528902041.png]]

2021-10-06 19:31:43 - [MESSAGE][WARNING] - Timeout '0' is invalid. Using default page load timeout: '30'

2021-10-06 19:31:50 - [MESSAGE][PASSED] - Tapped on element 'Object Repository/iOS/Inventory/Location Details_Screen/Add Product to Location/Add Product to Location_Text'

2021-10-06 19:31:50 - [MESSAGE][WARNING] - Timeout '0' is invalid. Using default page load timeout: '30'

2021-10-06 19:31:58 - [MESSAGE][PASSED] - Tapped on element 'Object Repository/iOS/Inventory/Location Details_Screen/Add Product to Location/Continue Browsing After Adding Product_Text'

2021-10-06 19:31:58 - [MESSAGE][PASSED] - ios_inventory.Location_details_Screen.add_Product_to_Location is PASSED

2021-10-06 19:31:58 - [TEST_STEP][PASSED] - ios_common_keywords.Go_Back.Custom(): ios_common_keywords.Go_Back.Custom is PASSED

2021-10-06 19:32:03 - [MESSAGE][WARNING] - Element 'Object Repository/iOS/Product_Search/Progress_Bar' not found
[[ATTACHMENT|/Users/sahil.vidaysingh/Katalon Studio/testing/Reports/20211006_192250/sanity_iOS/20211006_192250/1633528923666.png]]

2021-10-06 19:32:08 - [MESSAGE][WARNING] - Element 'Object Repository/iOS/Product_Search/Back_Text' not found
[[ATTACHMENT|/Users/sahil.vidaysingh/Katalon Studio/testing/Reports/20211006_192250/sanity_iOS/20211006_192250/1633528928012.png]]

2021-10-06 19:32:14 - [MESSAGE][PASSED] - Tapped on element 'Object Repository/iOS/Inventory/Location Details_Screen/Add Product to Location/Back Button_Text'

2021-10-06 19:32:16 - [MESSAGE][WARNING] - Element 'Object Repository/iOS/Product_Search/Progress_Bar' not found
[[ATTACHMENT|/Users/sahil.vidaysingh/Katalon Studio/testing/Reports/20211006_192250/sanity_iOS/20211006_192250/1633528936269.png]]

2021-10-06 19:32:16 - [MESSAGE][PASSED] - ios_common_keywords.Go_Back.Custom is PASSED

2021-10-06 19:32:16 - [TEST_STEP][PASSED] - ios_inventory.Location_details_Screen.verify_Location_details_Screen(Location_Name): ios_inventory.Location_details_Screen.verify_Location_details_Screen is PASSED

2021-10-06 19:32:16 - [MESSAGE][WARNING] - Timeout '0' is invalid. Using default page load timeout: '30'

2021-10-06 19:32:17 - [MESSAGE][PASSED] - Element 'Object Repository/iOS/Inventory/Inventory Details Screen/Verification Details/Inventory Header_Label' is exist

2021-10-06 19:32:17 - [MESSAGE][WARNING] - Timeout '0' is invalid. Using default page load timeout: '30'

2021-10-06 19:32:17 - [MESSAGE][PASSED] - Element 'Object Repository/iOS/Product_Search/Scan_Icon' is exist

2021-10-06 19:32:17 - [MESSAGE][WARNING] - Timeout '0' is invalid. Using default page load timeout: '30'

2021-10-06 19:32:18 - [MESSAGE][PASSED] - Element 'Object Repository/iOS/Inventory/Location Details_Screen/Share Location/Share Location_Text' is exist

2021-10-06 19:32:18 - [MESSAGE][WARNING] - Timeout '0' is invalid. Using default page load timeout: '30'

2021-10-06 19:32:19 - [MESSAGE][PASSED] - Element 'Object Repository/iOS/Inventory/Location Details_Screen/Verification Details/Location Title_Label' is exist

2021-10-06 19:32:19 - [MESSAGE][PASSED] - ios_inventory.Location_details_Screen.verify_Location_details_Screen is PASSED

2021-10-06 19:32:19 - [TEST_STEP][PASSED] - ios_common_keywords.Go_Back.Custom(): ios_common_keywords.Go_Back.Custom is PASSED

2021-10-06 19:32:21 - [MESSAGE][WARNING] - Element 'Object Repository/iOS/Product_Search/Progress_Bar' not found
[[ATTACHMENT|/Users/sahil.vidaysingh/Katalon Studio/testing/Reports/20211006_192250/sanity_iOS/20211006_192250/1633528941879.png]]

2021-10-06 19:32:27 - [MESSAGE][WARNING] - Element 'Object Repository/iOS/Product_Search/Back_Text' not found
[[ATTACHMENT|/Users/sahil.vidaysingh/Katalon Studio/testing/Reports/20211006_192250/sanity_iOS/20211006_192250/1633528946439.png]]

2021-10-06 19:32:28 - [MESSAGE][PASSED] - Tapped on element 'Object Repository/iOS/Inventory/Location Details_Screen/Add Product to Location/Back Button_Text'

2021-10-06 19:32:31 - [MESSAGE][WARNING] - Element 'Object Repository/iOS/Product_Search/Progress_Bar' not found
[[ATTACHMENT|/Users/sahil.vidaysingh/Katalon Studio/testing/Reports/20211006_192250/sanity_iOS/20211006_192250/1633528951009.png]]

2021-10-06 19:32:31 - [MESSAGE][PASSED] - ios_common_keywords.Go_Back.Custom is PASSED

2021-10-06 19:32:31 - [TEST_STEP][PASSED] - ios_inventory.Inventory_details_Screen.delete_Location(): ios_inventory.Inventory_details_Screen.delete_Location is PASSED

2021-10-06 19:32:31 - [MESSAGE][WARNING] - Timeout '0' is invalid. Using default page load timeout: '30'

2021-10-06 19:32:32 - [MESSAGE][PASSED] - Tapped on element 'Object Repository/iOS/Inventory/Location Details_Screen/Delete_Location/Slide_PopUp_Button for Location Deletion'

2021-10-06 19:32:32 - [MESSAGE][WARNING] - Timeout '0' is invalid. Using default page load timeout: '30'

2021-10-06 19:32:34 - [MESSAGE][PASSED] - Tapped on element 'Object Repository/iOS/Inventory/Location Details_Screen/Delete_Location/Delete Location_Text'

2021-10-06 19:32:34 - [MESSAGE][WARNING] - Timeout '0' is invalid. Using default page load timeout: '30'

2021-10-06 19:32:35 - [MESSAGE][PASSED] - Tapped on element 'Object Repository/iOS/Inventory/Location Details_Screen/Delete_Location/Yes_Text'

2021-10-06 19:32:36 - [MESSAGE][WARNING] - Timeout '0' is invalid. Using default page load timeout: '30'

2021-10-06 19:33:06 - [MESSAGE][PASSED] - Element 'Object Repository/iOS/Inventory/Inventory Details Screen/Add Location/LocationName Verification_Text' not found

2021-10-06 19:33:06 - [MESSAGE][PASSED] - ios_inventory.Inventory_details_Screen.delete_Location is PASSED

2021-10-06 19:33:06 - [TEST_STEP][PASSED] - ios_common_keywords.Go_Back.Custom(): ios_common_keywords.Go_Back.Custom is PASSED

2021-10-06 19:33:09 - [MESSAGE][WARNING] - Element 'Object Repository/iOS/Product_Search/Progress_Bar' not found
[[ATTACHMENT|/Users/sahil.vidaysingh/Katalon Studio/testing/Reports/20211006_192250/sanity_iOS/20211006_192250/1633528988594.png]]

2021-10-06 19:33:14 - [MESSAGE][WARNING] - Element 'Object Repository/iOS/Product_Search/Back_Text' not found
[[ATTACHMENT|/Users/sahil.vidaysingh/Katalon Studio/testing/Reports/20211006_192250/sanity_iOS/20211006_192250/1633528994131.png]]

2021-10-06 19:33:15 - [MESSAGE][PASSED] - Tapped on element 'Object Repository/iOS/Inventory/Location Details_Screen/Add Product to Location/Back Button_Text'

2021-10-06 19:33:18 - [MESSAGE][WARNING] - Element 'Object Repository/iOS/Product_Search/Progress_Bar' not found
[[ATTACHMENT|/Users/sahil.vidaysingh/Katalon Studio/testing/Reports/20211006_192250/sanity_iOS/20211006_192250/1633528998309.png]]

2021-10-06 19:33:18 - [MESSAGE][PASSED] - ios_common_keywords.Go_Back.Custom is PASSED

2021-10-06 19:33:18 - [TEST_STEP][PASSED] - ios_inventory.Inventory_listing_Screen.verify_Inventory_Listing_Screen(): ios_inventory.Inventory_listing_Screen.verify_Inventory_Listing_Screen is PASSED

2021-10-06 19:33:18 - [MESSAGE][WARNING] - Timeout '0' is invalid. Using default page load timeout: '30'

2021-10-06 19:33:19 - [MESSAGE][PASSED] - Element 'Object Repository/iOS/Inventory/Inventory Listing Screen/Verification Details/Lets get started with your inventory_Text' is exist

2021-10-06 19:33:19 - [MESSAGE][WARNING] - Timeout '0' is invalid. Using default page load timeout: '30'

2021-10-06 19:33:20 - [MESSAGE][PASSED] - Element 'Object Repository/iOS/Inventory/Inventory Details Screen/Verification Details/Inventory Header_Label' is exist

2021-10-06 19:33:20 - [MESSAGE][PASSED] - ios_inventory.Inventory_listing_Screen.verify_Inventory_Listing_Screen is PASSED

2021-10-06 19:33:20 - [TEST_STEP][PASSED] - ios_inventory.Inventory_listing_Screen.delete_Inventory(Inventory_Name): ios_inventory.Inventory_listing_Screen.delete_Inventory is PASSED

2021-10-06 19:33:22 - [MESSAGE][WARNING] - Element 'Object Repository/iOS/Product_Search/Progress_Bar' not found
[[ATTACHMENT|/Users/sahil.vidaysingh/Katalon Studio/testing/Reports/20211006_192250/sanity_iOS/20211006_192250/1633529002690.png]]

2021-10-06 19:33:22 - [MESSAGE][WARNING] - Timeout '0' is invalid. Using default page load timeout: '30'

2021-10-06 19:33:24 - [MESSAGE][PASSED] - Tapped on element 'Object Repository/iOS/Inventory/Inventory Listing Screen/Delete Inventory/Slide_PopUpButton For Inventory Deletion'

2021-10-06 19:33:24 - [MESSAGE][WARNING] - Timeout '0' is invalid. Using default page load timeout: '30'

2021-10-06 19:33:26 - [MESSAGE][PASSED] - Tapped on element 'Object Repository/iOS/Inventory/Inventory Listing Screen/Delete Inventory/Delete Inventory_Text'

2021-10-06 19:33:26 - [MESSAGE][WARNING] - Timeout '0' is invalid. Using default page load timeout: '30'

2021-10-06 19:33:28 - [MESSAGE][PASSED] - Tapped on element 'Object Repository/iOS/Inventory/Inventory Listing Screen/Delete Inventory/Yes for Deletion_Text'

2021-10-06 19:33:30 - [MESSAGE][PASSED] - Element 'Object Repository/iOS/Product_Search/Progress_Bar' is exist

2021-10-06 19:33:31 - [MESSAGE][PASSED] - Delayed 1 second(s)

2021-10-06 19:33:31 - [MESSAGE][PASSED] - Element 'Object Repository/iOS/Product_Search/Progress_Bar' is exist

2021-10-06 19:33:32 - [MESSAGE][PASSED] - Delayed 1 second(s)

2021-10-06 19:33:34 - [MESSAGE][WARNING] - Element 'Object Repository/iOS/Product_Search/Progress_Bar' not found
[[ATTACHMENT|/Users/sahil.vidaysingh/Katalon Studio/testing/Reports/20211006_192250/sanity_iOS/20211006_192250/1633529014487.png]]

2021-10-06 19:33:34 - [MESSAGE][WARNING] - Timeout '0' is invalid. Using default page load timeout: '30'

2021-10-06 19:34:05 - [MESSAGE][PASSED] - Element 'Object Repository/iOS/Inventory/Inventory Details Screen/Open Inventory Details/Open Inventory_Text' not found

2021-10-06 19:34:05 - [MESSAGE][PASSED] - ios_inventory.Inventory_listing_Screen.delete_Inventory is PASSED]]></system-out>
         <system-err><![CDATA[]]></system-err>
      </testcase>
      <testcase name="Test Cases/iOS/Inventory/Delete Location And Inventory after Adding Product" time="286.038" classname="Test Cases/iOS/Inventory/Delete Location And Inventory after Adding Product" status="PASSED">
         <system-out><![CDATA[2021-10-06 19:34:05 - [TEST_CASE][PASSED] - Test Cases/iOS/Inventory/Delete Location And Inventory after Adding Product: Test Cases/iOS/Inventory/Delete Location And Inventory after Adding Product

2021-10-06 19:34:05 - [TEST_STEP][PASSED] - ios_common_keywords.Start_Application.custom(): ios_common_keywords.Start_Application.custom is PASSED

2021-10-06 19:35:15 - [MESSAGE][PASSED] - Started app at: '/Users/sahil.vidaysingh/Downloads/Hatch 3.app'

2021-10-06 19:35:15 - [MESSAGE][PASSED] - ios_common_keywords.Start_Application.custom is PASSED

2021-10-06 19:35:15 - [TEST_STEP][PASSED] - ios_login.Login_Screen.login(Password): ios_login.Login_Screen.login is PASSED

2021-10-06 19:35:15 - [MESSAGE][PASSED] - Element 'Object Repository/iOS/LogIn/Environment_Selection_Screen/Environment Selection_Text' is exist

2021-10-06 19:35:15 - [MESSAGE][WARNING] - Timeout '0' is invalid. Using default page load timeout: '30'

2021-10-06 19:35:16 - [MESSAGE][PASSED] - Tapped on element 'Object Repository/iOS/LogIn/Environment_Selection_Screen/Environment Selection_Text'

2021-10-06 19:35:16 - [MESSAGE][WARNING] - Timeout '0' is invalid. Using default page load timeout: '30'

2021-10-06 19:35:17 - [MESSAGE][PASSED] - Tapped on element 'Object Repository/iOS/LogIn/Environment_Selection_Screen/Environment_Button'

2021-10-06 19:35:18 - [MESSAGE][WARNING] - Timeout '0' is invalid. Using default page load timeout: '30'

2021-10-06 19:35:18 - [MESSAGE][PASSED] - Tapped on element 'Object Repository/iOS/LogIn/Login_Details_Screen/Login UserName_Button'

2021-10-06 19:35:18 - [MESSAGE][WARNING] - Timeout '0' is invalid. Using default page load timeout: '30'

2021-10-06 19:35:20 - [MESSAGE][PASSED] - Text 'auto_ws_acute' has been set to element 'Object Repository/iOS/LogIn/Login_Details_Screen/UserName_Text_Field'

2021-10-06 19:35:20 - [MESSAGE][WARNING] - Timeout '0' is invalid. Using default page load timeout: '30'

2021-10-06 19:35:22 - [MESSAGE][PASSED] - Tapped on element 'Object Repository/iOS/LogIn/Login_Details_Screen/LoginBar-ButtonDown'

2021-10-06 19:35:22 - [MESSAGE][WARNING] - Timeout '0' is invalid. Using default page load timeout: '30'

2021-10-06 19:35:23 - [MESSAGE][PASSED] - Tapped on element 'Object Repository/iOS/LogIn/Login_Details_Screen/Password-Button'

2021-10-06 19:35:23 - [MESSAGE][WARNING] - Timeout '0' is invalid. Using default page load timeout: '30'

2021-10-06 19:35:24 - [MESSAGE][PASSED] - Text 'Cardinal1' has been set to element 'Object Repository/iOS/LogIn/Login_Details_Screen/Password-Secure_Text_Field'

2021-10-06 19:35:24 - [MESSAGE][WARNING] - Timeout '0' is invalid. Using default page load timeout: '30'

2021-10-06 19:35:25 - [MESSAGE][PASSED] - Tapped on element 'Object Repository/iOS/LogIn/Login_Details_Screen/SignIn_Button'

2021-10-06 19:35:25 - [MESSAGE][PASSED] - ios_login.Login_Screen.login is PASSED

2021-10-06 19:35:25 - [TEST_STEP][PASSED] - ios_account_selection.Select_An_Account.Custom(Account): ios_account_selection.Select_An_Account.Custom is PASSED

2021-10-06 19:35:28 - [MESSAGE][PASSED] - Element 'Object Repository/iOS/Product_Search/Progress_Bar' is exist

2021-10-06 19:35:29 - [MESSAGE][PASSED] - Delayed 1 second(s)

2021-10-06 19:35:30 - [MESSAGE][PASSED] - Element 'Object Repository/iOS/Product_Search/Progress_Bar' is exist

2021-10-06 19:35:31 - [MESSAGE][PASSED] - Delayed 1 second(s)

2021-10-06 19:35:31 - [MESSAGE][PASSED] - Element 'Object Repository/iOS/Product_Search/Progress_Bar' is exist

2021-10-06 19:35:32 - [MESSAGE][PASSED] - Delayed 1 second(s)

2021-10-06 19:35:33 - [MESSAGE][PASSED] - Element 'Object Repository/iOS/Product_Search/Progress_Bar' is exist

2021-10-06 19:35:34 - [MESSAGE][PASSED] - Delayed 1 second(s)

2021-10-06 19:35:34 - [MESSAGE][PASSED] - Element 'Object Repository/iOS/Product_Search/Progress_Bar' is exist

2021-10-06 19:35:35 - [MESSAGE][PASSED] - Delayed 1 second(s)

2021-10-06 19:35:36 - [MESSAGE][PASSED] - Element 'Object Repository/iOS/Product_Search/Progress_Bar' is exist

2021-10-06 19:35:37 - [MESSAGE][PASSED] - Delayed 1 second(s)

2021-10-06 19:35:37 - [MESSAGE][PASSED] - Element 'Object Repository/iOS/Product_Search/Progress_Bar' is exist

2021-10-06 19:35:38 - [MESSAGE][PASSED] - Delayed 1 second(s)

2021-10-06 19:35:39 - [MESSAGE][PASSED] - Element 'Object Repository/iOS/Product_Search/Progress_Bar' is exist

2021-10-06 19:35:40 - [MESSAGE][PASSED] - Delayed 1 second(s)

2021-10-06 19:35:41 - [MESSAGE][PASSED] - Element 'Object Repository/iOS/Product_Search/Progress_Bar' is exist

2021-10-06 19:35:42 - [MESSAGE][PASSED] - Delayed 1 second(s)

2021-10-06 19:35:43 - [MESSAGE][PASSED] - Element 'Object Repository/iOS/Product_Search/Progress_Bar' is exist

2021-10-06 19:35:44 - [MESSAGE][PASSED] - Delayed 1 second(s)

2021-10-06 19:35:45 - [MESSAGE][WARNING] - Element 'Object Repository/iOS/Product_Search/Progress_Bar' not found
[[ATTACHMENT|/Users/sahil.vidaysingh/Katalon Studio/testing/Reports/20211006_192250/sanity_iOS/20211006_192250/1633529145472.png]]

2021-10-06 19:35:45 - [MESSAGE][WARNING] - Timeout '0' is invalid. Using default page load timeout: '30'

2021-10-06 19:35:46 - [MESSAGE][PASSED] - Element 'Object Repository/iOS/Account_Selection/You must select an account to continue_Text' is present

2021-10-06 19:35:47 - [MESSAGE][PASSED] - Scrolling to text '11-487698' successfully

2021-10-06 19:35:47 - [MESSAGE][WARNING] - Timeout '0' is invalid. Using default page load timeout: '30'

2021-10-06 19:35:49 - [MESSAGE][PASSED] - Tapped on element 'Object Repository/iOS/Account_Selection/AccountNo_Text'

2021-10-06 19:35:50 - [MESSAGE][WARNING] - Element 'Object Repository/iOS/Product_Search/Progress_Bar' not found
[[ATTACHMENT|/Users/sahil.vidaysingh/Katalon Studio/testing/Reports/20211006_192250/sanity_iOS/20211006_192250/1633529150618.png]]

2021-10-06 19:35:50 - [MESSAGE][PASSED] - ios_account_selection.Select_An_Account.Custom is PASSED

2021-10-06 19:35:50 - [TEST_STEP][PASSED] - ios_dashboard.dashboard_details.click_On_More_Options(): ios_dashboard.dashboard_details.click_On_More_Options is PASSED

2021-10-06 19:35:50 - [MESSAGE][WARNING] - Timeout '0' is invalid. Using default page load timeout: '30'

2021-10-06 19:35:52 - [MESSAGE][PASSED] - Tapped on element 'Object Repository/iOS/Dashboard/More Options_Tab'

2021-10-06 19:35:52 - [MESSAGE][PASSED] - ios_dashboard.dashboard_details.click_On_More_Options is PASSED

2021-10-06 19:35:52 - [TEST_STEP][PASSED] - ios_more_options_screen.Go_To_Inventory_Listing_Screen.Custom(): ios_more_options_screen.Go_To_Inventory_Listing_Screen.Custom is PASSED

2021-10-06 19:35:56 - [MESSAGE][WARNING] - Element 'Object Repository/iOS/Product_Search/Progress_Bar' not found
[[ATTACHMENT|/Users/sahil.vidaysingh/Katalon Studio/testing/Reports/20211006_192250/sanity_iOS/20211006_192250/1633529156524.png]]

2021-10-06 19:35:56 - [MESSAGE][WARNING] - Timeout '0' is invalid. Using default page load timeout: '30'

2021-10-06 19:35:58 - [MESSAGE][PASSED] - Tapped on element 'Object Repository/iOS/More Options Screen/Inventory Selection Under MoreOptions_Text'

2021-10-06 19:35:59 - [MESSAGE][PASSED] - Element 'Object Repository/iOS/Product_Search/Progress_Bar' is exist

2021-10-06 19:36:03 - [MESSAGE][PASSED] - Delayed 4 second(s)

2021-10-06 19:36:08 - [MESSAGE][WARNING] - Element 'Object Repository/iOS/Product_Search/Progress_Bar' not found
[[ATTACHMENT|/Users/sahil.vidaysingh/Katalon Studio/testing/Reports/20211006_192250/sanity_iOS/20211006_192250/1633529167622.png]]

2021-10-06 19:36:08 - [MESSAGE][PASSED] - ios_more_options_screen.Go_To_Inventory_Listing_Screen.Custom is PASSED

2021-10-06 19:36:08 - [TEST_STEP][PASSED] - ios_inventory.Inventory_listing_Screen.create_Inventory(Inventory_Name): ios_inventory.Inventory_listing_Screen.create_Inventory is PASSED

2021-10-06 19:36:08 - [MESSAGE][WARNING] - Timeout '0' is invalid. Using default page load timeout: '30'

2021-10-06 19:36:09 - [MESSAGE][PASSED] - Element 'Object Repository/iOS/Inventory/Inventory Listing Screen/Verification Details/Create_InventorySectionHeader' is exist

2021-10-06 19:36:09 - [MESSAGE][WARNING] - Timeout '0' is invalid. Using default page load timeout: '30'

2021-10-06 19:36:11 - [MESSAGE][PASSED] - Tapped on element 'Object Repository/iOS/Inventory/Inventory Listing Screen/Verification Details/Create_InventorySectionHeader'

2021-10-06 19:36:11 - [MESSAGE][WARNING] - Timeout '0' is invalid. Using default page load timeout: '30'

2021-10-06 19:36:12 - [MESSAGE][PASSED] - Tapped on element 'Object Repository/iOS/Inventory/Inventory Listing Screen/Verification Details/Inventory Name_Text'

2021-10-06 19:36:12 - [MESSAGE][WARNING] - Timeout '0' is invalid. Using default page load timeout: '30'

2021-10-06 19:36:13 - [MESSAGE][PASSED] - Text 'KatalonInvv' has been set to element 'Object Repository/iOS/Inventory/Inventory Listing Screen/Verification Details/InventoryName TextField'

2021-10-06 19:36:13 - [MESSAGE][WARNING] - Duration '0' is invalid. Using default duration.

2021-10-06 19:36:13 - [MESSAGE][WARNING] - Timeout '0' is invalid. Using default page load timeout: '30'

2021-10-06 19:36:15 - [MESSAGE][PASSED] - Tapped and held on element 'Object Repository/iOS/Inventory/Inventory Listing Screen/Create New Inventory_Screen/Return_Keypad_Button' with duration (default)

2021-10-06 19:36:15 - [MESSAGE][WARNING] - Timeout '0' is invalid. Using default page load timeout: '30'

2021-10-06 19:36:17 - [MESSAGE][PASSED] - Tapped on element 'Object Repository/iOS/Inventory/Inventory Listing Screen/Create New Inventory_Screen/Create Inventory_Text'

2021-10-06 19:36:17 - [MESSAGE][PASSED] - Element 'Object Repository/iOS/Product_Search/Progress_Bar' is exist

2021-10-06 19:36:18 - [MESSAGE][PASSED] - Delayed 1 second(s)

2021-10-06 19:36:20 - [MESSAGE][WARNING] - Element 'Object Repository/iOS/Product_Search/Progress_Bar' not found
[[ATTACHMENT|/Users/sahil.vidaysingh/Katalon Studio/testing/Reports/20211006_192250/sanity_iOS/20211006_192250/1633529180028.png]]

2021-10-06 19:36:20 - [MESSAGE][PASSED] - ios_inventory.Inventory_listing_Screen.create_Inventory is PASSED

2021-10-06 19:36:20 - [TEST_STEP][PASSED] - ios_inventory.Inventory_details_Screen.add_Location(Location_Name, Cost_Type): ios_inventory.Inventory_details_Screen.add_Location is PASSED

2021-10-06 19:36:20 - [MESSAGE][WARNING] - Timeout '0' is invalid. Using default page load timeout: '30'

2021-10-06 19:36:21 - [MESSAGE][PASSED] - Tapped on element 'Object Repository/iOS/Inventory/Inventory Details Screen/Add Location/Add location_Text'

2021-10-06 19:36:21 - [MESSAGE][WARNING] - Timeout '0' is invalid. Using default page load timeout: '30'

2021-10-06 19:36:22 - [MESSAGE][PASSED] - Tapped on element 'Object Repository/iOS/Inventory/Inventory Details Screen/Add Location/LocationName_TextField'

2021-10-06 19:36:22 - [MESSAGE][WARNING] - Timeout '0' is invalid. Using default page load timeout: '30'

2021-10-06 19:36:23 - [MESSAGE][PASSED] - Text 'TANJIROU' has been set to element 'Object Repository/iOS/Inventory/Inventory Details Screen/Add Location/LocationName_TextField'

2021-10-06 19:36:23 - [MESSAGE][WARNING] - Timeout '0' is invalid. Using default page load timeout: '30'

2021-10-06 19:36:25 - [MESSAGE][PASSED] - Tapped on element 'Object Repository/iOS/Inventory/Inventory Details Screen/Add Location/Last Price_Button'

2021-10-06 19:36:25 - [MESSAGE][WARNING] - Timeout '0' is invalid. Using default page load timeout: '30'

2021-10-06 19:36:27 - [MESSAGE][PASSED] - Tapped on element 'Object Repository/iOS/Inventory/Inventory Details Screen/Add Location/Create New Location_Text'

2021-10-06 19:36:29 - [MESSAGE][WARNING] - Element 'Object Repository/iOS/Product_Search/Progress_Bar' not found
[[ATTACHMENT|/Users/sahil.vidaysingh/Katalon Studio/testing/Reports/20211006_192250/sanity_iOS/20211006_192250/1633529189271.png]]

2021-10-06 19:36:29 - [MESSAGE][WARNING] - Timeout '0' is invalid. Using default page load timeout: '30'

2021-10-06 19:36:30 - [MESSAGE][PASSED] - Element 'Object Repository/iOS/Inventory/Inventory Details Screen/Add Location/LocationName Verification_Text' is exist

2021-10-06 19:36:30 - [MESSAGE][PASSED] - ios_inventory.Inventory_details_Screen.add_Location is PASSED

2021-10-06 19:36:30 - [TEST_STEP][PASSED] - ios_inventory.Inventory_details_Screen.click_On_Location(Location_Name): ios_inventory.Inventory_details_Screen.click_On_Location is PASSED

2021-10-06 19:36:30 - [MESSAGE][WARNING] - Timeout '0' is invalid. Using default page load timeout: '30'

2021-10-06 19:36:31 - [MESSAGE][PASSED] - Tapped on element 'Object Repository/iOS/Inventory/Inventory Details Screen/Add Location/Tap On Location_Text'

2021-10-06 19:36:31 - [MESSAGE][PASSED] - ios_inventory.Inventory_details_Screen.click_On_Location is PASSED

2021-10-06 19:36:31 - [TEST_STEP][PASSED] - ios_inventory.Location_details_Screen.add_Product_to_Location(Location_Name, Product_Name): ios_inventory.Location_details_Screen.add_Product_to_Location is PASSED

2021-10-06 19:36:32 - [MESSAGE][PASSED] - Element 'Object Repository/iOS/Product_Search/Progress_Bar' is exist

2021-10-06 19:36:33 - [MESSAGE][PASSED] - Delayed 1 second(s)

2021-10-06 19:36:35 - [MESSAGE][WARNING] - Element 'Object Repository/iOS/Product_Search/Progress_Bar' not found
[[ATTACHMENT|/Users/sahil.vidaysingh/Katalon Studio/testing/Reports/20211006_192250/sanity_iOS/20211006_192250/1633529194912.png]]

2021-10-06 19:36:35 - [MESSAGE][WARNING] - Duration '0' is invalid. Using default duration.

2021-10-06 19:36:35 - [MESSAGE][WARNING] - Timeout '0' is invalid. Using default page load timeout: '30'

2021-10-06 19:36:36 - [MESSAGE][PASSED] - Tapped and held on element 'Object Repository/iOS/Inventory/Location Details_Screen/Add Product to Location/Product SearchField' with duration (default)

2021-10-06 19:36:38 - [MESSAGE][WARNING] - Element 'Object Repository/iOS/Product_Search/Progress_Bar' not found
[[ATTACHMENT|/Users/sahil.vidaysingh/Katalon Studio/testing/Reports/20211006_192250/sanity_iOS/20211006_192250/1633529197973.png]]

2021-10-06 19:36:38 - [MESSAGE][WARNING] - Timeout '0' is invalid. Using default page load timeout: '30'

2021-10-06 19:36:39 - [MESSAGE][PASSED] - Text 'tyl' has been set to element 'Object Repository/iOS/Inventory/Location Details_Screen/Add Product to Location/Product SearchField'

2021-10-06 19:36:39 - [MESSAGE][WARNING] - Duration '0' is invalid. Using default duration.

2021-10-06 19:36:39 - [MESSAGE][WARNING] - Timeout '0' is invalid. Using default page load timeout: '30'

2021-10-06 19:36:41 - [MESSAGE][PASSED] - Tapped and held on element 'Object Repository/iOS/Product_Search/Search Key_Button' with duration (default)

2021-10-06 19:36:42 - [MESSAGE][PASSED] - Element 'Object Repository/iOS/Product_Search/Progress_Bar' is exist

2021-10-06 19:36:43 - [MESSAGE][PASSED] - Delayed 1 second(s)

2021-10-06 19:36:43 - [MESSAGE][PASSED] - Element 'Object Repository/iOS/Product_Search/Progress_Bar' is exist

2021-10-06 19:36:44 - [MESSAGE][PASSED] - Delayed 1 second(s)

2021-10-06 19:36:45 - [MESSAGE][PASSED] - Element 'Object Repository/iOS/Product_Search/Progress_Bar' is exist

2021-10-06 19:36:46 - [MESSAGE][PASSED] - Delayed 1 second(s)

2021-10-06 19:36:55 - [MESSAGE][PASSED] - Element 'Object Repository/iOS/Product_Search/Progress_Bar' is exist

2021-10-06 19:36:56 - [MESSAGE][PASSED] - Delayed 1 second(s)

2021-10-06 19:37:02 - [MESSAGE][WARNING] - Element 'Object Repository/iOS/Product_Search/Progress_Bar' not found
[[ATTACHMENT|/Users/sahil.vidaysingh/Katalon Studio/testing/Reports/20211006_192250/sanity_iOS/20211006_192250/1633529222180.png]]

2021-10-06 19:37:02 - [MESSAGE][WARNING] - Timeout '0' is invalid. Using default page load timeout: '30'

2021-10-06 19:37:10 - [MESSAGE][PASSED] - Tapped on element 'Object Repository/iOS/Inventory/Location Details_Screen/Add Product to Location/Add Product to Location_Text'

2021-10-06 19:37:10 - [MESSAGE][WARNING] - Timeout '0' is invalid. Using default page load timeout: '30'

2021-10-06 19:37:18 - [MESSAGE][PASSED] - Tapped on element 'Object Repository/iOS/Inventory/Location Details_Screen/Add Product to Location/Continue Browsing After Adding Product_Text'

2021-10-06 19:37:18 - [MESSAGE][PASSED] - ios_inventory.Location_details_Screen.add_Product_to_Location is PASSED

2021-10-06 19:37:18 - [TEST_STEP][PASSED] - ios_common_keywords.Go_Back.Custom(): ios_common_keywords.Go_Back.Custom is PASSED

2021-10-06 19:37:24 - [MESSAGE][WARNING] - Element 'Object Repository/iOS/Product_Search/Progress_Bar' not found
[[ATTACHMENT|/Users/sahil.vidaysingh/Katalon Studio/testing/Reports/20211006_192250/sanity_iOS/20211006_192250/1633529243957.png]]

2021-10-06 19:37:32 - [MESSAGE][WARNING] - Element 'Object Repository/iOS/Product_Search/Back_Text' not found
[[ATTACHMENT|/Users/sahil.vidaysingh/Katalon Studio/testing/Reports/20211006_192250/sanity_iOS/20211006_192250/1633529251688.png]]

2021-10-06 19:37:38 - [MESSAGE][PASSED] - Tapped on element 'Object Repository/iOS/Inventory/Location Details_Screen/Add Product to Location/Back Button_Text'

2021-10-06 19:37:41 - [MESSAGE][WARNING] - Element 'Object Repository/iOS/Product_Search/Progress_Bar' not found
[[ATTACHMENT|/Users/sahil.vidaysingh/Katalon Studio/testing/Reports/20211006_192250/sanity_iOS/20211006_192250/1633529260586.png]]

2021-10-06 19:37:41 - [MESSAGE][PASSED] - ios_common_keywords.Go_Back.Custom is PASSED

2021-10-06 19:37:41 - [TEST_STEP][PASSED] - ios_common_keywords.Go_Back.Custom(): ios_common_keywords.Go_Back.Custom is PASSED

2021-10-06 19:37:44 - [MESSAGE][WARNING] - Element 'Object Repository/iOS/Product_Search/Progress_Bar' not found
[[ATTACHMENT|/Users/sahil.vidaysingh/Katalon Studio/testing/Reports/20211006_192250/sanity_iOS/20211006_192250/1633529264159.png]]

2021-10-06 19:37:48 - [MESSAGE][WARNING] - Element 'Object Repository/iOS/Product_Search/Back_Text' not found
[[ATTACHMENT|/Users/sahil.vidaysingh/Katalon Studio/testing/Reports/20211006_192250/sanity_iOS/20211006_192250/1633529268701.png]]

2021-10-06 19:37:49 - [MESSAGE][PASSED] - Tapped on element 'Object Repository/iOS/Inventory/Location Details_Screen/Add Product to Location/Back Button_Text'

2021-10-06 19:37:52 - [MESSAGE][WARNING] - Element 'Object Repository/iOS/Product_Search/Progress_Bar' not found
[[ATTACHMENT|/Users/sahil.vidaysingh/Katalon Studio/testing/Reports/20211006_192250/sanity_iOS/20211006_192250/1633529272255.png]]

2021-10-06 19:37:52 - [MESSAGE][PASSED] - ios_common_keywords.Go_Back.Custom is PASSED

2021-10-06 19:37:52 - [TEST_STEP][PASSED] - ios_inventory.Inventory_details_Screen.delete_Location(Location_Name): ios_inventory.Inventory_details_Screen.delete_Location is PASSED

2021-10-06 19:37:52 - [MESSAGE][WARNING] - Timeout '0' is invalid. Using default page load timeout: '30'

2021-10-06 19:37:54 - [MESSAGE][PASSED] - Tapped on element 'Object Repository/iOS/Inventory/Location Details_Screen/Delete_Location/Slide_PopUp_Button for Location Deletion'

2021-10-06 19:37:54 - [MESSAGE][WARNING] - Timeout '0' is invalid. Using default page load timeout: '30'

2021-10-06 19:37:55 - [MESSAGE][PASSED] - Tapped on element 'Object Repository/iOS/Inventory/Location Details_Screen/Delete_Location/Delete Location_Text'

2021-10-06 19:37:55 - [MESSAGE][WARNING] - Timeout '0' is invalid. Using default page load timeout: '30'

2021-10-06 19:37:57 - [MESSAGE][PASSED] - Tapped on element 'Object Repository/iOS/Inventory/Location Details_Screen/Delete_Location/Yes_Text'

2021-10-06 19:37:57 - [MESSAGE][WARNING] - Timeout '0' is invalid. Using default page load timeout: '30'

2021-10-06 19:37:58 - [MESSAGE][PASSED] - Element 'Object Repository/iOS/Inventory/Inventory Details Screen/Add Location/LocationName Verification_Text' is NOT visible

2021-10-06 19:37:58 - [MESSAGE][PASSED] - ios_inventory.Inventory_details_Screen.delete_Location is PASSED

2021-10-06 19:37:58 - [TEST_STEP][PASSED] - ios_common_keywords.Go_Back.Custom(): ios_common_keywords.Go_Back.Custom is PASSED

2021-10-06 19:38:00 - [MESSAGE][WARNING] - Element 'Object Repository/iOS/Product_Search/Progress_Bar' not found
[[ATTACHMENT|/Users/sahil.vidaysingh/Katalon Studio/testing/Reports/20211006_192250/sanity_iOS/20211006_192250/1633529280553.png]]

2021-10-06 19:38:04 - [MESSAGE][WARNING] - Element 'Object Repository/iOS/Product_Search/Back_Text' not found
[[ATTACHMENT|/Users/sahil.vidaysingh/Katalon Studio/testing/Reports/20211006_192250/sanity_iOS/20211006_192250/1633529284850.png]]

2021-10-06 19:38:06 - [MESSAGE][PASSED] - Tapped on element 'Object Repository/iOS/Inventory/Location Details_Screen/Add Product to Location/Back Button_Text'

2021-10-06 19:38:09 - [MESSAGE][WARNING] - Element 'Object Repository/iOS/Product_Search/Progress_Bar' not found
[[ATTACHMENT|/Users/sahil.vidaysingh/Katalon Studio/testing/Reports/20211006_192250/sanity_iOS/20211006_192250/1633529289259.png]]

2021-10-06 19:38:09 - [MESSAGE][PASSED] - ios_common_keywords.Go_Back.Custom is PASSED

2021-10-06 19:38:09 - [TEST_STEP][PASSED] - ios_inventory.Inventory_listing_Screen.delete_Inventory(Inventory_Name): ios_inventory.Inventory_listing_Screen.delete_Inventory is PASSED

2021-10-06 19:38:11 - [MESSAGE][WARNING] - Element 'Object Repository/iOS/Product_Search/Progress_Bar' not found
[[ATTACHMENT|/Users/sahil.vidaysingh/Katalon Studio/testing/Reports/20211006_192250/sanity_iOS/20211006_192250/1633529291296.png]]

2021-10-06 19:38:11 - [MESSAGE][WARNING] - Timeout '0' is invalid. Using default page load timeout: '30'

2021-10-06 19:38:12 - [MESSAGE][PASSED] - Tapped on element 'Object Repository/iOS/Inventory/Inventory Listing Screen/Delete Inventory/Slide_PopUpButton For Inventory Deletion'

2021-10-06 19:38:13 - [MESSAGE][WARNING] - Timeout '0' is invalid. Using default page load timeout: '30'

2021-10-06 19:38:14 - [MESSAGE][PASSED] - Tapped on element 'Object Repository/iOS/Inventory/Inventory Listing Screen/Delete Inventory/Delete Inventory_Text'

2021-10-06 19:38:14 - [MESSAGE][WARNING] - Timeout '0' is invalid. Using default page load timeout: '30'

2021-10-06 19:38:16 - [MESSAGE][PASSED] - Tapped on element 'Object Repository/iOS/Inventory/Inventory Listing Screen/Delete Inventory/Yes for Deletion_Text'

2021-10-06 19:38:18 - [MESSAGE][PASSED] - Element 'Object Repository/iOS/Product_Search/Progress_Bar' is exist

2021-10-06 19:38:19 - [MESSAGE][PASSED] - Delayed 1 second(s)

2021-10-06 19:38:21 - [MESSAGE][WARNING] - Element 'Object Repository/iOS/Product_Search/Progress_Bar' not found
[[ATTACHMENT|/Users/sahil.vidaysingh/Katalon Studio/testing/Reports/20211006_192250/sanity_iOS/20211006_192250/1633529300999.png]]

2021-10-06 19:38:21 - [MESSAGE][WARNING] - Timeout '0' is invalid. Using default page load timeout: '30'

2021-10-06 19:38:51 - [MESSAGE][PASSED] - Element 'Object Repository/iOS/Inventory/Inventory Details Screen/Open Inventory Details/Open Inventory_Text' not found

2021-10-06 19:38:51 - [MESSAGE][PASSED] - ios_inventory.Inventory_listing_Screen.delete_Inventory is PASSED]]></system-out>
         <system-err><![CDATA[]]></system-err>
      </testcase>
      <testcase name="Test Cases/iOS/Inventory/Adding Product In Inventory By Search Verification" time="387.204" classname="Test Cases/iOS/Inventory/Adding Product In Inventory By Search Verification" status="PASSED">
         <system-out><![CDATA[2021-10-06 19:38:51 - [TEST_CASE][PASSED] - Test Cases/iOS/Inventory/Adding Product In Inventory By Search Verification: Test Cases/iOS/Inventory/Adding Product In Inventory By Search Verification

2021-10-06 19:38:51 - [TEST_STEP][PASSED] - ios_common_keywords.Start_Application.custom(): ios_common_keywords.Start_Application.custom is PASSED

2021-10-06 19:40:00 - [MESSAGE][PASSED] - Started app at: '/Users/sahil.vidaysingh/Downloads/Hatch 3.app'

2021-10-06 19:40:00 - [MESSAGE][PASSED] - ios_common_keywords.Start_Application.custom is PASSED

2021-10-06 19:40:00 - [TEST_STEP][PASSED] - ios_login.Login_Screen.login(Password): ios_login.Login_Screen.login is PASSED

2021-10-06 19:40:00 - [MESSAGE][PASSED] - Element 'Object Repository/iOS/LogIn/Environment_Selection_Screen/Environment Selection_Text' is exist

2021-10-06 19:40:00 - [MESSAGE][WARNING] - Timeout '0' is invalid. Using default page load timeout: '30'

[...]

2021-10-06 20:27:44 - [MESSAGE][WARNING] - Timeout '0' is invalid. Using default page load timeout: '30'

2021-10-06 20:27:45 - [MESSAGE][PASSED] - Text 'Cardinal1' has been set to element 'Object Repository/iOS/LogIn/Login_Details_Screen/Password-Secure_Text_Field'

2021-10-06 20:27:45 - [MESSAGE][WARNING] - Timeout '0' is invalid. Using default page load timeout: '30'

2021-10-06 20:27:47 - [MESSAGE][PASSED] - Tapped on element 'Object Repository/iOS/LogIn/Login_Details_Screen/SignIn_Button'

2021-10-06 20:27:47 - [MESSAGE][PASSED] - ios_login.Login_Screen.login is PASSED

2021-10-06 20:27:47 - [TEST_STEP][PASSED] - ios_account_selection.Select_An_Account.Custom(account): ios_account_selection.Select_An_Account.Custom is PASSED

2021-10-06 20:27:47 - [MESSAGE][PASSED] - Element 'Object Repository/iOS/Product_Search/Progress_Bar' is exist

2021-10-06 20:27:48 - [MESSAGE][PASSED] - Delayed 1 second(s)

2021-10-06 20:27:49 - [MESSAGE][PASSED] - Element 'Object Repository/iOS/Product_Search/Progress_Bar' is exist

2021-10-06 20:27:50 - [MESSAGE][PASSED] - Delayed 1 second(s)

2021-10-06 20:27:51 - [MESSAGE][PASSED] - Element 'Object Repository/iOS/Product_Search/Progress_Bar' is exist

2021-10-06 20:27:52 - [MESSAGE][PASSED] - Delayed 1 second(s)

2021-10-06 20:27:52 - [MESSAGE][PASSED] - Element 'Object Repository/iOS/Product_Search/Progress_Bar' is exist

2021-10-06 20:27:53 - [MESSAGE][PASSED] - Delayed 1 second(s)

2021-10-06 20:27:53 - [MESSAGE][PASSED] - Element 'Object Repository/iOS/Product_Search/Progress_Bar' is exist

2021-10-06 20:27:54 - [MESSAGE][PASSED] - Delayed 1 second(s)

2021-10-06 20:27:55 - [MESSAGE][PASSED] - Element 'Object Repository/iOS/Product_Search/Progress_Bar' is exist

2021-10-06 20:27:56 - [MESSAGE][PASSED] - Delayed 1 second(s)

2021-10-06 20:27:56 - [MESSAGE][PASSED] - Element 'Object Repository/iOS/Product_Search/Progress_Bar' is exist

2021-10-06 20:27:57 - [MESSAGE][PASSED] - Delayed 1 second(s)

2021-10-06 20:27:58 - [MESSAGE][PASSED] - Element 'Object Repository/iOS/Product_Search/Progress_Bar' is exist

2021-10-06 20:27:59 - [MESSAGE][PASSED] - Delayed 1 second(s)

2021-10-06 20:27:59 - [MESSAGE][PASSED] - Element 'Object Repository/iOS/Product_Search/Progress_Bar' is exist

2021-10-06 20:28:00 - [MESSAGE][PASSED] - Delayed 1 second(s)

2021-10-06 20:28:01 - [MESSAGE][PASSED] - Element 'Object Repository/iOS/Product_Search/Progress_Bar' is exist

2021-10-06 20:28:02 - [MESSAGE][PASSED] - Delayed 1 second(s)

2021-10-06 20:28:02 - [MESSAGE][PASSED] - Element 'Object Repository/iOS/Product_Search/Progress_Bar' is exist

2021-10-06 20:28:03 - [MESSAGE][PASSED] - Delayed 1 second(s)

2021-10-06 20:28:04 - [MESSAGE][WARNING] - Element 'Object Repository/iOS/Product_Search/Progress_Bar' not found
[[ATTACHMENT|/Users/sahil.vidaysingh/Katalon Studio/testing/Reports/20211006_192250/sanity_iOS/20211006_192250/1633532284628.png]]

2021-10-06 20:28:04 - [MESSAGE][WARNING] - Timeout '0' is invalid. Using default page load timeout: '30'

2021-10-06 20:28:05 - [MESSAGE][PASSED] - Element 'Object Repository/iOS/Account_Selection/You must select an account to continue_Text' is present

2021-10-06 20:28:06 - [MESSAGE][PASSED] - Scrolling to text '11-487698' successfully

2021-10-06 20:28:06 - [MESSAGE][WARNING] - Timeout '0' is invalid. Using default page load timeout: '30'

2021-10-06 20:28:07 - [MESSAGE][PASSED] - Tapped on element 'Object Repository/iOS/Account_Selection/AccountNo_Text'

2021-10-06 20:28:08 - [MESSAGE][WARNING] - Element 'Object Repository/iOS/Product_Search/Progress_Bar' not found
[[ATTACHMENT|/Users/sahil.vidaysingh/Katalon Studio/testing/Reports/20211006_192250/sanity_iOS/20211006_192250/1633532288132.png]]

2021-10-06 20:28:08 - [MESSAGE][PASSED] - ios_account_selection.Select_An_Account.Custom is PASSED

2021-10-06 20:28:08 - [TEST_STEP][PASSED] - ios_account_selection.Change_Account.Custom(new_account): ios_account_selection.Change_Account.Custom is PASSED

2021-10-06 20:28:08 - [MESSAGE][WARNING] - Timeout '0' is invalid. Using default page load timeout: '30'

2021-10-06 20:28:09 - [MESSAGE][PASSED] - Tapped on element 'Object Repository/iOS/Account_Selection/Change Account_Text'

2021-10-06 20:28:09 - [MESSAGE][WARNING] - Timeout '0' is invalid. Using default page load timeout: '30'

2021-10-06 20:28:10 - [MESSAGE][PASSED] - Tapped on element 'Object Repository/iOS/Account_Selection/Change_Account_Navigation'

2021-10-06 20:28:11 - [MESSAGE][PASSED] - Scrolling to text '11-487698' successfully

2021-10-06 20:28:11 - [MESSAGE][WARNING] - Timeout '0' is invalid. Using default page load timeout: '30'

2021-10-06 20:28:13 - [MESSAGE][PASSED] - Tapped on element 'Object Repository/iOS/Account_Selection/AccountNo_Text'

2021-10-06 20:28:13 - [MESSAGE][PASSED] - ios_account_selection.Change_Account.Custom is PASSED

2021-10-06 20:28:13 - [TEST_STEP][PASSED] - ios_dashboard.dashboard_details.click_On_Orders(): ios_dashboard.dashboard_details.click_On_Orders is PASSED

2021-10-06 20:28:13 - [MESSAGE][WARNING] - Timeout '0' is invalid. Using default page load timeout: '30'

2021-10-06 20:28:13 - [MESSAGE][PASSED] - Tapped on element 'Object Repository/iOS/Dashboard/Orders_Tab'

2021-10-06 20:28:13 - [MESSAGE][PASSED] - ios_dashboard.dashboard_details.click_On_Orders is PASSED

2021-10-06 20:28:13 - [TEST_STEP][PASSED] - ios_account_selection.Change_Account.Custom(new_account): ios_account_selection.Change_Account.Custom is PASSED

2021-10-06 20:28:14 - [MESSAGE][WARNING] - Timeout '0' is invalid. Using default page load timeout: '30'

2021-10-06 20:28:15 - [MESSAGE][PASSED] - Tapped on element 'Object Repository/iOS/Account_Selection/Change Account_Text'

2021-10-06 20:28:15 - [MESSAGE][WARNING] - Timeout '0' is invalid. Using default page load timeout: '30'

2021-10-06 20:28:15 - [MESSAGE][PASSED] - Tapped on element 'Object Repository/iOS/Account_Selection/Change_Account_Navigation'

2021-10-06 20:28:16 - [MESSAGE][PASSED] - Scrolling to text '11-487698' successfully

2021-10-06 20:28:16 - [MESSAGE][WARNING] - Timeout '0' is invalid. Using default page load timeout: '30'

2021-10-06 20:28:18 - [MESSAGE][PASSED] - Tapped on element 'Object Repository/iOS/Account_Selection/AccountNo_Text'

2021-10-06 20:28:18 - [MESSAGE][PASSED] - ios_account_selection.Change_Account.Custom is PASSED

2021-10-06 20:28:18 - [TEST_STEP][PASSED] - ios_dashboard.dashboard_details.click_On_More_Options(): ios_dashboard.dashboard_details.click_On_More_Options is PASSED

2021-10-06 20:28:18 - [MESSAGE][WARNING] - Timeout '0' is invalid. Using default page load timeout: '30'

2021-10-06 20:28:19 - [MESSAGE][PASSED] - Tapped on element 'Object Repository/iOS/Dashboard/More Options_Tab'

2021-10-06 20:28:19 - [MESSAGE][PASSED] - ios_dashboard.dashboard_details.click_On_More_Options is PASSED

2021-10-06 20:28:19 - [TEST_STEP][PASSED] - ios_more_options_screen.Go_To_Inventory_Listing_Screen.Custom(): ios_more_options_screen.Go_To_Inventory_Listing_Screen.Custom is PASSED

2021-10-06 20:28:23 - [MESSAGE][WARNING] - Element 'Object Repository/iOS/Product_Search/Progress_Bar' not found
[[ATTACHMENT|/Users/sahil.vidaysingh/Katalon Studio/testing/Reports/20211006_192250/sanity_iOS/20211006_192250/1633532303376.png]]

2021-10-06 20:28:23 - [MESSAGE][WARNING] - Timeout '0' is invalid. Using default page load timeout: '30'

2021-10-06 20:28:24 - [MESSAGE][PASSED] - Tapped on element 'Object Repository/iOS/More Options Screen/Inventory Selection Under MoreOptions_Text'

2021-10-06 20:28:25 - [MESSAGE][PASSED] - Element 'Object Repository/iOS/Product_Search/Progress_Bar' is exist

2021-10-06 20:28:29 - [MESSAGE][PASSED] - Delayed 4 second(s)

2021-10-06 20:28:34 - [MESSAGE][WARNING] - Element 'Object Repository/iOS/Product_Search/Progress_Bar' not found
[[ATTACHMENT|/Users/sahil.vidaysingh/Katalon Studio/testing/Reports/20211006_192250/sanity_iOS/20211006_192250/1633532313835.png]]

2021-10-06 20:28:34 - [MESSAGE][PASSED] - ios_more_options_screen.Go_To_Inventory_Listing_Screen.Custom is PASSED

2021-10-06 20:28:34 - [TEST_STEP][PASSED] - ios_account_selection.Change_Account.Custom(new_account): ios_account_selection.Change_Account.Custom is PASSED

2021-10-06 20:28:35 - [MESSAGE][WARNING] - Timeout '0' is invalid. Using default page load timeout: '30'

2021-10-06 20:28:36 - [MESSAGE][PASSED] - Tapped on element 'Object Repository/iOS/Account_Selection/Change Account_Text'

2021-10-06 20:28:36 - [MESSAGE][WARNING] - Timeout '0' is invalid. Using default page load timeout: '30'

2021-10-06 20:28:37 - [MESSAGE][PASSED] - Tapped on element 'Object Repository/iOS/Account_Selection/Change_Account_Navigation'

2021-10-06 20:28:38 - [MESSAGE][PASSED] - Scrolling to text '11-487698' successfully

2021-10-06 20:28:38 - [MESSAGE][WARNING] - Timeout '0' is invalid. Using default page load timeout: '30'

2021-10-06 20:28:39 - [MESSAGE][PASSED] - Tapped on element 'Object Repository/iOS/Account_Selection/AccountNo_Text'

2021-10-06 20:28:39 - [MESSAGE][PASSED] - ios_account_selection.Change_Account.Custom is PASSED]]></system-out>
         <system-err><![CDATA[]]></system-err>
      </testcase>
      <system-out><![CDATA[2021-10-06 19:22:56 - [TEST_SUITE][FAILED] - sanity_iOS: Test Cases/iOS/Carts/Place and Upload All Orders FAILED.
Reason:
com.kms.katalon.core.exception.StepFailedException: Failed to tap on element (Root cause: java.lang.IllegalArgumentException: Object is null
	at com.kms.katalon.core.helper.KeywordHelper.checkTestObjectParameter(KeywordHelper.java:33)
	at com.kms.katalon.core.mobile.keyword.builtin.TapKeyword$_tap_closure1.doCall(TapKeyword.groovy:74)
	at com.kms.katalon.core.mobile.keyword.builtin.TapKeyword$_tap_closure1.call(TapKeyword.groovy)
	at com.kms.katalon.core.mobile.keyword.internal.MobileKeywordMain.runKeyword(MobileKeywordMain.groovy:21)
	at com.kms.katalon.core.mobile.keyword.builtin.TapKeyword.tap(TapKeyword.groovy:86)
	at com.kms.katalon.core.mobile.keyword.builtin.TapKeyword.execute(TapKeyword.groovy:68)
	at com.kms.katalon.core.keyword.internal.KeywordExecutor.executeKeywordForPlatform(KeywordExecutor.groovy:73)
	at com.kms.katalon.core.mobile.keyword.MobileBuiltInKeywords.tap(MobileBuiltInKeywords.groovy:1354)
	at com.kms.katalon.core.mobile.keyword.MobileBuiltInKeywords$tap$3.call(Unknown Source)
	at ios_orders.Order_details_Screen.upload_Order(Order_details_Screen.groovy:55)
	at ios_orders.Order_details_Screen.invokeMethod(Order_details_Screen.groovy)
	at com.kms.katalon.core.main.CustomKeywordDelegatingMetaClass.invokeStaticMethod(CustomKeywordDelegatingMetaClass.java:50)
	at Place and Upload All Orders.run(Place and Upload All Orders:38)
	at com.kms.katalon.core.main.ScriptEngine.run(ScriptEngine.java:194)
	at com.kms.katalon.core.main.ScriptEngine.runScriptAsRawText(ScriptEngine.java:119)
	at com.kms.katalon.core.main.TestCaseExecutor.runScript(TestCaseExecutor.java:398)
	at com.kms.katalon.core.main.TestCaseExecutor.doExecute(TestCaseExecutor.java:389)
	at com.kms.katalon.core.main.TestCaseExecutor.processExecutionPhase(TestCaseExecutor.java:368)
	at com.kms.katalon.core.main.TestCaseExecutor.accessMainPhase(TestCaseExecutor.java:360)
	at com.kms.katalon.core.main.TestCaseExecutor.execute(TestCaseExecutor.java:255)
	at com.kms.katalon.core.main.TestSuiteExecutor.accessTestCaseMainPhase(TestSuiteExecutor.java:203)
	at com.kms.katalon.core.main.TestSuiteExecutor.accessTestSuiteMainPhase(TestSuiteExecutor.java:152)
	at com.kms.katalon.core.main.TestSuiteExecutor.execute(TestSuiteExecutor.java:95)
	at com.kms.katalon.core.main.TestCaseMain.startTestSuite(TestCaseMain.java:157)
	at com.kms.katalon.core.main.TestCaseMain$startTestSuite$0.call(Unknown Source)
	at TempTestSuite1633528370185.run(TempTestSuite1633528370185.groovy:39)
)
	at com.kms.katalon.core.keyword.internal.KeywordMain.stepFailed(KeywordMain.groovy:50)
	at com.kms.katalon.core.mobile.keyword.internal.MobileKeywordMain.stepFailed(MobileKeywordMain.groovy:40)
	at com.kms.katalon.core.mobile.keyword.internal.MobileKeywordMain.runKeyword(MobileKeywordMain.groovy:23)
	at com.kms.katalon.core.mobile.keyword.builtin.TapKeyword.tap(TapKeyword.groovy:86)
	at com.kms.katalon.core.mobile.keyword.builtin.TapKeyword.execute(TapKeyword.groovy:68)
	at com.kms.katalon.core.keyword.internal.KeywordExecutor.executeKeywordForPlatform(KeywordExecutor.groovy:73)
	at com.kms.katalon.core.mobile.keyword.MobileBuiltInKeywords.tap(MobileBuiltInKeywords.groovy:1354)
	at com.kms.katalon.core.mobile.keyword.MobileBuiltInKeywords$tap$3.call(Unknown Source)
	at ios_orders.Order_details_Screen.upload_Order(Order_details_Screen.groovy:55)
	at ios_orders.Order_details_Screen.invokeMethod(Order_details_Screen.groovy)
	at com.kms.katalon.core.main.CustomKeywordDelegatingMetaClass.invokeStaticMethod(CustomKeywordDelegatingMetaClass.java:50)
	at Place and Upload All Orders.run(Place and Upload All Orders:38)
	at com.kms.katalon.core.main.ScriptEngine.run(ScriptEngine.java:194)
	at com.kms.katalon.core.main.ScriptEngine.runScriptAsRawText(ScriptEngine.java:119)
	at com.kms.katalon.core.main.TestCaseExecutor.runScript(TestCaseExecutor.java:398)
	at com.kms.katalon.core.main.TestCaseExecutor.doExecute(TestCaseExecutor.java:389)
	at com.kms.katalon.core.main.TestCaseExecutor.processExecutionPhase(TestCaseExecutor.java:368)
	at com.kms.katalon.core.main.TestCaseExecutor.accessMainPhase(TestCaseExecutor.java:360)
	at com.kms.katalon.core.main.TestCaseExecutor.execute(TestCaseExecutor.java:255)
	at com.kms.katalon.core.main.TestSuiteExecutor.accessTestCaseMainPhase(TestSuiteExecutor.java:203)
	at com.kms.katalon.core.main.TestSuiteExecutor.accessTestSuiteMainPhase(TestSuiteExecutor.java:152)
	at com.kms.katalon.core.main.TestSuiteExecutor.execute(TestSuiteExecutor.java:95)
	at com.kms.katalon.core.main.TestCaseMain.startTestSuite(TestCaseMain.java:157)
	at com.kms.katalon.core.main.TestCaseMain$startTestSuite$0.call(Unknown Source)
	at TempTestSuite1633528370185.run(TempTestSuite1633528370185.groovy:39)
Caused by: java.lang.IllegalArgumentException: Object is null
	at com.kms.katalon.core.helper.KeywordHelper.checkTestObjectParameter(KeywordHelper.java:33)
	at com.kms.katalon.core.mobile.keyword.builtin.TapKeyword$_tap_closure1.doCall(TapKeyword.groovy:74)
	at com.kms.katalon.core.mobile.keyword.builtin.TapKeyword$_tap_closure1.call(TapKeyword.groovy)
	at com.kms.katalon.core.mobile.keyword.internal.MobileKeywordMain.runKeyword(MobileKeywordMain.groovy:21)
	... 22 more]]></system-out>
      <system-err><![CDATA[2021-10-06 19:22:56 - [TEST_SUITE][FAILED] - sanity_iOS: Test Cases/iOS/Carts/Place and Upload All Orders FAILED.
Reason:
com.kms.katalon.core.exception.StepFailedException: Failed to tap on element (Root cause: java.lang.IllegalArgumentException: Object is null
	at com.kms.katalon.core.helper.KeywordHelper.checkTestObjectParameter(KeywordHelper.java:33)
	at com.kms.katalon.core.mobile.keyword.builtin.TapKeyword$_tap_closure1.doCall(TapKeyword.groovy:74)
	at com.kms.katalon.core.mobile.keyword.builtin.TapKeyword$_tap_closure1.call(TapKeyword.groovy)
	at com.kms.katalon.core.mobile.keyword.internal.MobileKeywordMain.runKeyword(MobileKeywordMain.groovy:21)
	at com.kms.katalon.core.mobile.keyword.builtin.TapKeyword.tap(TapKeyword.groovy:86)
	at com.kms.katalon.core.mobile.keyword.builtin.TapKeyword.execute(TapKeyword.groovy:68)
	at com.kms.katalon.core.keyword.internal.KeywordExecutor.executeKeywordForPlatform(KeywordExecutor.groovy:73)
	at com.kms.katalon.core.mobile.keyword.MobileBuiltInKeywords.tap(MobileBuiltInKeywords.groovy:1354)
	at com.kms.katalon.core.mobile.keyword.MobileBuiltInKeywords$tap$3.call(Unknown Source)
	at ios_orders.Order_details_Screen.upload_Order(Order_details_Screen.groovy:55)
	at ios_orders.Order_details_Screen.invokeMethod(Order_details_Screen.groovy)
	at com.kms.katalon.core.main.CustomKeywordDelegatingMetaClass.invokeStaticMethod(CustomKeywordDelegatingMetaClass.java:50)
	at Place and Upload All Orders.run(Place and Upload All Orders:38)
	at com.kms.katalon.core.main.ScriptEngine.run(ScriptEngine.java:194)
	at com.kms.katalon.core.main.ScriptEngine.runScriptAsRawText(ScriptEngine.java:119)
	at com.kms.katalon.core.main.TestCaseExecutor.runScript(TestCaseExecutor.java:398)
	at com.kms.katalon.core.main.TestCaseExecutor.doExecute(TestCaseExecutor.java:389)
	at com.kms.katalon.core.main.TestCaseExecutor.processExecutionPhase(TestCaseExecutor.java:368)
	at com.kms.katalon.core.main.TestCaseExecutor.accessMainPhase(TestCaseExecutor.java:360)
	at com.kms.katalon.core.main.TestCaseExecutor.execute(TestCaseExecutor.java:255)
	at com.kms.katalon.core.main.TestSuiteExecutor.accessTestCaseMainPhase(TestSuiteExecutor.java:203)
	at com.kms.katalon.core.main.TestSuiteExecutor.accessTestSuiteMainPhase(TestSuiteExecutor.java:152)
	at com.kms.katalon.core.main.TestSuiteExecutor.execute(TestSuiteExecutor.java:95)
	at com.kms.katalon.core.main.TestCaseMain.startTestSuite(TestCaseMain.java:157)
	at com.kms.katalon.core.main.TestCaseMain$startTestSuite$0.call(Unknown Source)
	at TempTestSuite1633528370185.run(TempTestSuite1633528370185.groovy:39)
)
	at com.kms.katalon.core.keyword.internal.KeywordMain.stepFailed(KeywordMain.groovy:50)
	at com.kms.katalon.core.mobile.keyword.internal.MobileKeywordMain.stepFailed(MobileKeywordMain.groovy:40)
	at com.kms.katalon.core.mobile.keyword.internal.MobileKeywordMain.runKeyword(MobileKeywordMain.groovy:23)
	at com.kms.katalon.core.mobile.keyword.builtin.TapKeyword.tap(TapKeyword.groovy:86)
	at com.kms.katalon.core.mobile.keyword.builtin.TapKeyword.execute(TapKeyword.groovy:68)
	at com.kms.katalon.core.keyword.internal.KeywordExecutor.executeKeywordForPlatform(KeywordExecutor.groovy:73)
	at com.kms.katalon.core.mobile.keyword.MobileBuiltInKeywords.tap(MobileBuiltInKeywords.groovy:1354)
	at com.kms.katalon.core.mobile.keyword.MobileBuiltInKeywords$tap$3.call(Unknown Source)
	at ios_orders.Order_details_Screen.upload_Order(Order_details_Screen.groovy:55)
	at ios_orders.Order_details_Screen.invokeMethod(Order_details_Screen.groovy)
	at com.kms.katalon.core.main.CustomKeywordDelegatingMetaClass.invokeStaticMethod(CustomKeywordDelegatingMetaClass.java:50)
	at Place and Upload All Orders.run(Place and Upload All Orders:38)
	at com.kms.katalon.core.main.ScriptEngine.run(ScriptEngine.java:194)
	at com.kms.katalon.core.main.ScriptEngine.runScriptAsRawText(ScriptEngine.java:119)
	at com.kms.katalon.core.main.TestCaseExecutor.runScript(TestCaseExecutor.java:398)
	at com.kms.katalon.core.main.TestCaseExecutor.doExecute(TestCaseExecutor.java:389)
	at com.kms.katalon.core.main.TestCaseExecutor.processExecutionPhase(TestCaseExecutor.java:368)
	at com.kms.katalon.core.main.TestCaseExecutor.accessMainPhase(TestCaseExecutor.java:360)
	at com.kms.katalon.core.main.TestCaseExecutor.execute(TestCaseExecutor.java:255)
	at com.kms.katalon.core.main.TestSuiteExecutor.accessTestCaseMainPhase(TestSuiteExecutor.java:203)
	at com.kms.katalon.core.main.TestSuiteExecutor.accessTestSuiteMainPhase(TestSuiteExecutor.java:152)
	at com.kms.katalon.core.main.TestSuiteExecutor.execute(TestSuiteExecutor.java:95)
	at com.kms.katalon.core.main.TestCaseMain.startTestSuite(TestCaseMain.java:157)
	at com.kms.katalon.core.main.TestCaseMain$startTestSuite$0.call(Unknown Source)
	at TempTestSuite1633528370185.run(TempTestSuite1633528370185.groovy:39)
Caused by: java.lang.IllegalArgumentException: Object is null
	at com.kms.katalon.core.helper.KeywordHelper.checkTestObjectParameter(KeywordHelper.java:33)
	at com.kms.katalon.core.mobile.keyword.builtin.TapKeyword$_tap_closure1.doCall(TapKeyword.groovy:74)
	at com.kms.katalon.core.mobile.keyword.builtin.TapKeyword$_tap_closure1.call(TapKeyword.groovy)
	at com.kms.katalon.core.mobile.keyword.internal.MobileKeywordMain.runKeyword(MobileKeywordMain.groovy:21)
	... 22 more]]></system-err>
   </testsuite>
</testsuites>
